TN:
SF:/home/runner/work/pcb2gcode/pcb2gcode/autoleveller.cpp
FN:52,_Z13silent_formatRKNSt7__cxx1112basic_stringIcSt11char_traitsIcESaIcEEE
FN:105,_Z15computeWorkareaRKSt6vectorISt4pairIdS_ISt10shared_ptrIS_IS0_IddESaIS2_EEESaIS5_EEESaIS8_EE
FN:350,_ZL5floorRKSt4pairIddE
FN:354,_Z17partition_segmentRKSt4pairIddES2_S2_S2_
FN:413,_GLOBAL__sub_I__ZN12autoleveller13callSubRepeatB5cxx11E
FNDA:4460,_ZN12autoleveller16interpolatePointB5cxx11ESt4pairIddE
FNDA:6707,_ZL5floorRKSt4pairIddE
FNDA:6319,_ZN12autoleveller13addChainPointB5cxx11ESt4pairIddE
FNDA:6325,_Z17partition_segmentRKSt4pairIddES2_S2_S2_
FNDA:64,_GLOBAL__sub_I__ZN12autoleveller13callSubRepeatB5cxx11E
FNDA:64,__tcf_2
FNDA:5,_Z15computeWorkareaRKSt6vectorISt4pairIdS_ISt10shared_ptrIS_IS0_IddESaIS2_EEESaIS5_EEESaIS8_EE
FNDA:5,_ZN12autolevellerC2ERKN5boost15program_options13variables_mapEP11uniqueCodesS6_ddN6Tiling8TileInfoE
FNDA:64,__tcf_3
FNDA:64,__tcf_0
FNDA:64,__tcf_1
FNDA:135,_ZN12autoleveller12g01CorrectedB5cxx11ESt4pairIddE
FNDA:5,_ZN12autoleveller10footerNoIfERSt14basic_ofstreamIcSt11char_traitsIcEE
FNDA:5,_ZN12autoleveller6headerERSt14basic_ofstreamIcSt11char_traitsIcEE
FNDA:64,_Z41__static_initialization_and_destruction_0ii
FNDA:18059,_ZN12autoleveller10getVarNameB5cxx11Eii
FNDA:5,_ZN12autoleveller15prepareWorkareaERKSt6vectorISt4pairIdS0_ISt10shared_ptrIS0_IS1_IddESaIS3_EEESaIS6_EEESaIS9_EE
FNDA:0,_Z13silent_formatRKNSt7__cxx1112basic_stringIcSt11char_traitsIcESaIcEEE
FNF:18
FNH:17
DA:43,192
DA:46,384
DA:48,576
DA:49,576
DA:50,576
DA:52,0
DA:54,2348
DA:55,2348
DA:56,0
DA:59,5
DA:61,5
DA:62,25
DA:63,25
DA:64,25
DA:65,20
DA:66,35
DA:67,20
DA:68,30
DA:69,25
DA:70,40
DA:71,40
DA:72,40
DA:73,35
DA:74,30
DA:75,20
DA:76,20
DA:77,25
DA:80,5
DA:81,5
DA:82,5
DA:91,5
DA:92,5
DA:93,245
DA:95,10
DA:96,10
DA:97,25
DA:98,5
DA:100,18059
DA:102,54177
DA:105,5
DA:108,26
DA:109,84
DA:110,60
DA:111,180
DA:115,5
DA:118,5
DA:123,5
DA:124,15
DA:125,15
DA:126,15
DA:127,15
DA:129,20
DA:130,5
DA:131,20
DA:132,5
DA:134,10
DA:135,10
DA:137,5
DA:138,10
DA:140,5
DA:141,10
DA:143,5
DA:144,5
DA:145,5
DA:147,15
DA:148,0
DA:149,0
DA:152,5
DA:154,5
DA:156,5
DA:161,5
DA:163,5
DA:164,3
DA:166,5
DA:168,15
DA:169,15
DA:173,0
DA:174,0
DA:176,15
DA:177,15
DA:178,25
DA:179,15
DA:180,5
DA:181,3
DA:182,5
DA:183,30
DA:184,5
DA:185,5
DA:186,10
DA:187,10
DA:188,5
DA:190,15
DA:191,15
DA:192,25
DA:193,10
DA:195,5
DA:197,9
DA:198,9
DA:199,9
DA:200,15
DA:201,18
DA:205,70
DA:209,34
DA:211,18
DA:212,18
DA:213,18
DA:216,16
DA:217,16
DA:218,16
DA:220,34
DA:221,2
DA:223,472
DA:224,876
DA:225,1314
DA:226,1533
DA:227,1314
DA:232,10
DA:233,15
DA:234,5
DA:235,3
DA:236,5
DA:237,15
DA:238,5
DA:239,6
DA:240,10
DA:241,5
DA:243,5
DA:245,5
DA:246,5
DA:247,10
DA:248,10
DA:250,5
DA:252,6
DA:253,3
DA:255,9
DA:256,9
DA:260,0
DA:261,0
DA:263,18
DA:264,18
DA:265,9
DA:266,9
DA:267,9
DA:268,9
DA:269,24
DA:271,24
DA:273,3
DA:274,3
DA:275,3
DA:276,18
DA:277,18
DA:278,6
DA:279,6
DA:280,9
DA:281,21
DA:282,18
DA:283,21
DA:284,15
DA:285,3
DA:286,15
DA:287,21
DA:288,18
DA:289,6
DA:290,6
DA:291,27
DA:292,18
DA:293,15
DA:294,27
DA:295,15
DA:296,18
DA:297,3
DA:299,5
DA:303,17840
DA:306,4460
DA:313,4460
DA:314,8920
DA:316,4460
DA:317,8920
DA:319,4460
DA:320,4460
DA:322,8920
DA:323,13380
DA:324,13380
DA:325,13380
DA:326,13380
DA:327,17840
DA:331,120726
DA:335,134140
DA:339,53656
DA:343,67070
DA:347,13414
DA:350,6707
DA:351,13414
DA:354,6325
DA:356,6325
DA:357,408
DA:359,6189
DA:360,0
DA:361,19603
DA:362,20121
DA:363,6707
DA:365,13414
DA:366,6707
DA:367,40242
DA:368,107312
DA:369,80484
DA:370,26828
DA:372,266
DA:374,26828
DA:376,263
DA:379,6707
DA:381,6189
DA:382,6189
DA:385,6319
DA:387,6319
DA:388,12638
DA:389,6319
DA:391,31595
DA:393,6319
DA:394,17639
DA:395,18304
DA:397,33930
DA:398,13110
DA:399,26220
DA:403,12638
DA:404,6319
DA:407,135
DA:409,135
DA:410,270
DA:412,540
DA:413,192
LF:231
LH:222
end_of_record
TN:
SF:/home/runner/work/pcb2gcode/pcb2gcode/autoleveller.hpp
FN:41,_ZN12autolevellerD2Ev
FN:41,_ZN12autolevellerC2ERKS_
FNDA:5,_ZN12autolevellerC2ERKS_
FNDA:10,_ZN12autolevellerD2Ev
FNF:2
FNH:2
DA:41,295
DA:75,270
DA:81,5
DA:87,5
DA:94,5
DA:95,2
LF:6
LH:6
end_of_record
TN:
SF:/home/runner/work/pcb2gcode/pcb2gcode/available_drills.hpp
FN:8,_ZN14AvailableDrillaSEOS_
FN:8,_ZN14AvailableDrillaSERKS_
FN:15,_ZNK14AvailableDrilleqERKS_
FN:23,_ZNK14AvailableDrill5writeERSo
FN:60,_ZNK14AvailableDrill10differenceE4UnitIN5boost5units4unitINS2_4listINS2_3dimINS2_21length_base_dimensionENS2_15static_rationalILl1ELl1EEEEENS2_18dimensionless_typeEEENS2_18homogeneous_systemINS4_INS2_2si15meter_base_unitENS4_INS2_16scaled_base_unitINS2_3cgs14gram_base_unitENS2_5scaleILl10ENS7_ILl3ELl1EEEEEEENS4_INSD_16second_base_unitENS4_INSD_16ampere_base_unitENS4_INSD_16kelvin_base_unitENS4_INSD_14mole_base_unitENS4_INSD_17candela_base_unitENS4_INS2_5angle16radian_base_unitENS4_INSR_19steradian_base_unitESA_EEEEEEEEEEEEEEEEEEEEvEEEd
FNDA:20,_ZrsRSiR14AvailableDrill
FNDA:4,_ZNK14AvailableDrilleqERKS_
FNDA:9,_ZNK14AvailableDrill5writeERSo
FNDA:102,_ZNK14AvailableDrill10differenceE4UnitIN5boost5units4unitINS2_4listINS2_3dimINS2_21length_base_dimensionENS2_15static_rationalILl1ELl1EEEEENS2_18dimensionless_typeEEENS2_18homogeneous_systemINS4_INS2_2si15meter_base_unitENS4_INS2_16scaled_base_unitINS2_3cgs14gram_base_unitENS2_5scaleILl10ENS7_ILl3ELl1EEEEEEENS4_INSD_16second_base_unitENS4_INSD_16ampere_base_unitENS4_INSD_16kelvin_base_unitENS4_INSD_14mole_base_unitENS4_INSD_17candela_base_unitENS4_INS2_5angle16radian_base_unitENS4_INSR_19steradian_base_unitESA_EEEEEEEEEEEEEEEEEEEEvEEEd
FNDA:0,_ZN14AvailableDrillaSEOS_
FNDA:20,_ZN14AvailableDrill4readERKNSt7__cxx1112basic_stringIcSt11char_traitsIcESaIcEEE
FNDA:0,_ZN14AvailableDrillaSERKS_
FNF:7
FNH:5
DA:8,937
DA:12,8
DA:13,112
DA:15,4
DA:16,8
DA:17,8
DA:18,8
DA:21,24
DA:23,9
DA:24,9
DA:25,53
DA:26,25
DA:29,2
DA:30,1
DA:32,20
DA:33,40
DA:34,44
DA:35,40
DA:36,3
DA:37,12
DA:39,6
DA:40,24
DA:42,19
DA:43,53
DA:45,1
DA:46,2
DA:48,34
DA:49,12
DA:51,47
DA:52,6
DA:54,51
DA:56,4
DA:58,16
DA:60,102
DA:61,405
DA:62,297
DA:63,376
DA:65,8
DA:79,20
DA:80,100
DA:82,20
DA:83,4
DA:84,4
DA:85,2
DA:87,32
DA:91,9
LF:46
LH:46
end_of_record
TN:
SF:/home/runner/work/pcb2gcode/pcb2gcode/bg_helpers.hpp
FN:128,_ZN10bg_helpersL6bufferIdEEvRKN5boost8geometry5model13multi_polygonINS3_7polygonINS3_2d28point_xyIdNS2_2cs9cartesianEEELb1ELb1ESt6vectorSB_SaSaEESB_SaEERSD_T_
FNDA:5595,_ZplIN5boost8geometry5model7polygonINS2_2d28point_xyIdNS1_2cs9cartesianEEELb1ELb1ESt6vectorS9_SaSaEENS2_13multi_polygonISA_S9_SaEEENSB_IT_S9_SaEERKSE_RKT0_
FNDA:721,_ZanIN5boost8geometry5model7polygonINS2_2d28point_xyIdNS1_2cs9cartesianEEELb1ELb1ESt6vectorS9_SaSaEENS2_3boxIS8_EEENS2_13multi_polygonIT_S9_SaEERKSF_RKT0_
FNDA:97,_ZN10bg_helpersL6bufferIdEEN5boost8geometry5model13multi_polygonINS3_7polygonINS3_2d28point_xyIdNS2_2cs9cartesianEEELb1ELb1ESt6vectorSB_SaSaEESB_SaEERKNS3_16multi_linestringINS3_10linestringISA_SB_SaEESB_SaEET_
FNDA:1909,_ZN10bg_helpersL6bufferIdEEvRKN5boost8geometry5model7polygonINS3_2d28point_xyIdNS2_2cs9cartesianEEELb1ELb1ESt6vectorSA_SaSaEERNS3_13multi_polygonISB_SA_SaEET_
FNDA:847,_ZN10bg_helpersL6bufferERKN5boost8geometry5model13multi_polygonINS2_7polygonINS2_2d28point_xyIdNS1_2cs9cartesianEEELb1ELb1ESt6vectorSA_SaSaEESA_SaEEd
FNDA:988,_ZanIN5boost8geometry5model7polygonINS2_2d28point_xyIdNS1_2cs9cartesianEEELb1ELb1ESt6vectorS9_SaSaEENS2_13multi_polygonISA_S9_SaEEENSB_IT_S9_SaEERKSE_RKT0_
FNDA:174,_ZplIN5boost8geometry5model7polygonINS2_2d28point_xyIdNS1_2cs9cartesianEEELb1ELb1ESt6vectorS9_SaSaEENS2_4ringIS8_Lb1ELb1ES9_SaEEENS2_13multi_polygonIT_S9_SaEERKSF_RKT0_
FNDA:1694,_ZmiIN5boost8geometry5model10linestringINS2_2d28point_xyIdNS1_2cs9cartesianEEESt6vectorSaEENS2_13multi_polygonINS2_7polygonIS8_Lb1ELb1ES9_S9_SaSaEES9_SaEEENS2_16multi_linestringIT_S9_SaEERKSH_RKT0_
FNDA:1509,_ZanIN5boost8geometry5model7polygonINS2_2d28point_xyIdNS1_2cs9cartesianEEELb1ELb1ESt6vectorS9_SaSaEESA_ENS2_13multi_polygonIT_S9_SaEERKSD_RKT0_
FNDA:2212,_ZanIN5boost8geometry5model2d28point_xyIdNS1_2cs9cartesianEEENS2_13multi_polygonINS2_7polygonIS7_Lb1ELb1ESt6vectorSA_SaSaEESA_SaEEESC_RKNS9_IT_Lb1ELb1ESA_SA_SaSaEERKT0_
FNDA:3557,_ZeoIN5boost8geometry5model7polygonINS2_2d28point_xyIdNS1_2cs9cartesianEEELb1ELb1ESt6vectorS9_SaSaEENS2_13multi_polygonISA_S9_SaEEENSB_IT_S9_SaEERKSE_RKT0_
FNDA:821,_ZN10bg_helpersL6bufferIdEEvRKN5boost8geometry5model10linestringINS3_2d28point_xyIdNS2_2cs9cartesianEEESt6vectorSaEERNS3_13multi_polygonINS3_7polygonIS9_Lb1ELb1ESA_SA_SaSaEESA_SaEET_
FNDA:1860,_ZN10bg_helpersL6bufferIdEEvRKN5boost8geometry5model13multi_polygonINS3_7polygonINS3_2d28point_xyIdNS2_2cs9cartesianEEELb1ELb1ESt6vectorSB_SaSaEESB_SaEERSD_T_
FNDA:749,_ZmiIN5boost8geometry5model7polygonINS2_2d28point_xyIdNS1_2cs9cartesianEEELb1ELb1ESt6vectorS9_SaSaEENS2_13multi_polygonISA_S9_SaEEENSB_IT_S9_SaEERKSE_RKT0_
FNDA:140,_ZN10bg_helpersL6bufferIdEEvRKN5boost8geometry5model16multi_linestringINS3_10linestringINS3_2d28point_xyIdNS2_2cs9cartesianEEESt6vectorSaEESB_SaEERNS3_13multi_polygonINS3_7polygonISA_Lb1ELb1ESB_SB_SaSaEESB_SaEET_
FNDA:570,_ZanIN5boost8geometry5model10linestringINS2_2d28point_xyIdNS1_2cs9cartesianEEESt6vectorSaEENS2_13multi_polygonINS2_7polygonIS8_Lb1ELb1ES9_S9_SaSaEES9_SaEEENS2_16multi_linestringIT_S9_SaEERKSH_RKT0_
FNDA:2,_ZmiIN5boost8geometry5model7polygonINS2_2d28point_xyIdNS1_2cs9cartesianEEELb1ELb1ESt6vectorS9_SaSaEENS2_4ringIS8_Lb1ELb1ES9_SaEEENS2_13multi_polygonIT_S9_SaEERKSF_RKT0_
FNDA:136,_ZanIN5boost8geometry5model3boxINS2_2d28point_xyIdNS1_2cs9cartesianEEEEEENS2_16multi_linestringINS2_10linestringIS8_St6vectorSaEESC_SaEERKSD_RKT_
FNDA:228,_ZN10bg_helpersL6bufferIdEEvRKN5boost8geometry5model4ringINS3_2d28point_xyIdNS2_2cs9cartesianEEELb1ELb1ESt6vectorSaEERNS3_13multi_polygonINS3_7polygonIS9_Lb1ELb1ESA_SA_SaSaEESA_SaEET_
FNDA:648,_ZN10bg_helpersL6bufferIdEEN5boost8geometry5model13multi_polygonINS3_7polygonINS3_2d28point_xyIdNS2_2cs9cartesianEEELb1ELb1ESt6vectorSB_SaSaEESB_SaEERKSC_T_
FNDA:4,_ZmiIN5boost8geometry5model13multi_polygonINS2_7polygonINS2_2d28point_xyIdNS1_2cs9cartesianEEELb1ELb1ESt6vectorSA_SaSaEESA_SaEEESC_RKNS2_3boxIS9_EERKT_
FNF:21
FNH:21
DA:7,751
DA:9,751
DA:12,709
DA:13,709
DA:14,709
DA:30,4
DA:31,8
DA:32,4
DA:33,8
DA:37,1694
DA:39,1694
DA:42,428
DA:43,428
DA:44,428
DA:48,570
DA:50,570
DA:51,570
DA:54,562
DA:62,136
DA:64,136
DA:65,136
DA:68,136
DA:76,3557
DA:78,3557
DA:81,91
DA:84,14
DA:85,14
DA:86,14
DA:90,3218
DA:92,3218
DA:93,3218
DA:96,3218
DA:104,2212
DA:106,2212
DA:107,2212
DA:110,2212
DA:128,1860
DA:129,1860
DA:132,6836
DA:139,1860
DA:141,847
DA:142,847
DA:145,1694
DA:146,847
DA:147,1694
DA:148,847
DA:149,1694
DA:150,1694
DA:151,1694
DA:152,847
DA:157,1909
DA:158,1909
DA:161,4988
DA:168,1909
DA:171,821
DA:172,821
DA:173,0
DA:175,3284
DA:182,821
DA:185,648
DA:186,648
DA:187,648
DA:188,648
DA:192,140
DA:193,140
DA:194,0
DA:195,0
DA:199,280
DA:200,280
DA:204,1381
DA:205,1642
DA:206,821
DA:207,2463
DA:212,97
DA:213,97
DA:214,97
DA:215,97
DA:219,228
DA:220,228
DA:223,456
DA:224,228
DA:225,456
DA:226,912
DA:233,228
DA:237,5769
DA:239,5769
DA:242,4999
DA:243,2102
DA:244,1051
DA:245,1051
DA:250,3948
DA:251,3948
DA:252,15792
DA:253,15792
DA:254,19740
DA:255,11844
DA:256,0
DA:257,0
DA:258,0
DA:260,3948
DA:261,3948
DA:262,3948
LF:102
LH:96
end_of_record
TN:
SF:/home/runner/work/pcb2gcode/pcb2gcode/board.cpp
FN:44,_ZN5BoardC2EbNSt7__cxx1112basic_stringIcSt11char_traitsIcESaIcEEEbN17MillFeedDirection17MillFeedDirectionEbb
FN:69,_ZN5Board12prepareLayerENSt7__cxx1112basic_stringIcSt11char_traitsIcESaIcEEESt10shared_ptrI14GerberImporterES6_I11RoutingMillEb
FN:178,_ZN5Board11list_layersB5cxx11Ev
FN:194,_ZN5Board9get_layerENSt7__cxx1112basic_stringIcSt11char_traitsIcESaIcEEE
FN:197,_Z41__static_initialization_and_destruction_0ii
FN:197,_GLOBAL__sub_I__ZN5BoardC2EbNSt7__cxx1112basic_stringIcSt11char_traitsIcESaIcEEEbN17MillFeedDirection17MillFeedDirectionEbb
FNDA:58,_ZN5BoardC2EbNSt7__cxx1112basic_stringIcSt11char_traitsIcESaIcEEEbN17MillFeedDirection17MillFeedDirectionEbb
FNDA:53,_ZN5Board11list_layersB5cxx11Ev
FNDA:131,_ZN5Board10get_heightEv
FNDA:0,_ZN5Board12get_toolpathENSt7__cxx1112basic_stringIcSt11char_traitsIcESaIcEEE
FNDA:55,_ZN5Board12createLayersEv
FNDA:131,_ZN5Board9get_widthEv
FNDA:78,_ZN5Board9get_layerENSt7__cxx1112basic_stringIcSt11char_traitsIcESaIcEEE
FNDA:83,_ZN5Board12prepareLayerENSt7__cxx1112basic_stringIcSt11char_traitsIcESaIcEEESt10shared_ptrI14GerberImporterES6_I11RoutingMillEb
FNDA:63,_GLOBAL__sub_I__ZN5BoardC2EbNSt7__cxx1112basic_stringIcSt11char_traitsIcESaIcEEEbN17MillFeedDirection17MillFeedDirectionEbb
FNDA:63,_Z41__static_initialization_and_destruction_0ii
FNF:10
FNH:9
DA:44,58
DA:46,58
DA:53,232
DA:55,131
DA:56,262
DA:59,744
DA:62,131
DA:63,262
DA:66,744
DA:69,83
DA:71,415
DA:72,83
DA:78,55
DA:80,110
DA:85,48
DA:86,48
DA:87,48
DA:88,48
DA:91,192
DA:92,96
DA:93,70
DA:94,70
DA:95,35
DA:96,70
DA:97,70
DA:98,70
DA:99,70
DA:101,182
DA:102,52
DA:103,52
DA:104,42
DA:105,28
DA:106,72
DA:109,16
DA:110,16
DA:111,14
DA:112,14
DA:114,28
DA:115,28
DA:117,14
DA:119,32
DA:120,32
DA:121,32
DA:122,32
DA:129,226
DA:131,328
DA:132,164
DA:138,82
DA:139,164
DA:140,739
DA:141,82
DA:142,35
DA:144,246
DA:147,164
DA:148,574
DA:149,492
DA:153,308
DA:154,738
DA:158,288
DA:159,175
DA:161,173
DA:162,136
DA:163,132
DA:164,330
DA:170,0
DA:171,0
DA:178,53
DA:180,53
DA:182,315
DA:184,78
DA:187,53
DA:194,78
DA:196,156
DA:197,189
LF:74
LH:72
end_of_record
TN:
SF:/home/runner/work/pcb2gcode/pcb2gcode/board.hpp
FN:49,_ZN5BoardD2Ev
FNDA:58,_ZN5BoardD2Ev
FNF:1
FNH:1
DA:49,232
DA:59,0
DA:66,54
LF:3
LH:2
end_of_record
TN:
SF:/home/runner/work/pcb2gcode/pcb2gcode/common.cpp
FN:33,_Z8workSideRKN5boost15program_options13variables_mapENSt7__cxx1112basic_stringIcSt11char_traitsIcESaIcEEE
FN:59,_Z14build_filenameRKNSt7__cxx1112basic_stringIcSt11char_traitsIcESaIcEEES6_
FN:83,_GLOBAL__sub_I__Z8workSideRKN5boost15program_options13variables_mapENSt7__cxx1112basic_stringIcSt11char_traitsIcESaIcEEE
FN:83,_Z41__static_initialization_and_destruction_0ii
FNDA:64,_GLOBAL__sub_I__Z8workSideRKN5boost15program_options13variables_mapENSt7__cxx1112basic_stringIcSt11char_traitsIcESaIcEEE
FNDA:153,_Z8workSideRKN5boost15program_options13variables_mapENSt7__cxx1112basic_stringIcSt11char_traitsIcESaIcEEE
FNDA:64,_Z41__static_initialization_and_destruction_0ii
FNDA:445,_Z14build_filenameRKNSt7__cxx1112basic_stringIcSt11char_traitsIcESaIcEEES6_
FNF:4
FNH:4
DA:33,153
DA:35,306
DA:36,306
DA:38,306
DA:39,0
DA:42,306
DA:45,5
DA:46,5
DA:47,148
DA:49,976
DA:52,82
DA:59,445
DA:68,888
DA:71,441
DA:72,3
DA:73,2
DA:78,438
DA:79,864
DA:81,6
DA:83,192
LF:20
LH:19
end_of_record
TN:
SF:/home/runner/work/pcb2gcode/pcb2gcode/drill.cpp
FN:77,_ZN17ExcellonProcessorC2ERKN5boost15program_options13variables_mapESt4pairIddES6_
FN:129,_ZN17ExcellonProcessorD2Ev
FN:138,_ZN17ExcellonProcessor10add_headerENSt7__cxx1112basic_stringIcSt11char_traitsIcESaIcEEE
FN:151,_ZN17ExcellonProcessor10get_xvalueEd
FN:167,_ZN17ExcellonProcessor15drill_to_stringB5cxx11E8drillbit
FN:180,_ZN17ExcellonProcessor13line_to_holesERKSt4pairIS0_IddES1_Ed
FN:240,_ZN17ExcellonProcessor10export_ngcENSt7__cxx1112basic_stringIcSt11char_traitsIcESaIcEEERKN5boost8optionalIS5_EESt10shared_ptrI7DrillerEbbb
FN:371,_ZN17ExcellonProcessor8millholeERSt14basic_ofstreamIcSt11char_traitsIcEEddddSt10shared_ptrI6CutterEd
FN:548,_ZN17ExcellonProcessor10export_ngcENSt7__cxx1112basic_stringIcSt11char_traitsIcESaIcEEERKN5boost8optionalIS5_EESt10shared_ptrI6CutterEb
FN:656,_ZN17ExcellonProcessor8save_svgERKSt3mapIi8drillbitSt4lessIiESaISt4pairIKiS1_EEERKS0_IiSt6vectorIS4_IS4_IddESC_ESaISD_EES3_SaIS4_IS5_SF_EEERKNSt7__cxx1112basic_stringIcSt11char_traitsIcESaIcEEESS_
FN:703,_ZN17ExcellonProcessor10parse_bitsEv
FN:721,_ZN17ExcellonProcessor11parse_holesEv
FN:750,_ZN17ExcellonProcessor14optimize_holesERSt3mapIi8drillbitSt4lessIiESaISt4pairIKiS1_EEEbRKN5boost8optionalI4UnitINSA_5units4unitINSD_4listINSD_3dimINSD_21length_base_dimensionENSD_15static_rationalILl1ELl1EEEEENSD_18dimensionless_typeEEENSD_18homogeneous_systemINSF_INSD_2si15meter_base_unitENSF_INSD_16scaled_base_unitINSD_3cgs14gram_base_unitENSD_5scaleILl10ENSI_ILl3ELl1EEEEEEENSF_INSO_16second_base_unitENSF_INSO_16ampere_base_unitENSF_INSO_16kelvin_base_unitENSF_INSO_14mole_base_unitENSF_INSO_17candela_base_unitENSF_INSD_5angle16radian_base_unitENSF_INS12_19steradian_base_unitESL_EEEEEEEEEEEEEEEEEEEEvEEEEES1J_
FN:821,_ZN17ExcellonProcessor13optimize_bitsEv
FN:832,_ZZN17ExcellonProcessor13optimize_bitsEvENKUl14AvailableDrillS0_E_clES0_S0_
FN:852,_ZN17ExcellonProcessor12set_preambleENSt7__cxx1112basic_stringIcSt11char_traitsIcESaIcEEE
FN:861,_ZN17ExcellonProcessor13set_postambleENSt7__cxx1112basic_stringIcSt11char_traitsIcESaIcEEE
FN:864,_Z41__static_initialization_and_destruction_0ii
FN:864,_GLOBAL__sub_I__ZN17ExcellonProcessorC2ERKN5boost15program_options13variables_mapESt4pairIddES6_
FNDA:750,_ZN17ExcellonProcessor13line_to_holesERKSt4pairIS0_IddES1_Ed
FNDA:26,_ZN17ExcellonProcessor10export_ngcENSt7__cxx1112basic_stringIcSt11char_traitsIcESaIcEEERKN5boost8optionalIS5_EESt10shared_ptrI6CutterEb
FNDA:63,_GLOBAL__sub_I__ZN17ExcellonProcessorC2ERKN5boost15program_options13variables_mapESt4pairIddES6_
FNDA:26,_ZN17ExcellonProcessor10export_ngcENSt7__cxx1112basic_stringIcSt11char_traitsIcESaIcEEERKN5boost8optionalIS5_EESt10shared_ptrI7DrillerEbbb
FNDA:26,_ZN17ExcellonProcessorD2Ev
FNDA:26,_ZN17ExcellonProcessor13optimize_bitsEv
FNDA:63,_Z41__static_initialization_and_destruction_0ii
FNDA:2176,_ZN17ExcellonProcessor10get_xvalueEd
FNDA:52,_ZN17ExcellonProcessor14optimize_holesERSt3mapIi8drillbitSt4lessIiESaISt4pairIKiS1_EEEbRKN5boost8optionalI4UnitINSA_5units4unitINSD_4listINSD_3dimINSD_21length_base_dimensionENSD_15static_rationalILl1ELl1EEEEENSD_18dimensionless_typeEEENSD_18homogeneous_systemINSF_INSD_2si15meter_base_unitENSF_INSD_16scaled_base_unitINSD_3cgs14gram_base_unitENSD_5scaleILl10ENSI_ILl3ELl1EEEEEEENSF_INSO_16second_base_unitENSF_INSO_16ampere_base_unitENSF_INSO_16kelvin_base_unitENSF_INSO_14mole_base_unitENSF_INSO_17candela_base_unitENSF_INSD_5angle16radian_base_unitENSF_INS12_19steradian_base_unitESL_EEEEEEEEEEEEEEEEEEEEvEEEEES1J_
FNDA:895,_ZN17ExcellonProcessor8millholeERSt14basic_ofstreamIcSt11char_traitsIcEEddddSt10shared_ptrI6CutterEd
FNDA:26,_ZN17ExcellonProcessor10add_headerENSt7__cxx1112basic_stringIcSt11char_traitsIcESaIcEEE
FNDA:27,_ZN17ExcellonProcessor13parse_projectERKNSt7__cxx1112basic_stringIcSt11char_traitsIcESaIcEEE
FNDA:26,_ZN17ExcellonProcessor11parse_holesEv
FNDA:220,_ZN17ExcellonProcessor15drill_to_stringB5cxx11E8drillbit
FNDA:27,_ZN17ExcellonProcessorC2ERKN5boost15program_options13variables_mapESt4pairIddES6_
FNDA:1,_ZN17ExcellonProcessor13set_postambleENSt7__cxx1112basic_stringIcSt11char_traitsIcESaIcEEE
FNDA:52,_ZN17ExcellonProcessor8save_svgERKSt3mapIi8drillbitSt4lessIiESaISt4pairIKiS1_EEERKS0_IiSt6vectorIS4_IS4_IddESC_ESaISD_EES3_SaIS4_IS5_SF_EEERKNSt7__cxx1112basic_stringIcSt11char_traitsIcESaIcEEESS_
FNDA:44,_ZZN17ExcellonProcessor13optimize_bitsEvENKUl14AvailableDrillS0_E_clES0_S0_
FNDA:26,_ZN17ExcellonProcessor10parse_bitsEv
FNDA:1,_ZN17ExcellonProcessor12set_preambleENSt7__cxx1112basic_stringIcSt11char_traitsIcESaIcEEE
FNF:20
FNH:20
DA:77,27
DA:79,27
DA:80,27
DA:81,27
DA:82,27
DA:83,135
DA:84,130
DA:87,78
DA:88,130
DA:89,130
DA:90,156
DA:91,182
DA:92,156
DA:93,182
DA:94,104
DA:95,130
DA:96,130
DA:97,104
DA:100,705
DA:102,26
DA:105,26
DA:107,8
DA:108,4
DA:112,96
DA:113,48
DA:116,156
DA:117,26
DA:119,52
DA:121,130
DA:122,26
DA:129,312
DA:131,26
DA:132,26
DA:138,26
DA:140,26
DA:141,26
DA:151,2176
DA:155,2176
DA:161,2776
DA:164,2176
DA:167,220
DA:168,220
DA:169,440
DA:170,144
DA:171,152
DA:172,41
DA:174,220
DA:175,440
DA:176,440
DA:177,440
DA:180,750
DA:181,750
DA:182,750
DA:183,750
DA:184,750
DA:185,1500
DA:186,1500
DA:190,750
DA:191,750
DA:194,750
DA:198,1500
DA:200,1500
DA:201,750
DA:203,348
DA:206,3000
DA:207,750
DA:208,5865
DA:209,11730
DA:211,10230
DA:212,5115
DA:213,5115
DA:214,5115
DA:215,3351
DA:218,1764
DA:220,1764
DA:221,1764
DA:222,1764
DA:223,5292
DA:224,5292
DA:225,3528
DA:227,750
DA:240,26
DA:243,52
DA:245,26
DA:247,130
DA:249,286
DA:250,104
DA:251,52
DA:252,130
DA:256,52
DA:257,104
DA:260,52
DA:261,50
DA:262,15
DA:264,21
DA:267,182
DA:269,78
DA:272,26
DA:274,26
DA:276,12
DA:277,4
DA:278,23
DA:279,11
DA:280,55
DA:282,4
DA:286,22
DA:289,26
DA:290,52
DA:292,52
DA:293,52
DA:294,104
DA:298,91
DA:299,13
DA:300,13
DA:301,1
DA:303,65
DA:304,13
DA:305,78
DA:307,39
DA:311,117
DA:312,52
DA:314,13
DA:315,3
DA:318,48
DA:319,60
DA:322,26
DA:323,26
DA:325,13
DA:327,26
DA:329,13
DA:331,167
DA:332,900
DA:333,325
DA:334,325
DA:336,325
DA:338,121
DA:339,242
DA:340,242
DA:341,484
DA:342,363
DA:346,204
DA:347,204
DA:348,408
DA:349,408
DA:355,13
DA:359,130
DA:361,26
DA:363,78
DA:364,26
DA:371,895
DA:377,895
DA:378,895
DA:379,1790
DA:380,895
DA:385,2685
DA:387,895
DA:388,895
DA:389,895
DA:390,895
DA:392,2244
DA:393,374
DA:395,20
DA:396,20
DA:399,5
DA:400,20
DA:403,5
DA:404,5
DA:406,396
DA:407,396
DA:408,264
DA:409,132
DA:411,254
DA:413,264
DA:415,132
DA:418,381
DA:419,254
DA:420,254
DA:424,1476
DA:425,1107
DA:427,1496
DA:432,521
DA:435,521
DA:436,103
DA:437,103
DA:446,521
DA:448,14
DA:449,14
DA:452,521
DA:453,521
DA:455,521
DA:456,521
DA:458,521
DA:459,521
DA:461,521
DA:462,521
DA:464,3126
DA:467,521
DA:468,521
DA:469,521
DA:471,521
DA:472,521
DA:474,103
DA:475,103
DA:476,103
DA:478,103
DA:479,103
DA:480,103
DA:484,2084
DA:485,2084
DA:488,521
DA:489,2084
DA:492,1563
DA:493,6232
DA:495,17133
DA:496,5711
DA:499,18164
DA:500,9082
DA:501,4541
DA:503,8246
DA:505,13623
DA:506,9082
DA:509,4680
DA:510,2340
DA:511,1170
DA:512,2134
DA:514,3510
DA:515,2340
DA:517,3510
DA:518,2340
DA:519,1170
DA:520,2134
DA:522,1170
DA:524,4680
DA:525,2340
DA:526,1170
DA:527,2134
DA:529,3510
DA:530,2340
DA:532,3510
DA:533,2340
DA:534,1170
DA:535,2134
DA:537,1170
DA:541,2084
DA:543,521
DA:548,26
DA:550,26
DA:551,52
DA:553,52
DA:555,130
DA:556,286
DA:557,104
DA:558,52
DA:559,130
DA:563,78
DA:564,78
DA:567,52
DA:568,50
DA:569,63
DA:571,5
DA:575,182
DA:577,78
DA:580,26
DA:581,1
DA:583,25
DA:585,26
DA:586,52
DA:588,78
DA:589,104
DA:590,26
DA:592,26
DA:593,126
DA:594,48
DA:595,240
DA:597,26
DA:600,156
DA:601,130
DA:603,104
DA:604,78
DA:606,52
DA:608,88
DA:610,31
DA:612,72
DA:614,41
DA:616,41
DA:617,108
DA:619,201
DA:620,78
DA:621,156
DA:622,1207
DA:623,895
DA:624,895
DA:625,895
DA:626,895
DA:627,5370
DA:628,1790
DA:629,1790
DA:631,374
DA:638,52
DA:640,26
DA:642,26
DA:644,21
DA:645,42
DA:646,42
DA:649,78
DA:650,26
DA:656,52
DA:659,52
DA:660,24
DA:662,84
DA:663,84
DA:664,84
DA:665,84
DA:669,196
DA:671,84
DA:672,56
DA:674,56
DA:676,145
DA:677,61
DA:678,122
DA:680,879
DA:681,4614
DA:682,7195
DA:688,27
DA:689,27
DA:690,27
DA:691,27
DA:692,27
DA:694,27
DA:695,27
DA:697,27
DA:698,2
DA:700,26
DA:703,26
DA:704,26
DA:706,95
DA:707,26
DA:708,95
DA:709,69
DA:710,138
DA:711,69
DA:712,207
DA:713,69
DA:715,276
DA:717,26
DA:721,26
DA:722,26
DA:724,687
DA:725,661
DA:726,661
DA:727,1270
DA:728,2540
DA:729,1270
DA:732,147
DA:733,73
DA:734,4
DA:735,16
DA:736,20
DA:742,26
DA:750,52
DA:754,104
DA:757,234
DA:758,130
DA:759,342
DA:760,147
DA:761,65
DA:763,65
DA:769,74
DA:771,4
DA:772,12
DA:773,12
DA:778,234
DA:779,260
DA:780,236
DA:783,212
DA:784,53
DA:785,5
DA:786,5
DA:787,20
DA:788,5
DA:789,25
DA:791,5
DA:797,169
DA:798,130
DA:799,4
DA:801,61
DA:806,217
DA:807,61
DA:808,171
DA:810,8
DA:814,52
DA:821,26
DA:822,52
DA:825,52
DA:826,20
DA:827,14
DA:828,42
DA:829,28
DA:832,44
DA:833,264
DA:834,220
DA:835,130
DA:836,56
DA:837,48
DA:838,24
DA:839,12
DA:841,108
DA:845,26
DA:852,1
DA:854,2
DA:855,1
DA:861,1
DA:863,2
DA:864,190
LF:414
LH:414
end_of_record
TN:
SF:/home/runner/work/pcb2gcode/pcb2gcode/drill.hpp
FN:39,_ZN15drill_exceptionD0Ev
FN:60,_ZNK8drillbit9as_lengthEv
FNDA:144,_ZNK8drillbit9as_lengthEv
FNDA:1,_ZN15drill_exceptionD1Ev
FNDA:0,_ZN15drill_exceptionD0Ev
FNF:3
FNH:2
DA:39,5
DA:53,2272
DA:60,144
DA:61,288
DA:62,432
DA:63,432
LF:6
LH:6
end_of_record
TN:
SF:/home/runner/work/pcb2gcode/pcb2gcode/eulerian_paths.cpp
FN:81,_GLOBAL__sub_I__ZN14eulerian_paths19make_eulerian_pathsERKSt6vectorISt4pairIN5boost8geometry5model10linestringINS4_2d28point_xyIdNS3_2cs9cartesianEEES0_SaEEbESaISC_EE
FNDA:2057,_ZN14eulerian_paths19make_eulerian_pathsERKSt6vectorISt4pairIN5boost8geometry5model10linestringINS4_2d28point_xyIdNS3_2cs9cartesianEEES0_SaEEbESaISC_EE
FNDA:64,_GLOBAL__sub_I__ZN14eulerian_paths19make_eulerian_pathsERKSt6vectorISt4pairIN5boost8geometry5model10linestringINS4_2d28point_xyIdNS3_2cs9cartesianEEES0_SaEEbESaISC_EE
FNDA:276,_ZN14eulerian_paths19make_eulerian_pathsERKSt6vectorIN5boost8geometry5model10linestringINS3_2d28point_xyIdNS2_2cs9cartesianEEES0_SaEESaISA_EEb
FNF:3
FNH:3
DA:21,2057
DA:24,4114
DA:25,2057
DA:29,4114
DA:30,4114
DA:31,16508
DA:33,634902
DA:34,206114
DA:35,206114
DA:36,824456
DA:37,824456
DA:38,206114
DA:41,4114
DA:46,101324529
DA:51,4114
DA:52,4114
DA:53,2057
DA:54,4114
DA:55,206642
DA:57,396828
DA:58,198414
DA:59,198414
DA:60,793656
DA:61,595242
DA:62,198414
DA:63,198414
DA:70,4114
DA:73,276
DA:74,552
DA:75,6606
DA:76,16506
DA:78,552
DA:81,128
LF:33
LH:33
end_of_record
TN:
SF:/home/runner/work/pcb2gcode/pcb2gcode/eulerian_paths.hpp
FN:48,_ZN14eulerian_paths14eulerian_pathsIN5boost8geometry5model2d28point_xyIlNS2_2cs9cartesianEEENS3_10linestringIS8_St6vectorSaEENS3_16multi_linestringISB_SA_SaEEN20eulerian_paths_tests13PointLessThanEED2Ev
FN:48,_ZN14eulerian_paths14eulerian_pathsIN5boost8geometry5model2d28point_xyIdNS2_2cs9cartesianEEENS3_10linestringIS8_St6vectorSaEENS3_16multi_linestringISB_SA_SaEEZNS_19make_eulerian_pathsERKSA_ISt4pairISB_bESaISF_EEE13PointLessThanED2Ev
FN:48,_ZN14eulerian_paths14eulerian_pathsIiSt6vectorIiSaIiEES1_IS3_SaIS3_EESt4lessIiEED2Ev
FN:50,_ZN14eulerian_paths14eulerian_pathsIN5boost8geometry5model2d28point_xyIlNS2_2cs9cartesianEEENS3_10linestringIS8_St6vectorSaEENS3_16multi_linestringISB_SA_SaEEN20eulerian_paths_tests13PointLessThanEEC2ERKSD_RKSA_IbSaIbEE
FN:50,_ZN14eulerian_paths14eulerian_pathsIN5boost8geometry5model2d28point_xyIdNS2_2cs9cartesianEEENS3_10linestringIS8_St6vectorSaEENS3_16multi_linestringISB_SA_SaEEZNS_19make_eulerian_pathsERKSA_ISt4pairISB_bESaISF_EEE13PointLessThanEC2ERKSD_RKSA_IbSaIbEE
FN:50,_ZN14eulerian_paths14eulerian_pathsIiSt6vectorIiSaIiEES1_IS3_SaIS3_EESt4lessIiEEC2ERKS5_RKS1_IbSaIbEE
FN:128,_ZNK14eulerian_paths14eulerian_pathsIN5boost8geometry5model2d28point_xyIdNS2_2cs9cartesianEEENS3_10linestringIS8_St6vectorSaEENS3_16multi_linestringISB_SA_SaEEZNS_19make_eulerian_pathsERKSA_ISt4pairISB_bESaISF_EEE13PointLessThanE10must_startERKS8_
FN:128,_ZNK14eulerian_paths14eulerian_pathsIN5boost8geometry5model2d28point_xyIlNS2_2cs9cartesianEEENS3_10linestringIS8_St6vectorSaEENS3_16multi_linestringISB_SA_SaEEN20eulerian_paths_tests13PointLessThanEE10must_startERKS8_
FN:128,_ZNK14eulerian_paths14eulerian_pathsIiSt6vectorIiSaIiEES1_IS3_SaIS3_EESt4lessIiEE10must_startERKi
FN:137,_ZN14eulerian_paths14eulerian_pathsIiSt6vectorIiSaIiEES1_IS3_SaIS3_EESt4lessIiEE17add_paths_to_mapsEv
FN:137,_ZN14eulerian_paths14eulerian_pathsIN5boost8geometry5model2d28point_xyIlNS2_2cs9cartesianEEENS3_10linestringIS8_St6vectorSaEENS3_16multi_linestringISB_SA_SaEEN20eulerian_paths_tests13PointLessThanEE17add_paths_to_mapsEv
FN:137,_ZN14eulerian_paths14eulerian_pathsIN5boost8geometry5model2d28point_xyIdNS2_2cs9cartesianEEENS3_10linestringIS8_St6vectorSaEENS3_16multi_linestringISB_SA_SaEEZNS_19make_eulerian_pathsERKSA_ISt4pairISB_bESaISF_EEE13PointLessThanE17add_paths_to_mapsEv
FN:167,_ZN14eulerian_paths14eulerian_pathsIiSt6vectorIiSaIiEES1_IS3_SaIS3_EESt4lessIiEE9make_pathERKiPS3_
FN:167,_ZN14eulerian_paths14eulerian_pathsIN5boost8geometry5model2d28point_xyIlNS2_2cs9cartesianEEENS3_10linestringIS8_St6vectorSaEENS3_16multi_linestringISB_SA_SaEEN20eulerian_paths_tests13PointLessThanEE9make_pathERKS8_PSB_
FN:167,_ZN14eulerian_paths14eulerian_pathsIN5boost8geometry5model2d28point_xyIdNS2_2cs9cartesianEEENS3_10linestringIS8_St6vectorSaEENS3_16multi_linestringISB_SA_SaEEZNS_19make_eulerian_pathsERKSA_ISt4pairISB_bESaISF_EEE13PointLessThanE9make_pathERKS8_PSB_
FN:247,_ZN14eulerian_paths18get_eulerian_pathsIN5boost8geometry5model2d28point_xyIdNS2_2cs9cartesianEEENS3_10linestringIS8_St6vectorSaEENS3_16multi_linestringISB_SA_SaEEZNS_19make_eulerian_pathsERKSA_ISt4pairISB_bESaISF_EEE13PointLessThanEET1_RKSL_RKSA_IbSaIbEE
FN:247,_ZN14eulerian_paths18get_eulerian_pathsIN5boost8geometry5model2d28point_xyIlNS2_2cs9cartesianEEENS3_10linestringIS8_St6vectorSaEENS3_16multi_linestringISB_SA_SaEEN20eulerian_paths_tests13PointLessThanEEET1_RKSG_RKSA_IbSaIbEE
FN:247,_ZN14eulerian_paths18get_eulerian_pathsIiSt6vectorIiSaIiEES1_IS3_SaIS3_EESt4lessIiEEET1_RKS8_RKS1_IbSaIbEE
FNDA:2057,_ZN14eulerian_paths18get_eulerian_pathsIN5boost8geometry5model2d28point_xyIdNS2_2cs9cartesianEEENS3_10linestringIS8_St6vectorSaEENS3_16multi_linestringISB_SA_SaEEZNS_19make_eulerian_pathsERKSA_ISt4pairISB_bESaISF_EEE13PointLessThanEET1_RKSL_RKSA_IbSaIbEE
FNDA:1,_ZN14eulerian_paths14eulerian_pathsIN5boost8geometry5model2d28point_xyIlNS2_2cs9cartesianEEENS3_10linestringIS8_St6vectorSaEENS3_16multi_linestringISB_SA_SaEEN20eulerian_paths_tests13PointLessThanEE12stitch_loopsEPSB_
FNDA:1,_ZN14eulerian_paths14eulerian_pathsIN5boost8geometry5model2d28point_xyIlNS2_2cs9cartesianEEENS3_10linestringIS8_St6vectorSaEENS3_16multi_linestringISB_SA_SaEEN20eulerian_paths_tests13PointLessThanEEC2ERKSD_RKSA_IbSaIbEE
FNDA:9,_ZN14eulerian_paths14eulerian_pathsIiSt6vectorIiSaIiEES1_IS3_SaIS3_EESt4lessIiEE3getEv
FNDA:1,_ZN14eulerian_paths18get_eulerian_pathsIN5boost8geometry5model2d28point_xyIlNS2_2cs9cartesianEEENS3_10linestringIS8_St6vectorSaEENS3_16multi_linestringISB_SA_SaEEN20eulerian_paths_tests13PointLessThanEEET1_RKSG_RKSA_IbSaIbEE
FNDA:162,_ZN14eulerian_paths14eulerian_pathsIiSt6vectorIiSaIiEES1_IS3_SaIS3_EESt4lessIiEE9make_pathERKiPS3_
FNDA:196949,_ZNK14eulerian_paths14eulerian_pathsIN5boost8geometry5model2d28point_xyIdNS2_2cs9cartesianEEENS3_10linestringIS8_St6vectorSaEENS3_16multi_linestringISB_SA_SaEEZNS_19make_eulerian_pathsERKSA_ISt4pairISB_bESaISF_EEE13PointLessThanE10must_startERKS8_
FNDA:5,_ZN14eulerian_paths14eulerian_pathsIN5boost8geometry5model2d28point_xyIlNS2_2cs9cartesianEEENS3_10linestringIS8_St6vectorSaEENS3_16multi_linestringISB_SA_SaEEN20eulerian_paths_tests13PointLessThanEE9make_pathERKS8_PSB_
FNDA:9,_ZN14eulerian_paths14eulerian_pathsIiSt6vectorIiSaIiEES1_IS3_SaIS3_EESt4lessIiEE17add_paths_to_mapsEv
FNDA:3,_ZNK14eulerian_paths14eulerian_pathsIN5boost8geometry5model2d28point_xyIlNS2_2cs9cartesianEEENS3_10linestringIS8_St6vectorSaEENS3_16multi_linestringISB_SA_SaEEN20eulerian_paths_tests13PointLessThanEE10must_startERKS8_
FNDA:1,_ZN14eulerian_paths14eulerian_pathsIN5boost8geometry5model2d28point_xyIlNS2_2cs9cartesianEEENS3_10linestringIS8_St6vectorSaEENS3_16multi_linestringISB_SA_SaEEN20eulerian_paths_tests13PointLessThanEED2Ev
FNDA:2057,_ZN14eulerian_paths14eulerian_pathsIN5boost8geometry5model2d28point_xyIdNS2_2cs9cartesianEEENS3_10linestringIS8_St6vectorSaEENS3_16multi_linestringISB_SA_SaEEZNS_19make_eulerian_pathsERKSA_ISt4pairISB_bESaISF_EEE13PointLessThanEC2ERKSD_RKSA_IbSaIbEE
FNDA:2057,_ZN14eulerian_paths14eulerian_pathsIN5boost8geometry5model2d28point_xyIdNS2_2cs9cartesianEEENS3_10linestringIS8_St6vectorSaEENS3_16multi_linestringISB_SA_SaEEZNS_19make_eulerian_pathsERKSA_ISt4pairISB_bESaISF_EEE13PointLessThanE17add_paths_to_mapsEv
FNDA:1,_ZN14eulerian_paths14eulerian_pathsIN5boost8geometry5model2d28point_xyIlNS2_2cs9cartesianEEENS3_10linestringIS8_St6vectorSaEENS3_16multi_linestringISB_SA_SaEEN20eulerian_paths_tests13PointLessThanEE17add_paths_to_mapsEv
FNDA:2057,_ZN14eulerian_paths14eulerian_pathsIN5boost8geometry5model2d28point_xyIdNS2_2cs9cartesianEEENS3_10linestringIS8_St6vectorSaEENS3_16multi_linestringISB_SA_SaEEZNS_19make_eulerian_pathsERKSA_ISt4pairISB_bESaISF_EEE13PointLessThanED2Ev
FNDA:9,_ZN14eulerian_paths14eulerian_pathsIiSt6vectorIiSaIiEES1_IS3_SaIS3_EESt4lessIiEED2Ev
FNDA:406974,_ZN14eulerian_paths14eulerian_pathsIN5boost8geometry5model2d28point_xyIdNS2_2cs9cartesianEEENS3_10linestringIS8_St6vectorSaEENS3_16multi_linestringISB_SA_SaEEZNS_19make_eulerian_pathsERKSA_ISt4pairISB_bESaISF_EEE13PointLessThanE9make_pathERKS8_PSB_
FNDA:5073,_ZN14eulerian_paths14eulerian_pathsIN5boost8geometry5model2d28point_xyIdNS2_2cs9cartesianEEENS3_10linestringIS8_St6vectorSaEENS3_16multi_linestringISB_SA_SaEEZNS_19make_eulerian_pathsERKSA_ISt4pairISB_bESaISF_EEE13PointLessThanE12stitch_loopsEPSB_
FNDA:17,_ZN14eulerian_paths14eulerian_pathsIiSt6vectorIiSaIiEES1_IS3_SaIS3_EESt4lessIiEE12stitch_loopsEPS3_
FNDA:9,_ZN14eulerian_paths18get_eulerian_pathsIiSt6vectorIiSaIiEES1_IS3_SaIS3_EESt4lessIiEEET1_RKS8_RKS1_IbSaIbEE
FNDA:9,_ZN14eulerian_paths14eulerian_pathsIiSt6vectorIiSaIiEES1_IS3_SaIS3_EESt4lessIiEEC2ERKS5_RKS1_IbSaIbEE
FNDA:1,_ZN14eulerian_paths14eulerian_pathsIN5boost8geometry5model2d28point_xyIlNS2_2cs9cartesianEEENS3_10linestringIS8_St6vectorSaEENS3_16multi_linestringISB_SA_SaEEN20eulerian_paths_tests13PointLessThanEE3getEv
FNDA:2057,_ZN14eulerian_paths14eulerian_pathsIN5boost8geometry5model2d28point_xyIdNS2_2cs9cartesianEEENS3_10linestringIS8_St6vectorSaEENS3_16multi_linestringISB_SA_SaEEZNS_19make_eulerian_pathsERKSA_ISt4pairISB_bESaISF_EEE13PointLessThanE3getEv
FNDA:67,_ZNK14eulerian_paths14eulerian_pathsIiSt6vectorIiSaIiEES1_IS3_SaIS3_EESt4lessIiEE10must_startERKi
FNF:24
FNH:24
DA:16,1302221
DA:21,197054
DA:25,196954
DA:32,196913
DA:48,12402
DA:50,2067
DA:52,10335
DA:53,2067
DA:83,2067
DA:85,2067
DA:86,200098
DA:87,200141
DA:89,6244
DA:90,3122
DA:91,3122
DA:92,3122
DA:105,11390
DA:106,3122
DA:111,8268
DA:112,8072
DA:113,3938
DA:114,3938
DA:115,1969
DA:116,1969
DA:119,1969
DA:120,1969
DA:124,2067
DA:128,197019
DA:131,394038
DA:132,394038
DA:133,394038
DA:134,197019
DA:137,2067
DA:139,4134
DA:140,4134
DA:141,4134
DA:142,4134
DA:144,401092
DA:145,396958
DA:146,396958
DA:148,2
DA:150,396892
DA:151,396892
DA:152,396954
DA:153,396954
DA:154,364402
DA:155,364402
DA:156,182201
DA:158,32552
DA:159,16276
DA:162,2067
DA:167,407141
DA:170,814282
DA:171,407141
DA:172,814282
DA:173,781730
DA:174,390865
DA:175,781730
DA:180,198477
DA:181,396954
DA:182,508692
DA:184,670618
DA:187,520182
DA:189,198477
DA:190,396892
DA:192,396954
DA:193,198477
DA:194,287703
DA:195,287703
DA:202,198477
DA:214,5091
DA:217,10182
DA:218,417328
DA:220,407063
DA:222,407146
DA:224,1384
DA:228,5091
DA:247,2067
DA:249,2067
LF:79
LH:79
end_of_record
TN:
SF:/home/runner/work/pcb2gcode/pcb2gcode/gerberimporter.cpp
FN:64,_ZN14GerberImporterC2Ev
FN:68,_ZN14GerberImporterD0Ev
FN:68,_ZN14GerberImporterD2Ev
FN:73,_ZN14GerberImporter9load_fileERKNSt7__cxx1112basic_stringIcSt11char_traitsIcESaIcEEE
FN:80,_ZNK14GerberImporter9get_min_xEv
FN:84,_ZNK14GerberImporter9get_max_xEv
FN:88,_ZNK14GerberImporter9get_min_yEv
FN:92,_ZNK14GerberImporter9get_max_yEv
FN:221,_Z9get_angleN5boost8geometry5model2d28point_xyIdNS0_2cs9cartesianEEES6_S6_b
FN:302,_ZL36unsupported_polarity_throw_exceptionv
FN:315,_ZN7mp_pairC2ERKS_
FN:416,_Z12make_thermalN5boost8geometry5model2d28point_xyIdNS0_2cs9cartesianEEEdddj
FN:670,_Z17layers_equivalentPK13gerbv_layer_tS1_
FN:923,_GLOBAL__sub_I__ZN14GerberImporterC2Ev
FNDA:76,_ZNK14GerberImporter9get_min_xEv
FNDA:3886,_ZN7mp_pairC2ERKS_
FNDA:76,_ZNK14GerberImporter9get_max_yEv
FNDA:8,_Z12make_thermalN5boost8geometry5model2d28point_xyIdNS0_2cs9cartesianEEEdddj
FNDA:322,_Z20make_regular_polygonN5boost8geometry5model2d28point_xyIdNS0_2cs9cartesianEEEdjddj
FNDA:151,_Z14make_rectangleN5boost8geometry5model2d28point_xyIdNS0_2cs9cartesianEEEdddj
FNDA:114,_ZN14GerberImporterC2Ev
FNDA:92,_ZN14GerberImporterD0Ev
FNDA:206,_Z15generate_layersRSt6vectorISt4pairIPK13gerbv_layer_tS_I7mp_pairSaIS4_EEESaIS7_EEMS4_N5boost8geometry5model13multi_polygonINSD_7polygonINSD_2d28point_xyIdNSC_2cs9cartesianEEELb1ELb1ES_S_SaSaEES_SaEEb
FNDA:657,_Z13get_all_ringsRKN5boost8geometry5model4ringINS1_2d28point_xyIdNS0_2cs9cartesianEEELb1ELb1ESt6vectorSaEE
FNDA:8,_Z10make_moirePKdj
FNDA:29,_Z9make_ovalN5boost8geometry5model2d28point_xyIdNS0_2cs9cartesianEEEdddj
FNDA:740,_Z17merge_multi_drawsRKSt6vectorI7mp_pairSaIS0_EE
FNDA:64,_GLOBAL__sub_I__ZN14GerberImporterC2Ev
FNDA:3470,_ZNK7mp_pairplERKS_
FNDA:76,_ZNK14GerberImporter9get_max_xEv
FNDA:134,_Z15paths_to_shapesRKdRKN5boost8geometry5model16multi_linestringINS3_10linestringINS3_2d28point_xyIdNS2_2cs9cartesianEEESt6vectorSaEESB_SaEEb
FNDA:8,_Z32linear_draw_rectangular_apertureN5boost8geometry5model2d28point_xyIdNS0_2cs9cartesianEEES6_dd
FNDA:103,_ZNK14GerberImporter6renderEbbj
FNDA:22,_ZN14GerberImporterD2Ev
FNDA:62,_Z12circular_arcRKN5boost8geometry5model2d28point_xyIdNS0_2cs9cartesianEEES8_S6_RKdSA_dRKbRKj
FNDA:369,_Z20make_regular_polygonN5boost8geometry5model2d28point_xyIdNS0_2cs9cartesianEEEdjd
FNDA:1721,_ZN7mp_pairC2EN5boost8geometry5model13multi_polygonINS2_7polygonINS2_2d28point_xyIdNS1_2cs9cartesianEEELb1ELb1ESt6vectorSA_SaSaEESA_SaEE
FNDA:10,_Z14make_rectangleN5boost8geometry5model2d28point_xyIdNS0_2cs9cartesianEEES6_d
FNDA:0,_Z17layers_equivalentPK13gerbv_layer_tS1_
FNDA:103,_Z22generate_apertures_mapPKPK14gerbv_aperturej
FNDA:76,_ZNK14GerberImporter9get_min_yEv
FNDA:114,_ZN14GerberImporter9load_fileERKNSt7__cxx1112basic_stringIcSt11char_traitsIcESaIcEEE
FNDA:0,_ZL36unsupported_polarity_throw_exceptionv
FNDA:78,_Z9get_angleN5boost8geometry5model2d28point_xyIdNS0_2cs9cartesianEEES6_S6_b
FNDA:1600,_Z10get_all_lsRKN5boost8geometry5model10linestringINS1_2d28point_xyIdNS0_2cs9cartesianEEESt6vectorSaEE
FNDA:657,_Z15simplify_cutinsRKN5boost8geometry5model4ringINS1_2d28point_xyIdNS0_2cs9cartesianEEELb1ELb1ESt6vectorSaEE
FNF:32
FNH:30
DA:64,114
DA:65,114
DA:66,114
DA:68,228
DA:69,114
DA:70,114
DA:73,114
DA:74,114
DA:75,114
DA:76,114
DA:77,114
DA:80,76
DA:81,76
DA:84,76
DA:85,76
DA:88,76
DA:89,76
DA:92,76
DA:93,76
DA:99,369
DA:103,369
DA:104,369
DA:106,738
DA:107,24600
DA:108,96924
DA:109,48462
DA:111,369
DA:112,369
DA:113,369
DA:114,369
DA:118,322
DA:121,322
DA:122,966
DA:124,322
DA:125,96
DA:127,322
DA:130,151
DA:132,151
DA:133,151
DA:135,151
DA:136,151
DA:137,302
DA:138,453
DA:139,453
DA:140,453
DA:141,453
DA:142,302
DA:144,151
DA:145,4
DA:147,151
DA:150,10
DA:151,10
DA:152,20
DA:153,10
DA:154,10
DA:155,10
DA:156,30
DA:157,10
DA:158,20
DA:159,10
DA:160,20
DA:161,10
DA:164,29
DA:166,87
DA:167,87
DA:168,29
DA:170,54
DA:171,54
DA:172,2
DA:174,2
DA:175,2
DA:179,1
DA:182,28
DA:183,56
DA:184,28
DA:185,28
DA:186,28
DA:187,84
DA:188,28
DA:189,84
DA:190,84
DA:191,84
DA:193,28
DA:194,4
DA:195,4
DA:196,2
DA:197,6
DA:199,56
DA:200,28
DA:201,28
DA:204,8
DA:207,16
DA:208,32
DA:209,80
DA:210,128
DA:211,256
DA:215,8
DA:216,8
DA:217,16
DA:218,8
DA:221,78
DA:222,312
DA:223,312
DA:224,78
DA:225,108
DA:226,15
DA:228,110
DA:229,16
DA:231,78
DA:235,62
DA:240,62
DA:241,62
DA:242,6
DA:244,184
DA:246,29
DA:249,27
DA:252,27
DA:253,27
DA:254,2
DA:259,103
DA:260,99
DA:261,99
DA:262,33
DA:263,169
DA:264,193
DA:265,135
DA:266,45
DA:267,45
DA:268,20
DA:270,100
DA:271,75
DA:273,1
DA:274,1
DA:281,248
DA:282,62
DA:283,62
DA:284,62
DA:285,62
DA:286,62
DA:287,62
DA:289,62
DA:290,4748
DA:291,2343
DA:292,2343
DA:293,2343
DA:294,2343
DA:295,9372
DA:296,4686
DA:298,62
DA:299,62
DA:302,0
DA:305,0
DA:306,0
DA:315,94191
DA:316,10812
DA:317,5163
DA:320,3470
DA:321,3470
DA:322,10410
DA:323,10410
DA:324,3470
DA:330,740
DA:331,1480
DA:332,8
DA:333,736
DA:334,232
DA:336,1008
DA:337,1008
DA:338,504
DA:339,184
DA:340,184
DA:343,11922
DA:344,6940
DA:346,504
DA:349,206
DA:351,206
DA:352,412
DA:354,1532
DA:355,236
DA:356,236
DA:357,236
DA:358,472
DA:359,708
DA:362,236
DA:363,252
DA:364,16
DA:365,8
DA:366,24
DA:367,24
DA:372,268
DA:373,32
DA:374,16
DA:375,48
DA:376,48
DA:378,236
DA:379,114
DA:380,198
DA:381,549
DA:382,15
DA:383,45
DA:385,0
DA:388,206
DA:391,8
DA:392,16
DA:393,8
DA:395,8
DA:396,8
DA:397,32
DA:398,32
DA:399,8
DA:400,8
DA:401,8
DA:402,8
DA:403,22
DA:404,20
DA:405,20
DA:406,20
DA:408,14
DA:409,0
DA:410,56
DA:413,8
DA:416,8
DA:419,16
DA:421,16
DA:422,16
DA:423,24
DA:430,1600
DA:431,25776
DA:432,1321263
DA:433,861466
DA:434,2194
DA:435,382
DA:437,148
DA:438,74
DA:441,296
DA:442,222
DA:444,148
DA:445,148
DA:446,296
DA:447,74
DA:452,4578
DA:455,657
DA:456,3942
DA:457,657
DA:458,3296
DA:459,4008
DA:461,657
DA:464,657
DA:465,657
DA:466,1314
DA:467,657
DA:468,3964
DA:469,668
DA:470,1828
DA:473,176
DA:474,348
DA:475,174
DA:476,522
DA:479,3964
DA:480,668
DA:481,1828
DA:484,176
DA:485,4
DA:486,2
DA:487,6
DA:490,657
DA:493,103
DA:494,206
DA:495,103
DA:496,1030000
DA:497,1029897
DA:499,1029897
DA:500,500
DA:501,1000
DA:503,500
DA:504,0
DA:505,0
DA:507,297
DA:508,891
DA:514,297
DA:515,101
DA:516,303
DA:521,101
DA:522,29
DA:523,87
DA:528,29
DA:529,2
DA:530,8
DA:532,2
DA:536,2
DA:537,71
DA:538,71
DA:542,142
DA:543,71
DA:546,142
DA:547,142
DA:549,71
DA:550,0
DA:555,0
DA:556,0
DA:557,0
DA:558,0
DA:559,0
DA:560,0
DA:561,0
DA:562,7
DA:563,28
DA:567,7
DA:568,7
DA:569,7
DA:570,7
DA:572,14
DA:573,36
DA:574,87
DA:575,29
DA:577,7
DA:578,28
DA:580,7
DA:581,7
DA:582,7
DA:583,13
DA:584,52
DA:586,13
DA:588,13
DA:589,13
DA:590,13
DA:591,8
DA:592,24
DA:593,8
DA:594,8
DA:595,8
DA:596,8
DA:597,32
DA:602,8
DA:603,8
DA:604,8
DA:605,10
DA:606,50
DA:609,10
DA:610,10
DA:611,10
DA:612,9
DA:613,36
DA:617,9
DA:618,9
DA:619,9
DA:620,9
DA:621,45
DA:622,9
DA:626,9
DA:627,9
DA:628,9
DA:629,0
DA:630,0
DA:631,0
DA:632,0
DA:636,142
DA:638,71
DA:639,0
DA:641,213
DA:643,71
DA:646,0
DA:647,0
DA:650,0
DA:658,0
DA:659,0
DA:660,0
DA:661,0
DA:662,0
DA:664,1000
DA:667,103
DA:670,0
DA:671,8413
DA:672,8413
DA:674,8413
DA:675,8399
DA:676,8398
DA:677,25209
DA:678,8398
DA:695,134
DA:696,268
DA:697,134
DA:698,40
DA:699,1
DA:704,268
DA:705,268
DA:706,1331
DA:707,1590
DA:708,3180
DA:710,134
DA:711,134
DA:712,212
DA:713,208
DA:715,98
DA:716,98
DA:717,49
DA:718,98
DA:719,49
DA:720,147
DA:724,1796
DA:725,268
DA:727,194
DA:728,97
DA:730,3
DA:731,3
DA:732,9
DA:734,282
DA:737,134
DA:746,103
DA:750,206
DA:751,309
DA:752,103
DA:754,309
DA:756,103
DA:758,103
DA:759,0
DA:762,206
DA:763,206
DA:766,206
DA:767,8516
DA:768,16826
DA:769,16826
DA:770,8413
DA:771,16826
DA:773,8428
DA:774,15
DA:776,47
DA:777,6
DA:781,30
DA:782,15
DA:785,8413
DA:787,8413
DA:788,7701
DA:789,6214
DA:790,2541
DA:791,163
DA:793,2541
DA:795,3673
DA:798,3665
DA:799,7330
DA:800,3665
DA:801,3665
DA:802,3665
DA:803,8
DA:804,24
DA:806,32
DA:809,0
DA:813,1487
DA:814,1059
DA:816,0
DA:818,2118
DA:820,1059
DA:821,6354
DA:823,0
DA:824,0
DA:826,4236
DA:828,428
DA:829,428
DA:830,650
DA:831,1300
DA:835,0
DA:837,712
DA:839,387
DA:840,325
DA:841,1300
DA:843,62
DA:845,62
DA:846,62
DA:847,62
DA:848,62
DA:849,62
DA:850,16
DA:852,124
DA:854,124
DA:855,124
DA:857,124
DA:858,124
DA:859,62
DA:860,4
DA:861,16
DA:863,0
DA:866,58
DA:867,58
DA:868,2046
DA:869,1930
DA:870,1930
DA:871,1930
DA:872,965
DA:876,0
DA:881,0
DA:883,0
DA:885,0
DA:887,0
DA:888,0
DA:891,0
DA:893,0
DA:896,103
DA:898,438
DA:899,396
DA:903,206
DA:904,103
DA:905,144
DA:907,268
DA:910,103
DA:913,0
DA:914,0
DA:915,0
DA:916,0
DA:917,0
DA:919,311
DA:920,6
DA:922,206
DA:923,128
LF:513
LH:464
end_of_record
TN:
SF:/home/runner/work/pcb2gcode/pcb2gcode/gerberimporter.hpp
FN:41,_ZN16gerber_exceptionD0Ev
FN:41,_ZN16gerber_exceptionD2Ev
FNDA:0,_ZN16gerber_exceptionD0Ev
FNDA:0,_ZN16gerber_exceptionD2Ev
FNF:2
FNH:0
DA:41,0
LF:1
LH:0
end_of_record
TN:
SF:/home/runner/work/pcb2gcode/pcb2gcode/layer.cpp
FN:63,_ZN5Layer16get_manufacturerEv
FN:90,_Z41__static_initialization_and_destruction_0ii
FN:90,_GLOBAL__sub_I__ZN5LayerC2ERKNSt7__cxx1112basic_stringIcSt11char_traitsIcESaIcEEESt10shared_ptrI17Surface_vectorialES8_I11RoutingMillEb
FNDA:63,_GLOBAL__sub_I__ZN5LayerC2ERKNSt7__cxx1112basic_stringIcSt11char_traitsIcESaIcEEESt10shared_ptrI17Surface_vectorialES8_I11RoutingMillEb
FNDA:78,_ZN5Layer16get_manufacturerEv
FNDA:63,_Z41__static_initialization_and_destruction_0ii
FNDA:82,_ZN5LayerC2ERKNSt7__cxx1112basic_stringIcSt11char_traitsIcESaIcEEESt10shared_ptrI17Surface_vectorialES8_I11RoutingMillEb
FNDA:47,_ZN5Layer11get_bridgesESt10shared_ptrISt6vectorISt4pairIddESaIS3_EEE
FNDA:78,_ZN5Layer13get_toolpathsEv
FNDA:33,_ZN5Layer8add_maskESt10shared_ptrIS_E
FNF:7
FNH:7
DA:43,82
DA:44,328
DA:46,164
DA:47,82
DA:48,164
DA:49,164
DA:50,82
DA:55,78
DA:56,312
DA:63,78
DA:65,156
DA:72,33
DA:74,165
DA:75,33
DA:77,47
DA:78,94
DA:81,47
DA:82,141
DA:84,141
DA:85,3
DA:86,4
DA:89,47
DA:90,189
LF:23
LH:23
end_of_record
TN:
SF:/home/runner/work/pcb2gcode/pcb2gcode/layer.hpp
FNDA:82,_ZN5LayerD2Ev
FNF:1
FNH:1
DA:33,328
DA:42,550
LF:2
LH:2
end_of_record
TN:
SF:/home/runner/work/pcb2gcode/pcb2gcode/main.cpp
FN:51,_Z12do_pcb2gcodeiPPKc
FN:407,main
FN:415,_GLOBAL__sub_I__Z12do_pcb2gcodeiPPKc
FN:415,_Z41__static_initialization_and_destruction_0ii
FNDA:63,_GLOBAL__sub_I__Z12do_pcb2gcodeiPPKc
FNDA:63,_Z12do_pcb2gcodeiPPKc
FNDA:63,_Z41__static_initialization_and_destruction_0ii
FNDA:63,main
FNF:4
FNH:4
DA:51,63
DA:52,63
DA:54,61
DA:56,305
DA:57,2
DA:58,3
DA:59,2
DA:60,2
DA:61,2
DA:64,300
DA:65,3
DA:66,1
DA:69,59
DA:76,290
DA:81,290
DA:82,290
DA:83,406
DA:84,290
DA:85,406
DA:86,116
DA:88,380
DA:90,172
DA:92,481
DA:93,102
DA:94,153
DA:95,51
DA:96,612
DA:98,258
DA:99,301
DA:100,301
DA:101,301
DA:102,215
DA:103,14
DA:105,82
DA:106,301
DA:107,301
DA:108,258
DA:109,301
DA:110,258
DA:111,258
DA:112,258
DA:113,258
DA:114,301
DA:115,344
DA:116,43
DA:117,43
DA:118,172
DA:119,215
DA:120,172
DA:121,215
DA:122,344
DA:123,43
DA:126,174
DA:128,256
DA:129,182
DA:130,146
DA:131,246
DA:132,287
DA:133,287
DA:134,287
DA:135,205
DA:136,7
DA:138,80
DA:139,287
DA:140,287
DA:141,287
DA:142,246
DA:143,246
DA:144,246
DA:145,287
DA:146,328
DA:147,41
DA:148,41
DA:149,328
DA:150,41
DA:151,246
DA:152,287
DA:153,205
DA:154,217
DA:156,20
DA:159,116
DA:161,290
DA:163,120
DA:164,210
DA:165,210
DA:166,210
DA:167,240
DA:168,30
DA:169,30
DA:170,240
DA:171,30
DA:172,210
DA:178,232
DA:180,290
DA:182,2
DA:183,8
DA:184,2
DA:186,1
DA:187,0
DA:190,2
DA:191,1
DA:193,8
DA:195,3
DA:196,3
DA:197,3
DA:199,3
DA:203,3
DA:204,3
DA:205,12
DA:209,1
DA:212,290
DA:214,2
DA:215,8
DA:216,2
DA:218,1
DA:219,0
DA:223,5
DA:224,3
DA:225,1
DA:231,290
DA:233,2
DA:234,8
DA:235,2
DA:237,1
DA:238,0
DA:242,5
DA:243,2
DA:244,1
DA:251,290
DA:253,348
DA:254,348
DA:255,348
DA:256,580
DA:259,290
DA:261,0
DA:267,116
DA:268,290
DA:269,105
DA:270,45
DA:271,15
DA:272,3
DA:274,112
DA:275,14
DA:277,43
DA:280,114
DA:281,285
DA:282,245
DA:283,105
DA:284,35
DA:285,3
DA:287,272
DA:288,34
DA:290,22
DA:293,112
DA:294,280
DA:295,252
DA:296,108
DA:297,36
DA:298,3
DA:300,350
DA:301,35
DA:303,20
DA:306,110
DA:307,55
DA:308,55
DA:310,330
DA:311,216
DA:312,159
DA:314,369
DA:315,3
DA:318,265
DA:319,3
DA:322,53
DA:328,110
DA:330,275
DA:333,27
DA:334,27
DA:340,54
DA:342,18
DA:343,36
DA:344,0
DA:346,24
DA:347,24
DA:351,84
DA:352,84
DA:355,53
DA:357,78
DA:359,180
DA:361,2
DA:364,130
DA:366,2
DA:369,26
DA:371,182
DA:372,182
DA:373,156
DA:375,4
DA:376,2
DA:379,130
DA:380,182
DA:382,130
DA:383,7
DA:385,175
DA:387,130
DA:388,130
DA:389,182
DA:390,312
DA:391,156
DA:393,104
DA:396,2
DA:397,3
DA:400,28
DA:403,108
DA:407,63
DA:409,63
DA:410,14
DA:411,14
DA:412,7
DA:415,189
LF:218
LH:213
end_of_record
TN:
SF:/home/runner/work/pcb2gcode/pcb2gcode/merge_near_points.cpp
FN:71,_GLOBAL__sub_I__Z17merge_near_pointsRSt3mapIN5boost8geometry5model2d28point_xyIdNS1_2cs9cartesianEEES7_13PointLessThanSaISt4pairIKS7_S7_EEEd
FNDA:2097,_Z17merge_near_pointsRSt3mapIN5boost8geometry5model2d28point_xyIdNS1_2cs9cartesianEEES7_13PointLessThanSaISt4pairIKS7_S7_EEEd
FNDA:2057,_Z17merge_near_pointsRSt6vectorISt4pairIN5boost8geometry5model10linestringINS3_2d28point_xyIdNS2_2cs9cartesianEEES_SaEEbESaISB_EEd
FNDA:64,_GLOBAL__sub_I__Z17merge_near_pointsRSt3mapIN5boost8geometry5model2d28point_xyIdNS1_2cs9cartesianEEES7_13PointLessThanSaISt4pairIKS7_S7_EEEd
FNDA:40,_Z17merge_near_pointsRN5boost8geometry5model16multi_linestringINS1_10linestringINS1_2d28point_xyIdNS0_2cs9cartesianEEESt6vectorSaEES9_SaEEd
FNF:4
FNH:4
DA:11,41923530
DA:17,2097
DA:20,2097
DA:21,2097
DA:22,388900
DA:23,272345
DA:24,1858792
DA:25,929396
DA:27,897021
DA:28,239958
DA:29,1881
DA:30,3762
DA:34,2097
DA:37,2057
DA:38,4114
DA:39,16508
DA:40,247514
DA:41,214394
DA:44,2057
DA:45,2057
DA:46,2216
DA:47,85092
DA:48,82388
DA:52,4114
DA:55,40
DA:56,80
DA:57,618
DA:58,2748
DA:59,916
DA:62,40
DA:63,40
DA:64,9
DA:65,30
DA:66,10
DA:70,80
DA:71,128
LF:36
LH:36
end_of_record
TN:
SF:/home/runner/work/pcb2gcode/pcb2gcode/mill.hpp
FN:34,_ZN4MillD0Ev
FN:34,_ZN4MillD2Ev
FN:55,_ZN11RoutingMillD2Ev
FN:55,_ZN11RoutingMillD0Ev
FN:69,_ZN8IsolatorD0Ev
FN:69,_ZN8IsolatorD2Ev
FN:84,_ZN6CutterD0Ev
FN:84,_ZN6CutterD2Ev
FN:97,_ZN7DrillerD2Ev
FN:97,_ZN7DrillerD0Ev
FNDA:0,_ZN6CutterD2Ev
FNDA:43,_ZN8IsolatorD2Ev
FNDA:131,_ZN4MillD2Ev
FNDA:58,_ZN6CutterD0Ev
FNDA:43,_ZN8IsolatorD0Ev
FNDA:0,_ZN11RoutingMillD0Ev
FNDA:0,_ZN4MillD0Ev
FNDA:30,_ZN7DrillerD0Ev
FNDA:0,_ZN7DrillerD2Ev
FNDA:0,_ZN11RoutingMillD2Ev
FNF:10
FNH:5
DA:32,393
DA:34,393
DA:55,303
DA:69,301
DA:84,232
DA:97,90
LF:6
LH:6
end_of_record
TN:
SF:/home/runner/work/pcb2gcode/pcb2gcode/ngc_exporter.cpp
FN:57,_ZN12NGC_ExporterC2ESt10shared_ptrI5BoardE
FN:64,_ZN12NGC_Exporter10add_headerENSt7__cxx1112basic_stringIcSt11char_traitsIcESaIcEEE
FN:73,_ZN12NGC_Exporter10export_allERN5boost15program_options13variables_mapE
FN:143,_ZN12NGC_Exporter14cutter_millingERSt14basic_ofstreamIcSt11char_traitsIcEESt10shared_ptrI6CutterES5_ISt6vectorISt4pairIddESaISA_EEERKS8_ImSaImEEdd
FN:186,_ZN12NGC_Exporter17isolation_millingERSt14basic_ofstreamIcSt11char_traitsIcEESt10shared_ptrI11RoutingMillES5_ISt6vectorISt4pairIddESaISA_EEERN5boost8optionalI12autolevellerEEdd
FN:227,_ZN12NGC_Exporter12export_layerESt10shared_ptrI5LayerENSt7__cxx1112basic_stringIcSt11char_traitsIcESaIcEEEN5boost8optionalI12autolevellerEE
FN:380,_ZN12NGC_Exporter12set_preambleENSt7__cxx1112basic_stringIcSt11char_traitsIcESaIcEEE
FN:389,_ZN12NGC_Exporter13set_postambleENSt7__cxx1112basic_stringIcSt11char_traitsIcESaIcEEE
FN:392,_GLOBAL__sub_I__ZN12NGC_ExporterC2ESt10shared_ptrI5BoardE
FN:392,_Z41__static_initialization_and_destruction_0ii
FNDA:53,_ZN12NGC_Exporter10export_allERN5boost15program_options13variables_mapE
FNDA:53,_ZN12NGC_Exporter10add_headerENSt7__cxx1112basic_stringIcSt11char_traitsIcESaIcEEE
FNDA:63,_GLOBAL__sub_I__ZN12NGC_ExporterC2ESt10shared_ptrI5BoardE
FNDA:53,_ZN12NGC_ExporterC2ESt10shared_ptrI5BoardE
FNDA:1,_ZN12NGC_Exporter12set_preambleENSt7__cxx1112basic_stringIcSt11char_traitsIcESaIcEEE
FNDA:63,_Z41__static_initialization_and_destruction_0ii
FNDA:2441,_ZN12NGC_Exporter17isolation_millingERSt14basic_ofstreamIcSt11char_traitsIcEESt10shared_ptrI11RoutingMillES5_ISt6vectorISt4pairIddESaISA_EEERN5boost8optionalI12autolevellerEEdd
FNDA:97,_ZN12NGC_Exporter14cutter_millingERSt14basic_ofstreamIcSt11char_traitsIcEESt10shared_ptrI6CutterES5_ISt6vectorISt4pairIddESaISA_EEERKS8_ImSaImEEdd
FNDA:78,_ZN12NGC_Exporter12export_layerESt10shared_ptrI5LayerENSt7__cxx1112basic_stringIcSt11char_traitsIcESaIcEEEN5boost8optionalI12autolevellerEE
FNDA:1,_ZN12NGC_Exporter13set_postambleENSt7__cxx1112basic_stringIcSt11char_traitsIcESaIcEEE
FNF:10
FNH:10
DA:57,53
DA:58,371
DA:64,53
DA:66,53
DA:67,53
DA:73,53
DA:76,265
DA:77,265
DA:78,265
DA:79,371
DA:82,53
DA:84,318
DA:86,6
DA:87,6
DA:91,50
DA:92,50
DA:94,318
DA:95,318
DA:97,159
DA:99,552
DA:101,468
DA:102,12
DA:103,12
DA:105,72
DA:106,72
DA:108,468
DA:109,468
DA:110,281
DA:111,191
DA:112,48
DA:113,288
DA:116,156
DA:117,550
DA:118,388
DA:119,10
DA:123,156
DA:124,78
DA:125,390
DA:126,312
DA:127,624
DA:128,312
DA:129,156
DA:130,234
DA:131,78
DA:132,78
DA:133,99
DA:134,78
DA:136,53
DA:143,97
DA:145,194
DA:147,97
DA:148,404
DA:150,2424
DA:151,404
DA:152,1616
DA:154,808
DA:156,43257
DA:157,43391
DA:160,132
DA:161,132
DA:165,42045
DA:169,4856
DA:173,70075
DA:174,70075
DA:177,14015
DA:178,8498
DA:179,6070
DA:180,1214
DA:184,97
DA:186,2441
DA:188,12205
DA:190,2441
DA:191,675
DA:192,270
DA:193,810
DA:194,405
DA:196,4612
DA:197,27
DA:198,81
DA:199,27
DA:201,9224
DA:204,2441
DA:205,12205
DA:207,4882
DA:209,241626
DA:210,78101
DA:211,31595
DA:212,12638
DA:214,287128
DA:215,143564
DA:219,4882
DA:220,27
DA:221,81
DA:222,27
DA:224,2441
DA:227,78
DA:228,234
DA:229,156
DA:230,156
DA:232,156
DA:233,0
DA:236,156
DA:237,156
DA:240,156
DA:241,78
DA:244,546
DA:246,156
DA:249,78
DA:250,7
DA:252,71
DA:254,78
DA:255,156
DA:257,156
DA:259,78
DA:261,3
DA:264,75
DA:268,312
DA:270,78
DA:271,225
DA:274,234
DA:276,78
DA:277,5
DA:278,5
DA:281,156
DA:282,156
DA:285,156
DA:286,78
DA:287,179
DA:288,188
DA:289,47
DA:294,420
DA:295,176
DA:296,176
DA:297,2
DA:299,172
DA:300,430
DA:301,774
DA:302,430
DA:303,430
DA:306,86
DA:307,516
DA:308,258
DA:309,172
DA:310,430
DA:311,86
DA:312,33
DA:313,53
DA:314,53
DA:316,0
DA:318,172
DA:319,86
DA:320,9
DA:322,249
DA:324,172
DA:325,172
DA:326,172
DA:327,430
DA:329,86
DA:331,314
DA:332,114
DA:333,285
DA:334,171
DA:336,171
DA:337,612
DA:340,7956
DA:341,10152
DA:342,5076
DA:343,0
DA:347,2538
DA:348,15228
DA:349,12690
DA:350,7614
DA:355,2538
DA:356,582
DA:358,9764
DA:364,86
DA:366,78
DA:367,5
DA:369,156
DA:370,234
DA:373,78
DA:380,1
DA:382,2
DA:383,1
DA:389,1
DA:391,2
DA:392,190
LF:187
LH:184
end_of_record
TN:
SF:/home/runner/work/pcb2gcode/pcb2gcode/ngc_exporter.hpp
FN:44,_ZN12NGC_ExporterD2Ev
FNDA:53,_ZN12NGC_ExporterD2Ev
FNF:1
FNH:1
DA:44,212
LF:1
LH:1
end_of_record
TN:
SF:/home/runner/work/pcb2gcode/pcb2gcode/options.cpp
FN:46,_ZN7options8instanceEv
FN:157,_ZN7options4helpB5cxx11Ev
FN:668,_Z41__static_initialization_and_destruction_0ii
FN:668,_GLOBAL__sub_I__ZN7options8instanceEv
FNDA:65,_Z41__static_initialization_and_destruction_0ii
FNDA:65,_GLOBAL__sub_I__ZN7options8instanceEv
FNDA:58,_ZL25check_drilling_parametersRKN5boost15program_options13variables_mapE
FNDA:1,_ZN7options4helpB5cxx11Ev
FNDA:1210,_ZN7options8instanceEv
FNDA:59,_ZN7options16check_parametersEv
FNDA:73,_ZN7options5parseEiPPKc
FNDA:58,_ZL24check_milling_parametersRKN5boost15program_options13variables_mapE
FNDA:64,_ZN7optionsC2Ev
FNDA:9,_ZN7options11maybe_throwERKNSt7__cxx1112basic_stringIcSt11char_traitsIcESaIcEEE10ErrorCodes
FNDA:70,_ZN7options11parse_filesEv
FNDA:69,_Z17fix_variables_mapRN5boost15program_options13variables_mapE
FNDA:58,_ZL24check_cutting_parametersRKN5boost15program_options13variables_mapE
FNDA:59,_ZL24check_generic_parametersRKN5boost15program_options13variables_mapE
FNF:14
FNH:14
DA:46,1210
DA:47,1210
DA:48,1210
DA:51,9
DA:52,54
DA:53,12
DA:55,6
DA:57,3
DA:62,69
DA:64,546
DA:65,344
DA:68,345
DA:69,68
DA:70,64
DA:71,208
DA:73,4
DA:76,272
DA:78,680
DA:79,255
DA:81,68
DA:86,73
DA:89,73
DA:92,146
DA:93,73
DA:96,291
DA:97,73
DA:98,6
DA:99,9
DA:101,12
DA:104,70
DA:106,420
DA:107,70
DA:109,345
DA:114,3
DA:115,6
DA:116,6
DA:117,6
DA:118,6
DA:119,6
DA:120,6
DA:123,345
DA:124,0
DA:125,0
DA:128,345
DA:131,276
DA:133,0
DA:136,69
DA:139,207
DA:141,69
DA:142,69
DA:144,276
DA:146,69
DA:148,69
DA:150,68
DA:151,68
DA:157,1
DA:159,2
DA:160,1
DA:161,1
DA:162,2
DA:169,70
DA:172,280
DA:175,140
DA:176,138
DA:177,70
DA:178,4
DA:179,8
DA:180,2
DA:183,69
DA:184,69
DA:190,64
DA:191,384
DA:193,128
DA:194,128
DA:195,64
DA:196,64
DA:197,256
DA:199,128
DA:200,64
DA:201,128
DA:202,64
DA:203,320
DA:204,64
DA:205,64
DA:206,64
DA:207,64
DA:208,64
DA:209,128
DA:210,128
DA:211,64
DA:213,128
DA:214,192
DA:215,128
DA:216,192
DA:217,128
DA:218,128
DA:219,192
DA:220,64
DA:222,256
DA:223,128
DA:224,64
DA:225,64
DA:226,128
DA:228,64
DA:230,640
DA:231,384
DA:232,64
DA:233,256
DA:234,64
DA:235,128
DA:236,64
DA:237,320
DA:238,64
DA:239,320
DA:240,64
DA:241,64
DA:242,64
DA:243,64
DA:244,64
DA:245,128
DA:246,64
DA:247,128
DA:248,64
DA:249,128
DA:250,64
DA:251,128
DA:252,192
DA:253,256
DA:254,64
DA:256,256
DA:257,128
DA:258,64
DA:259,128
DA:260,64
DA:261,64
DA:262,64
DA:263,64
DA:264,64
DA:265,64
DA:266,128
DA:267,128
DA:268,320
DA:269,128
DA:270,64
DA:271,192
DA:272,64
DA:274,256
DA:275,128
DA:276,128
DA:277,64
DA:278,128
DA:279,128
DA:280,128
DA:281,128
DA:282,256
DA:283,320
DA:284,64
DA:286,256
DA:287,128
DA:288,128
DA:289,128
DA:290,64
DA:292,64
DA:293,64
DA:294,64
DA:295,64
DA:296,192
DA:297,64
DA:298,256
DA:299,64
DA:300,256
DA:301,128
DA:302,192
DA:303,64
DA:305,256
DA:306,128
DA:307,320
DA:308,320
DA:309,128
DA:310,128
DA:311,64
DA:312,320
DA:313,64
DA:315,256
DA:316,128
DA:317,64
DA:318,256
DA:319,64
DA:320,64
DA:321,128
DA:322,128
DA:323,64
DA:324,64
DA:326,128
DA:327,128
DA:328,64
DA:329,128
DA:330,128
DA:331,64
DA:332,64
DA:333,128
DA:334,192
DA:335,64
DA:336,64
DA:337,64
DA:338,64
DA:339,64
DA:340,64
DA:346,59
DA:350,295
DA:355,413
DA:356,0
DA:359,295
DA:360,0
DA:366,295
DA:368,0
DA:374,354
DA:375,0
DA:382,295
DA:384,295
DA:386,354
DA:387,0
DA:390,354
DA:391,0
DA:394,354
DA:395,0
DA:402,295
DA:403,0
DA:409,236
DA:410,418
DA:412,6
DA:418,354
DA:419,0
DA:422,354
DA:423,0
DA:429,295
DA:430,3
DA:436,295
DA:437,3
DA:443,522
DA:445,15
DA:446,0
DA:449,15
DA:450,0
DA:451,21
DA:452,0
DA:455,15
DA:456,0
DA:457,21
DA:458,0
DA:461,15
DA:462,0
DA:463,21
DA:464,0
DA:467,303
DA:468,134
DA:469,3
DA:471,58
DA:477,58
DA:482,290
DA:484,376
DA:487,215
DA:488,0
DA:489,258
DA:490,0
DA:493,258
DA:494,0
DA:496,215
DA:497,0
DA:500,215
DA:501,0
DA:504,215
DA:505,0
DA:509,559
DA:510,0
DA:514,258
DA:515,0
DA:518,223
DA:519,0
DA:522,258
DA:523,0
DA:526,58
DA:532,58
DA:537,290
DA:540,290
DA:543,150
DA:544,0
DA:547,390
DA:548,0
DA:552,150
DA:553,0
DA:554,390
DA:555,0
DA:559,150
DA:560,0
DA:561,210
DA:562,0
DA:565,150
DA:566,0
DA:567,210
DA:568,0
DA:571,150
DA:572,0
DA:574,0
DA:575,0
DA:580,58
DA:586,58
DA:590,290
DA:593,232
DA:594,182
DA:595,146
DA:596,205
DA:597,0
DA:598,287
DA:599,0
DA:602,205
DA:603,0
DA:606,205
DA:607,0
DA:610,205
DA:611,0
DA:614,205
DA:615,0
DA:618,533
DA:619,0
DA:623,287
DA:624,0
DA:627,209
DA:628,0
DA:631,287
DA:632,0
DA:635,287
DA:636,0
DA:639,287
DA:640,0
DA:643,205
DA:644,0
DA:645,0
DA:646,0
DA:650,58
DA:656,59
DA:658,59
DA:661,59
DA:662,58
DA:663,58
DA:664,58
DA:665,0
DA:666,0
DA:668,253
LF:349
LH:291
end_of_record
TN:
SF:/home/runner/work/pcb2gcode/pcb2gcode/options.hpp
FN:94,_ZN25pcb2gcode_parse_exceptionD0Ev
FN:100,_ZNK25pcb2gcode_parse_exception4whatEv
FN:103,_ZNK25pcb2gcode_parse_exception4codeEv
FN:117,_ZN7optionsD2Ev
FNDA:8,_ZNK25pcb2gcode_parse_exception4codeEv
FNDA:0,_ZN25pcb2gcode_parse_exceptionD0Ev
FNDA:64,_ZN7optionsD2Ev
FNDA:8,_ZNK25pcb2gcode_parse_exception4whatEv
FNDA:10,_ZN25pcb2gcode_parse_exceptionC2ERKNSt7__cxx1112basic_stringIcSt11char_traitsIcESaIcEEE10ErrorCodes
FNDA:10,_ZN25pcb2gcode_parse_exceptionD2Ev
FNF:6
FNH:5
DA:94,20
DA:96,30
DA:97,20
DA:98,10
DA:99,10
DA:100,8
DA:101,16
DA:103,8
DA:104,8
DA:117,64
DA:126,84
LF:11
LH:11
end_of_record
TN:
SF:/home/runner/work/pcb2gcode/pcb2gcode/outline_bridges.cpp
FN:38,_Z17intermediatePointSt4pairIddES0_d
FN:192,_GLOBAL__sub_I__Z17intermediatePointSt4pairIddES0_d
FNDA:47,_ZN15outline_bridges11makeBridgesERSt10shared_ptrISt6vectorISt4pairIddESaIS3_EEEmd
FNDA:47,_Z13insertBridgesSt10shared_ptrISt6vectorISt4pairIddESaIS2_EEERKSt3setImSt4lessImESaImEEd
FNDA:63,_GLOBAL__sub_I__Z17intermediatePointSt4pairIddES0_d
FNDA:83,_ZL19min_clique_distanceRKSt3setImSt4lessImESaImEERKSt3mapImSt4pairIddES1_SaIS7_IKmS8_EEERSt6vectorImS2_E
FNDA:961,_ZL22min_distance_to_cliqueSt4pairIddERKSt6vectorImSaImEERKSt3setImSt4lessImES2_ERKSt3mapImS0_S8_SaIS_IKmS0_EEE
FNDA:47,_Z18findBridgeSegmentsSt10shared_ptrISt6vectorISt4pairIddESaIS2_EEEmd
FNDA:0,_Z17intermediatePointSt4pairIddES0_d
FNF:7
FNH:6
DA:38,0
DA:39,684
DA:40,342
DA:47,47
DA:48,235
DA:49,188
DA:50,94
DA:52,47
DA:53,208
DA:55,114
DA:56,114
DA:57,114
DA:58,57
DA:60,342
DA:63,57
DA:66,285
DA:67,114
DA:70,47
DA:76,83
DA:79,83
DA:80,828
DA:81,1714
DA:82,1578
DA:83,526
DA:84,144
DA:85,144
DA:86,144
DA:90,83
DA:95,961
DA:99,2883
DA:100,6770
DA:101,7774
DA:102,23322
DA:103,15548
DA:104,1922
DA:106,11704
DA:107,3682
DA:111,961
DA:126,47
DA:127,47
DA:128,32
DA:132,15
DA:133,1539
DA:134,2490
DA:135,498
DA:136,270
DA:138,912
DA:139,456
DA:140,228
DA:145,30
DA:146,111
DA:147,66
DA:150,114
DA:153,60
DA:159,49
DA:160,49
DA:161,49
DA:164,1302
DA:165,2310
DA:167,194
DA:170,1922
DA:171,7688
DA:172,3844
DA:173,432
DA:174,216
DA:175,216
DA:176,216
DA:180,49
DA:183,34
DA:184,34
DA:185,34
DA:187,15
DA:190,47
DA:191,235
DA:192,126
LF:75
LH:74
end_of_record
TN:
SF:/home/runner/work/pcb2gcode/pcb2gcode/path_finding.cpp
FN:68,_ZN12path_finding15is_intersectingERKN5boost8geometry5model2d28point_xyIdNS1_2cs9cartesianEEES9_S9_S9_
FN:295,_ZN12path_finding10out_degreeEmRKNS_11PathSurfaceE
FN:306,_ZN12path_finding6sourceESt4pairImmERKNS_11PathSurfaceE
FN:310,_ZN12path_finding6targetESt4pairImmERKNS_11PathSurfaceE
FN:352,_ZN12path_finding16AstarGoalVisitor14examine_vertexEmRKNS_11PathSurfaceE.isra.43
FN:362,_ZN12path_finding27create_path_finding_surfaceERKN5boost8geometry5model13multi_polygonINS2_7polygonINS2_2d28point_xyIdNS1_2cs9cartesianEEELb1ELb1ESt6vectorSA_SaSaEESA_SaEERKNS0_8optionalISC_EEd
FN:420,_GLOBAL__sub_I__ZN12path_finding8verticesERKNS_11PathSurfaceE
FNDA:2870,_ZN12path_finding15is_intersectingERKN5boost8geometry5model2d28point_xyIdNS1_2cs9cartesianEEES9_S9_S9_
FNDA:0,_ZN12path_finding8verticesERKNS_11PathSurfaceE
FNDA:395,_ZN12path_finding20PathSurfaceHeuristicclEm
FNDA:847,_ZN12path_finding27create_path_finding_surfaceERKN5boost8geometry5model13multi_polygonINS2_7polygonINS2_2d28point_xyIdNS1_2cs9cartesianEEELb1ELb1ESt6vectorSA_SaSaEESA_SaEERKNS0_8optionalISC_EEd
FNDA:0,_ZN12path_finding12num_verticesERKNS_11PathSurfaceE
FNDA:4832,_ZN12path_finding11PathSurfaceC2ERKSt10shared_ptrIKNS_18PathFindingSurfaceEEN5boost8geometry5model2d28point_xyIdNS8_2cs9cartesianEEESE_St8functionIFbRKSE_RKdEE
FNDA:64,_GLOBAL__sub_I__ZN12path_finding8verticesERKNS_11PathSurfaceE
FNDA:135,_ZNK12path_finding11PathSurface10in_surfaceERKmS2_
FNDA:379,_ZN12path_finding16AstarGoalVisitor14examine_vertexEmRKNS_11PathSurfaceE.isra.43
FNDA:847,_ZN12path_finding18PathFindingSurfaceD2Ev
FNDA:814,_ZN12path_finding19OutEdgeIteratorImpl20move_to_valid_targetEv
FNDA:5298,_ZN12path_finding9find_pathESt10shared_ptrIKNS_18PathFindingSurfaceEERKN5boost8geometry5model2d28point_xyIdNS5_2cs9cartesianEEESD_St8functionIFbSD_RKdEE
FNDA:376,_ZN12path_finding9out_edgesERKmRKNS_11PathSurfaceE
FNDA:0,_ZN12path_finding10out_degreeEmRKNS_11PathSurfaceE
FNDA:0,_ZN12path_finding6sourceESt4pairImmERKNS_11PathSurfaceE
FNDA:0,_ZN12path_finding6targetESt4pairImmERKNS_11PathSurfaceE
FNDA:124,_ZZN12path_finding9find_pathESt10shared_ptrIKNS_18PathFindingSurfaceEERKN5boost8geometry5model2d28point_xyIdNS5_2cs9cartesianEEESD_St8functionIFbSD_RKdEEENKUlRKSt4pairImmEE_clESM_
FNDA:847,_ZN12path_finding18PathFindingSurfaceC2ERKN5boost8geometry5model13multi_polygonINS3_7polygonINS3_2d28point_xyIdNS2_2cs9cartesianEEELb1ELb1ESt6vectorSB_SaSaEESB_SaEERKNS1_8optionalISD_EEd
FNDA:4832,_ZN12path_finding11PathSurfaceD2Ev
FNF:19
FNH:14
DA:25,2541
DA:27,847
DA:29,2541
DA:30,1694
DA:31,847
DA:33,847
DA:34,1953
DA:37,1694
DA:38,4624
DA:39,122230
DA:40,117286
DA:42,5532
DA:43,53836
DA:44,51484
DA:49,2541
DA:52,10649922
DA:54,847
DA:55,1694
DA:58,1007610
DA:59,2541
DA:60,3388
DA:62,2541
DA:63,847
DA:68,2870
DA:70,5740
DA:71,5740
DA:72,5740
DA:73,5740
DA:75,2870
DA:76,2870
DA:79,2833
DA:81,5666
DA:82,5666
DA:83,2833
DA:84,2833
DA:88,1482
DA:89,1482
DA:93,790
DA:96,34
DA:99,28992
DA:101,4832
DA:103,24160
DA:104,9664
DA:105,183980
DA:106,169269
DA:107,368
DA:110,9664
DA:111,4832
DA:112,4832
DA:113,8985339
DA:114,17931802
DA:115,8965514
DA:118,9664
DA:119,4832
DA:122,4615
DA:126,8006
DA:131,4832
DA:134,135
DA:135,135
DA:136,36
DA:138,198
DA:139,198
DA:140,198
DA:141,16
DA:143,166
DA:144,166
DA:145,381
DA:146,83
DA:147,8491
DA:148,2710
DA:149,36
DA:150,18
DA:153,292
DA:154,672
DA:155,160
DA:156,32
DA:157,16
DA:162,98
DA:163,49
DA:215,736
DA:216,736
DA:218,752
DA:219,752
DA:220,1504
DA:221,752
DA:224,221
DA:227,62
DA:228,62
DA:231,73
DA:232,73
DA:233,146
DA:238,814
DA:240,2454
DA:243,1216
DA:244,376
DA:245,376
DA:247,464
DA:248,1095
DA:249,1194
DA:250,1095
DA:251,1658
DA:252,0
DA:253,0
DA:255,136
DA:256,37
DA:257,37
DA:261,449
DA:270,736
DA:277,241156
DA:280,241524
DA:287,0
DA:288,1104
DA:291,376
DA:292,774
DA:295,0
DA:296,0
DA:298,0
DA:299,0
DA:300,0
DA:303,0
DA:306,0
DA:307,0
DA:310,0
DA:311,0
DA:314,0
DA:315,736
DA:330,9568
DA:333,368
DA:334,736
DA:336,395
DA:337,1580
DA:338,1580
DA:350,736
DA:352,379
DA:353,379
DA:354,3
DA:356,376
DA:362,847
DA:366,847
DA:367,847
DA:368,2541
DA:371,5298
DA:375,10596
DA:376,5298
DA:377,5298
DA:378,10596
DA:383,4832
DA:384,9664
DA:388,1472
DA:392,248
DA:393,248
DA:394,248
DA:395,860
DA:400,2208
DA:401,368
DA:402,736
DA:403,736
DA:404,736
DA:405,1104
DA:406,6
DA:407,6
DA:408,17
DA:409,21
DA:411,9
DA:412,3
DA:413,3
DA:414,730
DA:415,365
DA:420,128
LF:169
LH:155
end_of_record
TN:
SF:/home/runner/work/pcb2gcode/pcb2gcode/segmentize.cpp
FN:59,_GLOBAL__sub_I__ZN10segmentize10segmentizeERKSt6vectorIN5boost7polygon12segment_dataIlEESaIS4_EERKS0_IbSaIbEE
FNDA:65,_GLOBAL__sub_I__ZN10segmentize10segmentizeERKSt6vectorIN5boost7polygon12segment_dataIlEESaIS4_EERKS0_IbSaIbEE
FNDA:2064,_ZN10segmentize10segmentizeERKSt6vectorIN5boost7polygon12segment_dataIlEESaIS4_EERKS0_IbSaIbEE
FNF:2
FNH:2
DA:13,49796
DA:26,2064
DA:28,4128
DA:29,6192
DA:30,2064
DA:31,229653
DA:32,221397
DA:33,442794
DA:34,664191
DA:35,221397
DA:37,33094
DA:38,16547
DA:39,33094
DA:40,33094
DA:41,33094
DA:42,33094
DA:43,41445
DA:44,16702
DA:46,16772
DA:47,16772
DA:48,8386
DA:52,4128
DA:53,6192
DA:54,8256
DA:56,2064
DA:59,130
LF:26
LH:26
end_of_record
TN:
SF:/home/runner/work/pcb2gcode/pcb2gcode/surface_vectorial.cpp
FN:108,_Z6invertRKN17MillFeedDirection17MillFeedDirectionE
FN:558,_ZZNK17Surface_vectorial19get_single_toolpathESt10shared_ptrI11RoutingMillEmbddRKN5boost8geometry5model13multi_polygonINS5_7polygonINS5_2d28point_xyIdNS4_2cs9cartesianEEELb1ELb1ESt6vectorSD_SaSaEESD_SaEEENKUlRKSC_SJ_E_clESJ_SJ_
FN:572,_ZZZNK17Surface_vectorial19get_single_toolpathESt10shared_ptrI11RoutingMillEmbddRKN5boost8geometry5model13multi_polygonINS5_7polygonINS5_2d28point_xyIdNS4_2cs9cartesianEEELb1ELb1ESt6vectorSD_SaSaEESD_SaEEENKUlRKSC_SJ_E_clESJ_SJ_ENKUlSJ_RKdE_clESJ_SM_
FN:746,_ZN17Surface_vectorial16save_debug_imageENSt7__cxx1112basic_stringIcSt11char_traitsIcESaIcEEE
FN:760,_ZN17Surface_vectorial14enable_fillingEv
FN:881,_ZN10svg_writerC2ENSt7__cxx1112basic_stringIcSt11char_traitsIcESaIcEEEN5boost8geometry5model3boxINS8_2d28point_xyIdNS7_2cs9cartesianEEEEE
FN:935,_ZN10svg_writer3addERKN5boost8geometry5model10linestringINS2_2d28point_xyIdNS1_2cs9cartesianEEESt6vectorSaEEdjjj
FN:950,_GLOBAL__sub_I__ZN17Surface_vectorial17debug_image_indexE
FN:950,_Z41__static_initialization_and_destruction_0ii
FNDA:365,_ZZZNK17Surface_vectorial19get_single_toolpathESt10shared_ptrI11RoutingMillEmbddRKN5boost8geometry5model13multi_polygonINS5_7polygonINS5_2d28point_xyIdNS4_2cs9cartesianEEELb1ELb1ESt6vectorSD_SaSaEESD_SaEEENKUlRKSC_SJ_E_clESJ_SJ_ENKUlSJ_RKdE_clESJ_SM_
FNDA:78,_ZN17Surface_vectorial12get_toolpathESt10shared_ptrI11RoutingMillEb
FNDA:0,_ZN10svg_writer3addERKN5boost8geometry5model16multi_linestringINS2_10linestringINS2_2d28point_xyIdNS1_2cs9cartesianEEESt6vectorSaEESA_SaEEdjjj
FNDA:63,_GLOBAL__sub_I__ZN17Surface_vectorial17debug_image_indexE
FNDA:1673,_Z9attach_lsRKN5boost8geometry5model10linestringINS1_2d28point_xyIdNS0_2cs9cartesianEEESt6vectorSaEERS8_ISt4pairIS9_bESaISD_EERKN17MillFeedDirection17MillFeedDirectionERKSt8functionIFNS_8optionalIS9_EERKS7_SP_EE
FNDA:82,_ZN17Surface_vectorialC2EjddddNSt7__cxx1112basic_stringIcSt11char_traitsIcESaIcEEES5_bN17MillFeedDirection17MillFeedDirectionEbb
FNDA:88,_ZNK17Surface_vectorial21post_process_toolpathERKSt10shared_ptrI11RoutingMillERKSt6vectorISt4pairIN5boost8geometry5model10linestringINS9_2d28point_xyIdNS8_2cs9cartesianEEES5_SaEEbESaISH_EE
FNDA:6241,_Z9attach_lsRKN5boost8geometry5model10linestringINS1_2d28point_xyIdNS0_2cs9cartesianEEESt6vectorSaEERSt4pairIS9_bERKN17MillFeedDirection17MillFeedDirectionERKSt8functionIFNS_8optionalIS9_EERKS7_SN_EE
FNDA:88,_Z15mirror_toolpathRKN5boost8geometry5model16multi_linestringINS1_10linestringINS1_2d28point_xyIdNS0_2cs9cartesianEEESt6vectorSaEES9_SaEEb
FNDA:14,_Z20find_thermal_reliefsRKN5boost8geometry5model13multi_polygonINS1_7polygonINS1_2d28point_xyIdNS0_2cs9cartesianEEELb1ELb1ESt6vectorS9_SaSaEES9_SaEEd
FNDA:35,_ZN17Surface_vectorial14enable_fillingEv
FNDA:33,_ZN17Surface_vectorial8add_maskESt10shared_ptrIS_E
FNDA:0,_Z6invertRKN17MillFeedDirection17MillFeedDirectionE
FNDA:86,_Z11flatten_mlsRKSt6vectorIS_ISt4pairIN5boost8geometry5model10linestringINS3_2d28point_xyIdNS2_2cs9cartesianEEES_SaEEbESaISB_EESaISD_EE
FNDA:842,_ZNK17Surface_vectorial14offset_polygonERKN5boost8optionalINS0_8geometry5model7polygonINS3_2d28point_xyIdNS2_2cs9cartesianEEELb1ELb1ESt6vectorSA_SaSaEEEERKSB_ddjb
FNDA:63,_Z41__static_initialization_and_destruction_0ii
FNDA:8,_ZN10svg_writer3addERKN5boost8geometry5model16multi_linestringINS2_10linestringINS2_2d28point_xyIdNS1_2cs9cartesianEEESt6vectorSaEESA_SaEEdb
FNDA:82,_ZN17Surface_vectorial6renderESt10shared_ptrI14GerberImporterE
FNDA:299,_ZN10svg_writerC2ENSt7__cxx1112basic_stringIcSt11char_traitsIcESaIcEEEN5boost8geometry5model3boxINS8_2d28point_xyIdNS7_2cs9cartesianEEEEE
FNDA:1444,_Z15attach_polygonsRKN5boost8geometry5model13multi_polygonINS1_7polygonINS1_2d28point_xyIdNS0_2cs9cartesianEEELb1ELb1ESt6vectorS9_SaSaEES9_SaEERS9_ISt4pairINS1_10linestringIS8_S9_SaEEbESaISH_EERKN17MillFeedDirection17MillFeedDirectionESD_RKSt8functionIFNS_8optionalISG_EERKS8_ST_EE
FNDA:5621,_Z11attach_ringRKN5boost8geometry5model10linestringINS1_2d28point_xyIdNS0_2cs9cartesianEEESt6vectorSaEERSt4pairIS9_bERKN17MillFeedDirection17MillFeedDirectionERKSt8functionIFNS_8optionalIS9_EERKS7_SN_EE
FNDA:291,_ZN10svg_writer3addIN5boost8geometry5model13multi_polygonINS3_7polygonINS3_2d28point_xyIdNS2_2cs9cartesianEEELb1ELb1ESt6vectorSB_SaSaEESB_SaEEEEvRKT_db
FNDA:88,_Z14mls_to_icoordsRKN5boost8geometry5model16multi_linestringINS1_10linestringINS1_2d28point_xyIdNS0_2cs9cartesianEEESt6vectorSaEES9_SaEE
FNDA:5292,_ZZNK17Surface_vectorial19get_single_toolpathESt10shared_ptrI11RoutingMillEmbddRKN5boost8geometry5model13multi_polygonINS5_7polygonINS5_2d28point_xyIdNS4_2cs9cartesianEEELb1ELb1ESt6vectorSD_SaSaEESD_SaEEENKUlRKSC_SJ_E_clESJ_SJ_
FNDA:842,_ZNK17Surface_vectorial19get_single_toolpathESt10shared_ptrI11RoutingMillEmbddRKN5boost8geometry5model13multi_polygonINS5_7polygonINS5_2d28point_xyIdNS4_2cs9cartesianEEELb1ELb1ESt6vectorSD_SaSaEESD_SaEE
FNDA:3402,_ZN10svg_writer3addERKN5boost8geometry5model10linestringINS2_2d28point_xyIdNS1_2cs9cartesianEEESt6vectorSaEEdjjj
FNDA:1694,_Z11attach_ringRKN5boost8geometry5model4ringINS1_2d28point_xyIdNS0_2cs9cartesianEEELb1ELb1ESt6vectorSaEERS8_ISt4pairINS1_10linestringIS7_S8_SaEEbESaISF_EERKN17MillFeedDirection17MillFeedDirectionERKNS1_13multi_polygonINS1_7polygonIS7_Lb1ELb1ES8_S8_SaSaEES8_SaEERKSt8functionIFNS_8optionalISE_EERKS7_SX_EE
FNDA:115,_ZN17Surface_vectorial16save_debug_imageENSt7__cxx1112basic_stringIcSt11char_traitsIcESaIcEEE
FNDA:88,_ZNK17Surface_vectorial10write_svgsERKNSt7__cxx1112basic_stringIcSt11char_traitsIcESaIcEEEdRKSt6vectorIS8_ISt4pairIN5boost8geometry5model10linestringINSC_2d28point_xyIdNSB_2cs9cartesianEEES8_SaEEbESaISK_EESaISM_EEdb
FNF:29
FNH:27
DA:68,82
DA:73,82
DA:75,82
DA:76,82
DA:83,656
DA:85,82
DA:86,164
DA:88,82
DA:89,1
DA:92,2
DA:96,82
DA:97,164
DA:98,246
DA:99,248
DA:100,8
DA:101,6
DA:102,4
DA:105,82
DA:108,0
DA:109,1235
DA:111,1193
DA:114,0
DA:118,88
DA:120,88
DA:121,2155
DA:122,3606
DA:123,55448
DA:124,48236
DA:125,144708
DA:126,144708
DA:129,1803
DA:131,88
DA:134,88
DA:135,88
DA:136,2155
DA:137,3606
DA:138,55448
DA:139,289416
DA:142,88
DA:147,14
DA:150,28
DA:151,14
DA:152,392
DA:153,1572
DA:154,422
DA:155,228
DA:156,422
DA:157,228
DA:158,228
DA:159,228
DA:160,34
DA:162,388
DA:163,388
DA:164,194
DA:167,14
DA:170,86
DA:171,86
DA:172,1186
DA:173,4210
DA:175,86
DA:178,88
DA:182,528
DA:183,528
DA:184,176
DA:185,88
DA:186,88
DA:187,88
DA:188,176
DA:189,932
DA:190,1688
DA:191,844
DA:192,844
DA:193,844
DA:194,4577
DA:195,1201
DA:196,1201
DA:199,844
DA:200,2292
DA:201,1140
DA:202,1710
DA:203,1140
DA:204,3087
DA:205,807
DA:207,1710
DA:208,570
DA:209,114
DA:210,48
DA:212,114
DA:217,88
DA:218,8
DA:222,88
DA:223,176
DA:224,358
DA:225,6
DA:227,88
DA:232,88
DA:234,88
DA:235,88
DA:236,261
DA:238,2
DA:239,23
DA:240,19
DA:243,88
DA:244,240
DA:246,16
DA:249,88
DA:250,176
DA:251,176
DA:252,88
DA:254,88
DA:264,5621
DA:268,5621
DA:269,5621
DA:270,11242
DA:271,16863
DA:272,809864
DA:273,787380
DA:274,78777
DA:275,26259
DA:276,26259
DA:278,787380
DA:279,18909
DA:280,6303
DA:281,6303
DA:285,10042
DA:286,12442
DA:287,5621
DA:290,1950
DA:291,1950
DA:292,390
DA:293,1560
DA:294,1560
DA:298,2730
DA:299,390
DA:300,780
DA:304,390
DA:308,81
DA:309,81
DA:310,27
DA:313,1089
DA:314,726
DA:317,390
DA:318,390
DA:321,6241
DA:325,6241
DA:327,6241
DA:329,6241
DA:330,6241
DA:333,24964
DA:334,6241
DA:335,6241
DA:336,6241
DA:337,24964
DA:340,24964
DA:341,3388
DA:342,3388
DA:343,3388
DA:344,13552
DA:347,6241
DA:350,24960
DA:351,2602
DA:352,2602
DA:353,2602
DA:354,10408
DA:357,24960
DA:358,1204
DA:359,1204
DA:360,1204
DA:361,4816
DA:364,6241
DA:366,6230
DA:369,24920
DA:370,0
DA:371,0
DA:372,0
DA:373,0
DA:376,24920
DA:377,0
DA:378,0
DA:379,0
DA:380,0
DA:383,6230
DA:386,24920
DA:387,0
DA:388,0
DA:389,0
DA:390,0
DA:393,24920
DA:394,0
DA:395,0
DA:396,0
DA:397,0
DA:402,6241
DA:405,12482
DA:406,12482
DA:409,6241
DA:410,6241
DA:413,75
DA:416,150
DA:417,600
DA:418,150
DA:419,75
DA:420,108
DA:422,192
DA:425,75
DA:426,75
DA:429,1673
DA:433,6692
DA:436,10631
DA:437,5621
DA:442,7458
DA:443,6241
DA:448,1208
DA:449,80
DA:450,1198
DA:451,224
DA:453,9360
DA:463,1694
DA:468,3388
DA:469,10164
DA:470,5082
DA:471,3388
DA:472,8372
DA:473,6384
DA:475,5082
DA:476,8328
DA:477,1552
DA:479,1694
DA:484,1444
DA:491,7189
DA:492,1413
DA:495,4894
DA:496,1725
DA:497,8594
DA:498,3388
DA:499,281
DA:500,562
DA:504,1444
DA:516,842
DA:521,842
DA:522,842
DA:524,1684
DA:529,1649
DA:530,807
DA:531,1649
DA:532,1614
DA:533,807
DA:534,2421
DA:535,1684
DA:536,1649
DA:538,1684
DA:539,2526
DA:540,1944
DA:542,2526
DA:545,1684
DA:546,1684
DA:547,842
DA:548,1684
DA:549,842
DA:550,2592
DA:552,1684
DA:558,5292
DA:564,37044
DA:565,37044
DA:566,5292
DA:567,5292
DA:568,10584
DA:569,5292
DA:570,5292
DA:572,365
DA:573,730
DA:574,365
DA:576,0
DA:580,0
DA:581,0
DA:584,0
DA:585,10584
DA:586,26460
DA:587,2526
DA:594,842
DA:595,4572
DA:596,2888
DA:597,1444
DA:598,1444
DA:599,602
DA:602,183
DA:605,419
DA:608,1444
DA:610,1052
DA:612,1444
DA:615,842
DA:619,78
DA:621,234
DA:622,314
DA:623,4
DA:625,78
DA:626,20
DA:628,78
DA:630,312
DA:632,156
DA:633,78
DA:634,90
DA:635,42
DA:637,90
DA:638,135
DA:639,180
DA:641,135
DA:642,98
DA:643,106
DA:644,53
DA:645,159
DA:647,860
DA:648,850
DA:649,1614
DA:650,807
DA:652,129
DA:653,86
DA:654,172
DA:655,129
DA:658,807
DA:659,2464
DA:660,807
DA:661,102
DA:662,68
DA:663,272
DA:664,272
DA:665,408
DA:666,673
DA:667,516
DA:670,34
DA:672,807
DA:673,4261
DA:674,2066
DA:675,2066
DA:676,2066
DA:679,1614
DA:680,807
DA:682,764
DA:684,86
DA:685,86
DA:686,235
DA:687,63
DA:689,86
DA:690,43
DA:691,215
DA:693,212
DA:694,106
DA:695,106
DA:696,159
DA:697,318
DA:700,182
DA:701,2
DA:702,2
DA:705,4
DA:710,6570
DA:711,6
DA:712,129
DA:713,121
DA:715,2
DA:716,129
DA:717,242
DA:718,242
DA:719,242
DA:722,8
DA:723,6
DA:724,6
DA:725,10
DA:727,45
DA:729,33
DA:730,33
DA:731,99
DA:732,99
DA:734,68
DA:735,210
DA:736,70
DA:738,132
DA:739,66
DA:740,99
DA:741,231
DA:743,0
DA:746,115
DA:748,460
DA:749,345
DA:751,115
DA:752,230
DA:753,462
DA:754,2
DA:757,115
DA:758,115
DA:760,35
DA:761,35
DA:762,35
DA:764,33
DA:765,66
DA:766,231
DA:767,132
DA:768,0
DA:770,33
DA:773,842
DA:780,842
DA:783,1684
DA:784,1154
DA:785,842
DA:788,388
DA:789,194
DA:790,194
DA:795,1684
DA:796,842
DA:797,1296
DA:800,1684
DA:803,842
DA:804,1285
DA:808,585
DA:810,470
DA:811,470
DA:812,940
DA:814,230
DA:816,1755
DA:820,3802
DA:822,1523
DA:824,919
DA:829,604
DA:833,206
DA:835,398
DA:837,604
DA:838,36
DA:840,568
DA:843,2931
DA:844,1487
DA:848,1718
DA:850,859
DA:852,859
DA:853,2433
DA:855,144
DA:858,2931
DA:859,1487
DA:863,4886
DA:867,1487
DA:868,408
DA:870,4264
DA:875,1444
DA:878,842
DA:881,299
DA:883,598
DA:886,897
DA:888,897
DA:890,897
DA:892,897
DA:896,2093
DA:898,897
DA:899,598
DA:900,897
DA:901,299
DA:904,291
DA:906,873
DA:908,3376
DA:910,2212
DA:911,2212
DA:912,2212
DA:914,4424
DA:915,4424
DA:917,11060
DA:918,8848
DA:919,6636
DA:921,291
DA:923,8
DA:924,24
DA:926,516
DA:927,484
DA:928,484
DA:929,484
DA:931,484
DA:933,8
DA:935,3402
DA:937,10206
DA:938,10206
DA:939,20412
DA:941,17010
DA:944,3402
DA:946,0
DA:947,972
DA:948,516
DA:950,189
LF:483
LH:458
end_of_record
TN:
SF:/home/runner/work/pcb2gcode/pcb2gcode/surface_vectorial.hpp
FN:105,_ZN10svg_writerD2Ev
FNDA:299,_ZN10svg_writerD2Ev
FNDA:82,_ZN17Surface_vectorialD2Ev
FNF:2
FNH:2
DA:46,492
DA:60,372
DA:64,372
DA:105,598
LF:4
LH:4
end_of_record
TN:
SF:/home/runner/work/pcb2gcode/pcb2gcode/tile.cpp
FN:29,_ZN6TilingC2ENS_8TileInfoEdi
FN:32,_ZN6Tiling6headerERSt14basic_ofstreamIcSt11char_traitsIcEE
FN:55,_ZN6Tiling6footerERSt14basic_ofstreamIcSt11char_traitsIcEE
FN:81,_ZN6Tiling12tileSequenceERSt14basic_ofstreamIcSt11char_traitsIcEE
FN:105,_ZN6Tiling16generateTileInfoERKN5boost15program_options13variables_mapEdd
FN:134,_Z41__static_initialization_and_destruction_0ii
FN:134,_GLOBAL__sub_I__ZN6TilingC2ENS_8TileInfoEdi
FNDA:63,_GLOBAL__sub_I__ZN6TilingC2ENS_8TileInfoEdi
FNDA:79,_ZN6Tiling16generateTileInfoERKN5boost15program_options13variables_mapEdd
FNDA:112,_ZN6Tiling6headerERSt14basic_ofstreamIcSt11char_traitsIcEE
FNDA:7,_ZN6Tiling12tileSequenceERSt14basic_ofstreamIcSt11char_traitsIcEE
FNDA:63,_Z41__static_initialization_and_destruction_0ii
FNDA:112,_ZN6TilingC2ENS_8TileInfoEdi
FNDA:112,_ZN6Tiling6footerERSt14basic_ofstreamIcSt11char_traitsIcEE
FNF:7
FNH:7
DA:29,112
DA:30,224
DA:32,112
DA:34,112
DA:36,27
DA:38,7
DA:39,14
DA:40,7
DA:42,0
DA:44,0
DA:45,0
DA:46,0
DA:53,112
DA:55,112
DA:57,112
DA:59,27
DA:61,7
DA:62,14
DA:63,7
DA:64,7
DA:67,0
DA:69,0
DA:70,0
DA:77,112
DA:78,105
DA:79,112
DA:81,7
DA:83,7
DA:84,7
DA:85,7
DA:87,21
DA:89,28
DA:90,42
DA:92,56
DA:93,84
DA:94,56
DA:96,14
DA:97,35
DA:100,14
DA:101,7
DA:102,0
DA:103,7
DA:105,79
DA:110,669
DA:111,395
DA:112,395
DA:113,79
DA:114,79
DA:116,395
DA:117,75
DA:119,20
DA:122,79
DA:124,76
DA:125,76
DA:129,3
DA:130,3
DA:133,79
DA:134,189
LF:58
LH:50
end_of_record
TN:
SF:/home/runner/work/pcb2gcode/pcb2gcode/tile.hpp
FNF:0
FNH:0
DA:30,224
DA:53,276
DA:58,52
LF:3
LH:3
end_of_record
TN:
SF:/home/runner/work/pcb2gcode/pcb2gcode/tsp_solver.hpp
FN:112,_ZN10tsp_solver17nearest_neighbourISt4pairIS1_IddES2_ES2_EEvRSt6vectorIT_SaIS5_EERKT0_
FN:157,_ZN10tsp_solver8tsp_2optISt4pairIddES1_IS2_S2_EEEvRSt6vectorIT0_SaIS5_EERKN5boost8optionalIT_EE
FN:157,_ZN10tsp_solver8tsp_2optISt4pairIddES2_EEvRSt6vectorIT0_SaIS4_EERKN5boost8optionalIT_EE
FNDA:62,_ZN10tsp_solver17nearest_neighbourISt4pairIS1_IddES2_ES2_EEvRSt6vectorIT_SaIS5_EERKT0_
FNDA:80,_ZN10tsp_solver8tsp_2optIN5boost8geometry5model2d28point_xyIdNS2_2cs9cartesianEEENS3_10linestringIS8_St6vectorSaEEEEvRSA_IT0_SaISC_EERKNS1_8optionalIT_EE
FNDA:88,_ZN10tsp_solver17nearest_neighbourIN5boost8geometry5model10linestringINS3_2d28point_xyIdNS2_2cs9cartesianEEESt6vectorSaEES9_EEvRSA_IT_SaISC_EERKT0_
FNDA:4,_ZN10tsp_solver8tsp_2optISt4pairIddES2_EEvRSt6vectorIT0_SaIS4_EERKN5boost8optionalIT_EE
FNDA:58,_ZN10tsp_solver8tsp_2optISt4pairIddES1_IS2_S2_EEEvRSt6vectorIT0_SaIS5_EERKN5boost8optionalIT_EE
FNDA:6,_ZN10tsp_solver17nearest_neighbourISt4pairIddES2_EEvRSt6vectorIT_SaIS4_EERKT0_
FNF:6
FNH:6
DA:40,161797
DA:62,30627
DA:64,25904
DA:69,2118
DA:75,2476464
DA:77,2220304
DA:83,90392
DA:91,867436
DA:92,867436
DA:100,11689609
DA:101,11689609
DA:112,156
DA:113,312
DA:114,760
DA:115,304
DA:118,304
DA:121,152
DA:123,152
DA:126,456
DA:127,8696
DA:128,16176
DA:130,152
DA:131,5848
DA:132,8544
DA:133,5696
DA:136,244832
DA:137,354432
DA:138,118144
DA:139,106149
DA:140,35719
DA:144,2848
DA:145,2848
DA:146,6741
DA:147,5696
DA:150,152
DA:151,98
DA:153,156
DA:157,142
DA:159,285
DA:160,142
DA:161,471
DA:163,33202
DA:164,1839930
DA:166,1818234
DA:167,1807386
DA:168,1785690
DA:169,1818234
DA:170,4210002
DA:171,2424112
DA:172,1796538
DA:173,2424112
DA:174,1796538
DA:176,606078
DA:178,5304
DA:179,7072
DA:180,50850
DA:181,47314
DA:184,195
DA:189,142
DA:193,282
DA:198,2
LF:61
LH:61
end_of_record
TN:
SF:/home/runner/work/pcb2gcode/pcb2gcode/unique_codes.hpp
[...]
FNDA:70,_ZN5Lexer11get_percentEv
FNDA:7,_ZN8SoftwarelsERSoRKNS_8SoftwareE.isra.36
FNDA:64,_ZlsI4UnitIN5boost5units4unitINS2_4listINS2_3dimINS2_21length_base_dimensionENS2_15static_rationalILl1ELl1EEEEENS2_18dimensionless_typeEEENS2_18homogeneous_systemINS4_INS2_2si15meter_base_unitENS4_INS2_16scaled_base_unitINS2_3cgs14gram_base_unitENS2_5scaleILl10ENS7_ILl3ELl1EEEEEEENS4_INSD_16second_base_unitENS4_INSD_16ampere_base_unitENS4_INSD_16kelvin_base_unitENS4_INSD_14mole_base_unitENS4_INSD_17candela_base_unitENS4_INS2_5angle16radian_base_unitENS4_INSR_19steradian_base_unitESA_EEEEEEEEEEEEEEEEEEEEvEEEERSoS16_RKSt6vectorI14CommaSeparatedIT_ESaIS1A_EE
FNDA:2,_ZN21units_parse_exceptionC2ERKNSt7__cxx1112basic_stringIcSt11char_traitsIcESaIcEEE
FNDA:65,_ZlsI14AvailableDrillERSoS1_RKSt6vectorI14CommaSeparatedIT_ESaIS5_EE
FNDA:3,_ZN8SoftwarersERSiRNS_8SoftwareE
FNDA:128,_ZlsRSoRK8UnitBaseIN5boost5units4unitINS2_4listINS2_3dimINS2_21length_base_dimensionENS2_15static_rationalILl1ELl1EEEEENS4_INS5_INS2_19time_base_dimensionENS7_ILln1ELl1EEEEENS2_18dimensionless_typeEEEEENS2_18homogeneous_systemINS4_INS2_2si15meter_base_unitENS4_INS2_16scaled_base_unitINS2_3cgs14gram_base_unitENS2_5scaleILl10ENS7_ILl3ELl1EEEEEEENS4_INSH_16second_base_unitENS4_INSH_16ampere_base_unitENS4_INSH_16kelvin_base_unitENS4_INSH_14mole_base_unitENS4_INSH_17candela_base_unitENS4_INS2_5angle16radian_base_unitENS4_INSV_19steradian_base_unitESD_EEEEEEEEEEEEEEEEEEEEvEEE
FNDA:0,_ZN21units_parse_exceptionD0Ev
FNDA:14,_ZN14CommaSeparatedI14AvailableDrillE4readERSi
FNDA:306,_Z10parse_unitI4UnitIN5boost5units4unitINS2_4listINS2_3dimINS2_21length_base_dimensionENS2_15static_rationalILl1ELl1EEEEENS4_INS5_INS2_19time_base_dimensionENS7_ILln1ELl1EEEEENS2_18dimensionless_typeEEEEENS2_18homogeneous_systemINS4_INS2_2si15meter_base_unitENS4_INS2_16scaled_base_unitINS2_3cgs14gram_base_unitENS2_5scaleILl10ENS7_ILl3ELl1EEEEEEENS4_INSH_16second_base_unitENS4_INSH_16ampere_base_unitENS4_INSH_16kelvin_base_unitENS4_INSH_14mole_base_unitENS4_INSH_17candela_base_unitENS4_INS2_5angle16radian_base_unitENS4_INSV_19steradian_base_unitESD_EEEEEEEEEEEEEEEEEEEEvEEEET_RKNSt7__cxx1112basic_stringIcSt11char_traitsIcESaIcEEE
FNDA:226,_ZN5Lexer12get_divisionEv
FNDA:783,_Z10parse_unitI4UnitIN5boost5units4unitINS2_4listINS2_3dimINS2_21length_base_dimensionENS2_15static_rationalILl1ELl1EEEEENS2_18dimensionless_typeEEENS2_18homogeneous_systemINS4_INS2_2si15meter_base_unitENS4_INS2_16scaled_base_unitINS2_3cgs14gram_base_unitENS2_5scaleILl10ENS7_ILl3ELl1EEEEEEENS4_INSD_16second_base_unitENS4_INSD_16ampere_base_unitENS4_INSD_16kelvin_base_unitENS4_INSD_14mole_base_unitENS4_INSD_17candela_base_unitENS4_INS2_5angle16radian_base_unitENS4_INSR_19steradian_base_unitESA_EEEEEEEEEEEEEEEEEEEEvEEEET_RKNSt7__cxx1112basic_stringIcSt11char_traitsIcESaIcEEE
FNDA:171,_ZrsIN5boost5units4unitINS1_4listINS1_3dimI18rpm_base_dimensionNS1_15static_rationalILl1ELl1EEEEENS1_18dimensionless_typeEEENS1_20heterogeneous_systemINS1_25heterogeneous_system_implINS3_INS1_24heterogeneous_system_dimI13rpm_base_unitS7_EES9_EESA_S9_EEEEvEEERSiSK_R4UnitIT_E
FNDA:2,_ZN20comparison_exceptionD2Ev
FNDA:30,_ZNK21units_parse_exception4whatEv
FNDA:26,_Z7flattenI14AvailableDrillESt6vectorIT_SaIS2_EERKS1_I14CommaSeparatedIS2_ESaIS6_EE
FNDA:1415,_ZN5Lexer10get_stringIbEENSt7__cxx1112basic_stringIcSt11char_traitsIcESaIcEEEPFT_iE
FNDA:1133,_ZN5Lexer8get_wordB5cxx11Ev
FNDA:64,_ZNK14CommaSeparatedI4UnitIN5boost5units4unitINS2_4listINS2_3dimINS2_21length_base_dimensionENS2_15static_rationalILl1ELl1EEEEENS2_18dimensionless_typeEEENS2_18homogeneous_systemINS4_INS2_2si15meter_base_unitENS4_INS2_16scaled_base_unitINS2_3cgs14gram_base_unitENS2_5scaleILl10ENS7_ILl3ELl1EEEEEEENS4_INSD_16second_base_unitENS4_INSD_16ampere_base_unitENS4_INSD_16kelvin_base_unitENS4_INSD_14mole_base_unitENS4_INSD_17candela_base_unitENS4_INS2_5angle16radian_base_unitENS4_INSR_19steradian_base_unitESA_EEEEEEEEEEEEEEEEEEEEvEEEE5writeERSo
FNDA:1415,_ZN5Lexer10get_doubleEv
FNDA:183,_ZN4UnitIN5boost5units4unitINS1_4listINS1_3dimINS1_21length_base_dimensionENS1_15static_rationalILl1ELl1EEEEENS3_INS4_INS1_19time_base_dimensionENS6_ILln1ELl1EEEEENS1_18dimensionless_typeEEEEENS1_18homogeneous_systemINS3_INS1_2si15meter_base_unitENS3_INS1_16scaled_base_unitINS1_3cgs14gram_base_unitENS1_5scaleILl10ENS6_ILl3ELl1EEEEEEENS3_INSG_16second_base_unitENS3_INSG_16ampere_base_unitENS3_INSG_16kelvin_base_unitENS3_INSG_14mole_base_unitENS3_INSG_17candela_base_unitENS3_INS1_5angle16radian_base_unitENS3_INSU_19steradian_base_unitESC_EEEEEEEEEEEEEEEEEEEEvEEE8get_unitER5Lexer
FNDA:1,_ZN8SoftwarelsERSoRKNS_8SoftwareE.isra.39
FNDA:64,_ZlsRSoRK8UnitBaseIN5boost5units4unitINS2_4listINS2_3dimI22percent_base_dimensionNS2_15static_rationalILl1ELl1EEEEENS2_18dimensionless_typeEEENS2_20heterogeneous_systemINS2_25heterogeneous_system_implINS4_INS2_24heterogeneous_system_dimI17percent_base_unitS8_EESA_EESB_SA_EEEEvEEE
FNDA:70,_Z10parse_unitI4UnitIN5boost5units4unitINS2_4listINS2_3dimI22percent_base_dimensionNS2_15static_rationalILl1ELl1EEEEENS2_18dimensionless_typeEEENS2_20heterogeneous_systemINS2_25heterogeneous_system_implINS4_INS2_24heterogeneous_system_dimI17percent_base_unitS8_EESA_EESB_SA_EEEEvEEEET_RKNSt7__cxx1112basic_stringIcSt11char_traitsIcESaIcEEE
FNDA:43,_Z7flattenI4UnitIN5boost5units4unitINS2_4listINS2_3dimINS2_21length_base_dimensionENS2_15static_rationalILl1ELl1EEEEENS2_18dimensionless_typeEEENS2_18homogeneous_systemINS4_INS2_2si15meter_base_unitENS4_INS2_16scaled_base_unitINS2_3cgs14gram_base_unitENS2_5scaleILl10ENS7_ILl3ELl1EEEEEEENS4_INSD_16second_base_unitENS4_INSD_16ampere_base_unitENS4_INSD_16kelvin_base_unitENS4_INSD_14mole_base_unitENS4_INSD_17candela_base_unitENS4_INS2_5angle16radian_base_unitENS4_INSR_19steradian_base_unitESA_EEEEEEEEEEEEEEEEEEEEvEEEESt6vectorIT_SaIS17_EERKS16_I14CommaSeparatedIS17_ESaIS1B_EE
FNDA:178,_ZrsIN5boost5units4unitINS1_4listINS1_3dimINS1_21length_base_dimensionENS1_15static_rationalILl1ELl1EEEEENS3_INS4_INS1_19time_base_dimensionENS6_ILln1ELl1EEEEENS1_18dimensionless_typeEEEEENS1_18homogeneous_systemINS3_INS1_2si15meter_base_unitENS3_INS1_16scaled_base_unitINS1_3cgs14gram_base_unitENS1_5scaleILl10ENS6_ILl3ELl1EEEEEEENS3_INSG_16second_base_unitENS3_INSG_16ampere_base_unitENS3_INSG_16kelvin_base_unitENS3_INSG_14mole_base_unitENS3_INSG_17candela_base_unitENS3_INS1_5angle16radian_base_unitENS3_INSU_19steradian_base_unitESC_EEEEEEEEEEEEEEEEEEEEvEEERSiS18_R4UnitIT_E
FNDA:6772,_ZN5Lexer10get_stringIiEENSt7__cxx1112basic_stringIcSt11char_traitsIcESaIcEEEPFT_iE
FNDA:5619,_ZZN5Lexer10get_doubleEvENUliE_4_FUNEi
FNDA:299,_ZN5Lexer9get_exactERKNSt7__cxx1112basic_stringIcSt11char_traitsIcESaIcEEE
FNDA:7,_ZNK14CommaSeparatedI14AvailableDrillE5writeERSo
FNDA:4,_ZNK8UnitBaseIN5boost5units4unitINS1_4listINS1_3dimI22percent_base_dimensionNS1_15static_rationalILl1ELl1EEEEENS1_18dimensionless_typeEEENS1_20heterogeneous_systemINS1_25heterogeneous_system_implINS3_INS1_24heterogeneous_system_dimI17percent_base_unitS7_EES9_EESA_S9_EEEEvEEEltERKSK_
FNDA:0,_ZZN5Lexer10get_doubleEvENKUliE_clEi
FNDA:0,_ZNK20comparison_exception4whatEv
FNDA:54,_ZN4UnitIN5boost5units4unitINS1_4listINS1_3dimI25revolution_base_dimensionNS1_15static_rationalILl1ELl1EEEEENS1_18dimensionless_typeEEENS1_20heterogeneous_systemINS1_25heterogeneous_system_implINS3_INS1_24heterogeneous_system_dimI20revolution_base_unitS7_EES9_EESA_S9_EEEEvEEE8get_unitER5Lexer
FNDA:49,_ZNK15percent_visitorclERK4UnitIN5boost5units4unitINS2_4listINS2_3dimI22percent_base_dimensionNS2_15static_rationalILl1ELl1EEEEENS2_18dimensionless_typeEEENS2_20heterogeneous_systemINS2_25heterogeneous_system_implINS4_INS2_24heterogeneous_system_dimI17percent_base_unitS8_EESA_EESB_SA_EEEEvEEE
FNDA:96,_ZN9BoardSidersERSiRNS_9BoardSideE
FNDA:2,_ZNK8UnitBaseIN5boost5units4unitINS1_4listINS1_3dimI22percent_base_dimensionNS1_15static_rationalILl1ELl1EEEEENS1_18dimensionless_typeEEENS1_20heterogeneous_systemINS1_25heterogeneous_system_implINS3_INS1_24heterogeneous_system_dimI17percent_base_unitS7_EES9_EESA_S9_EEEEvEEEeqERKSK_
FNDA:733,_ZN4UnitIN5boost5units4unitINS1_4listINS1_3dimINS1_21length_base_dimensionENS1_15static_rationalILl1ELl1EEEEENS1_18dimensionless_typeEEENS1_18homogeneous_systemINS3_INS1_2si15meter_base_unitENS3_INS1_16scaled_base_unitINS1_3cgs14gram_base_unitENS1_5scaleILl10ENS6_ILl3ELl1EEEEEEENS3_INSC_16second_base_unitENS3_INSC_16ampere_base_unitENS3_INSC_16kelvin_base_unitENS3_INSC_14mole_base_unitENS3_INSC_17candela_base_unitENS3_INS1_5angle16radian_base_unitENS3_INSQ_19steradian_base_unitES9_EEEEEEEEEEEEEEEEEEEEvEEE8get_unitER5Lexer
FNDA:22,_ZN17MillFeedDirectionrsERSiRNS_17MillFeedDirectionE
FNDA:128,_ZN9BoardSidelsERSoRKNS_9BoardSideE.isra.37
FNDA:460,_ZlsRSoRK8UnitBaseIN5boost5units4unitINS2_4listINS2_3dimINS2_21length_base_dimensionENS2_15static_rationalILl1ELl1EEEEENS2_18dimensionless_typeEEENS2_18homogeneous_systemINS4_INS2_2si15meter_base_unitENS4_INS2_16scaled_base_unitINS2_3cgs14gram_base_unitENS2_5scaleILl10ENS7_ILl3ELl1EEEEEEENS4_INSD_16second_base_unitENS4_INSD_16ampere_base_unitENS4_INSD_16kelvin_base_unitENS4_INSD_14mole_base_unitENS4_INSD_17candela_base_unitENS4_INS2_5angle16radian_base_unitENS4_INSR_19steradian_base_unitESA_EEEEEEEEEEEEEEEEEEEEvEEE
FNDA:35,_ZNK8UnitBaseIN5boost5units4unitINS1_4listINS1_3dimINS1_21length_base_dimensionENS1_15static_rationalILl1ELl1EEEEENS1_18dimensionless_typeEEENS1_18homogeneous_systemINS3_INS1_2si15meter_base_unitENS3_INS1_16scaled_base_unitINS1_3cgs14gram_base_unitENS1_5scaleILl10ENS6_ILl3ELl1EEEEEEENS3_INSC_16second_base_unitENS3_INSC_16ampere_base_unitENS3_INSC_16kelvin_base_unitENS3_INSC_14mole_base_unitENS3_INSC_17candela_base_unitENS3_INS1_5angle16radian_base_unitENS3_INSQ_19steradian_base_unitES9_EEEEEEEEEEEEEEEEEEEEvEEEeqERKS14_
FNDA:10,_Z10parse_unitI4UnitIN5boost5units4unitINS2_4listINS2_3dimI25revolution_base_dimensionNS2_15static_rationalILl1ELl1EEEEENS2_18dimensionless_typeEEENS2_20heterogeneous_systemINS2_25heterogeneous_system_implINS4_INS2_24heterogeneous_system_dimI20revolution_base_unitS8_EESA_EESB_SA_EEEEvEEEET_RKNSt7__cxx1112basic_stringIcSt11char_traitsIcESaIcEEE
FNDA:64,_ZlsRSoRK8UnitBaseIN5boost5units4unitINS2_4listINS2_3dimINS2_19time_base_dimensionENS2_15static_rationalILl1ELl1EEEEENS2_18dimensionless_typeEEENS2_18homogeneous_systemINS4_INS2_2si15meter_base_unitENS4_INS2_16scaled_base_unitINS2_3cgs14gram_base_unitENS2_5scaleILl10ENS7_ILl3ELl1EEEEEEENS4_INSD_16second_base_unitENS4_INSD_16ampere_base_unitENS4_INSD_16kelvin_base_unitENS4_INSD_14mole_base_unitENS4_INSD_17candela_base_unitENS4_INS2_5angle16radian_base_unitENS4_INSR_19steradian_base_unitESA_EEEEEEEEEEEEEEEEEEEEvEEE
FNDA:18,_ZN14CommaSeparatedI4UnitIN5boost5units4unitINS2_4listINS2_3dimINS2_21length_base_dimensionENS2_15static_rationalILl1ELl1EEEEENS2_18dimensionless_typeEEENS2_18homogeneous_systemINS4_INS2_2si15meter_base_unitENS4_INS2_16scaled_base_unitINS2_3cgs14gram_base_unitENS2_5scaleILl10ENS7_ILl3ELl1EEEEEEENS4_INSD_16second_base_unitENS4_INSD_16ampere_base_unitENS4_INSD_16kelvin_base_unitENS4_INSD_14mole_base_unitENS4_INSD_17candela_base_unitENS4_INS2_5angle16radian_base_unitENS4_INSR_19steradian_base_unitESA_EEEEEEEEEEEEEEEEEEEEvEEEE4readERSi
FNDA:11,_ZrsIN5boost5units4unitINS1_4listINS1_3dimINS1_19time_base_dimensionENS1_15static_rationalILl1ELl1EEEEENS1_18dimensionless_typeEEENS1_18homogeneous_systemINS3_INS1_2si15meter_base_unitENS3_INS1_16scaled_base_unitINS1_3cgs14gram_base_unitENS1_5scaleILl10ENS6_ILl3ELl1EEEEEEENS3_INSC_16second_base_unitENS3_INSC_16ampere_base_unitENS3_INSC_16kelvin_base_unitENS3_INSC_14mole_base_unitENS3_INSC_17candela_base_unitENS3_INS1_5angle16radian_base_unitENS3_INSQ_19steradian_base_unitES9_EEEEEEEEEEEEEEEEEEEEvEEERSiS14_R4UnitIT_E
FNDA:171,_Z10parse_unitI4UnitIN5boost5units4unitINS2_4listINS2_3dimI18rpm_base_dimensionNS2_15static_rationalILl1ELl1EEEEENS2_18dimensionless_typeEEENS2_20heterogeneous_systemINS2_25heterogeneous_system_implINS4_INS2_24heterogeneous_system_dimI13rpm_base_unitS8_EESA_EESB_SA_EEEEvEEEET_RKNSt7__cxx1112basic_stringIcSt11char_traitsIcESaIcEEE
FNDA:28,_ZN21units_parse_exceptionC2ERKNSt7__cxx1112basic_stringIcSt11char_traitsIcESaIcEEES7_
FNF:58
FNH:54
DA:20,60
DA:21,84
DA:22,112
DA:23,28
DA:24,6
DA:25,4
DA:26,2
DA:28,30
DA:30,60
DA:36,4
DA:37,6
DA:38,4
DA:39,2
DA:41,0
DA:43,2
DA:51,2830
DA:53,2830
DA:55,5639
DA:57,1133
DA:58,2266
DA:59,1133
DA:61,1415
DA:62,2830
DA:63,5619
DA:64,5619
DA:65,8449
DA:67,2823
DA:68,14
DA:69,28
DA:72,226
DA:73,452
DA:74,907
DA:75,10
DA:77,224
DA:78,70
DA:79,140
DA:80,280
DA:81,5
DA:83,69
DA:86,2795
DA:93,8187
DA:94,8187
DA:95,38234
DA:96,8353
DA:98,8187
DA:102,299
DA:103,299
DA:104,293
DA:105,293
DA:121,23083
DA:125,6028
DA:130,716
DA:131,1432
DA:132,795
DA:134,451
DA:136,716
DA:138,218
DA:139,776
DA:140,698
DA:142,158
DA:143,123
DA:144,2
DA:145,230
DA:146,342
DA:148,5
DA:152,139
DA:154,37
DA:155,74
DA:164,9368
DA:166,2614
DA:168,8280
DA:178,260
DA:182,1911
DA:183,1911
DA:184,1911
DA:196,1911
DA:208,1911
DA:216,0
DA:217,64
DA:220,1911
DA:231,15680
DA:233,8064
DA:235,10717
DA:237,733
DA:238,1466
DA:239,996
DA:240,1259
DA:241,263
DA:242,470
DA:244,525
DA:245,787
DA:246,262
DA:247,3
DA:249,353
DA:250,369
DA:251,16
DA:254,19
DA:255,18
DA:256,28
DA:257,9
DA:260,45
DA:263,12
DA:268,1028
DA:270,324
DA:272,18
DA:275,635
DA:277,296
DA:278,592
DA:279,587
DA:280,835
DA:281,248
DA:282,48
DA:284,430
DA:285,364
DA:286,612
DA:287,182
DA:288,66
DA:290,189
DA:291,14
DA:292,194
DA:293,5
DA:296,15
DA:301,70
DA:303,60
DA:305,15
DA:307,54
DA:308,108
DA:309,108
DA:310,64
DA:311,19
DA:312,18
DA:313,18
DA:314,17
DA:315,70
DA:316,8
DA:317,144
DA:319,30
DA:324,3652
DA:326,1920
DA:328,1119
DA:330,183
DA:332,183
DA:333,183
DA:334,364
DA:335,181
DA:336,358
DA:337,179
DA:345,180
DA:349,1684
DA:351,1348
DA:353,573
DA:355,50
DA:357,50
DA:358,100
DA:359,99
DA:360,49
DA:361,4
DA:363,48
DA:365,48
DA:366,48
DA:367,93
DA:368,45
DA:369,90
DA:375,969
DA:377,276
DA:382,147
DA:385,70
DA:386,138
DA:390,102
DA:392,102
DA:393,49
DA:394,98
DA:395,196
DA:396,49
DA:406,1415
DA:407,2830
DA:409,4245
DA:411,1415
DA:412,2816
DA:413,1408
DA:414,1840
DA:416,56
DA:417,112
DA:419,2774
DA:420,1387
DA:421,3
DA:423,5544
DA:427,956
DA:428,4780
DA:429,2824
DA:430,1868
DA:435,7
DA:436,14
DA:437,35
DA:439,17
DA:440,3
DA:441,4
DA:442,8
DA:443,10
DA:444,3
DA:450,1390
DA:454,91
DA:455,273
DA:456,64
DA:463,8
DA:465,71
DA:466,503
DA:467,219
DA:468,2
DA:470,82
DA:472,71
DA:474,32
DA:475,64
DA:476,160
DA:477,68
DA:478,171
DA:479,341
DA:480,94
DA:481,43
DA:483,56
DA:491,32
DA:496,5
DA:500,129
DA:501,714
DA:502,198
DA:503,1
DA:505,66
DA:507,129
DA:512,69
DA:513,69
DA:514,321
DA:515,225
DA:517,69
DA:527,96
DA:529,480
DA:530,96
DA:531,94
DA:532,2
DA:533,0
DA:534,2
DA:535,2
DA:537,0
DA:539,192
DA:542,128
DA:544,128
DA:545,128
DA:546,128
DA:548,0
DA:549,0
DA:551,0
DA:552,0
DA:555,128
DA:561,3
DA:563,15
DA:564,3
DA:565,1
DA:566,2
DA:567,2
DA:568,0
DA:569,0
DA:570,0
DA:571,0
DA:573,0
DA:575,6
DA:578,8
DA:580,8
DA:581,2
DA:582,2
DA:584,6
DA:585,6
DA:587,0
DA:588,0
DA:590,0
DA:591,0
DA:594,8
DA:605,22
DA:606,110
DA:607,65
DA:608,24
DA:609,5
DA:610,52
DA:611,50
DA:612,33
DA:613,3
DA:614,16
DA:615,12
DA:617,2
DA:619,40
LF:288
LH:271
end_of_record
TN:
SF:/home/runner/work/pcb2gcode/pcb2gcode/voronoi.cpp
FN:304,_GLOBAL__sub_I__ZN7Voronoi13build_voronoiERKN5boost8geometry5model13multi_polygonINS2_7polygonINS2_2d28point_xyIdNS1_2cs9cartesianEEELb1ELb1ESt6vectorSA_SaSaEESA_SaEERKNS2_3boxIS9_EEd
FNDA:0,_ZN7Voronoi14retrieve_pointERKN5boost7polygon12voronoi_cellIdEERKSt6vectorINS1_12segment_dataIlEESaIS8_EE
FNDA:86657,_ZN7Voronoi18edge_to_linestringERKN5boost7polygon12voronoi_edgeIdEERKSt6vectorINS1_12segment_dataIlEESaIS8_EERKNS0_8geometry5model3boxINSE_2d28point_xyIdNSD_2cs9cartesianEEEEEl
FNDA:388104,_ZN7Voronoi9same_polyERKN5boost7polygon12voronoi_edgeIdEES5_RKSt6vectorImSaImEE
FNDA:82,_ZN7Voronoi13build_voronoiERKN5boost8geometry5model13multi_polygonINS2_7polygonINS2_2d28point_xyIlNS1_2cs9cartesianEEELb1ELb1ESt6vectorSA_SaSaEESA_SaEERKNS2_3boxIS9_EEl
FNDA:64,_GLOBAL__sub_I__ZN7Voronoi13build_voronoiERKN5boost8geometry5model13multi_polygonINS2_7polygonINS2_2d28point_xyIdNS1_2cs9cartesianEEELb1ELb1ESt6vectorSA_SaSaEESA_SaEERKNS2_3boxIS9_EEd
FNDA:0,_ZN7Voronoi16retrieve_segmentERKN5boost7polygon12voronoi_cellIdEERKSt6vectorINS1_12segment_dataIlEESaIS8_EE
FNDA:41301,_ZN7Voronoi18sample_curved_edgeEPKN5boost7polygon12voronoi_edgeIdEERKSt6vectorINS1_12segment_dataIlEESaIS8_EERS6_INS1_10point_dataIdEESaISE_EEd
FNDA:0,_ZN7Voronoi18clip_infinite_edgeERKN5boost7polygon12voronoi_edgeIdEERKSt6vectorINS1_12segment_dataIlEESaIS8_EEPS6_INS1_10point_dataIdEESaISE_EERKNS0_8geometry5model3boxINSJ_2d28point_xyIdNSI_2cs9cartesianEEEEE
FNDA:1042,_ZN7Voronoi9copy_ringERKN5boost8geometry5model4ringINS2_2d28point_xyIlNS1_2cs9cartesianEEELb1ELb1ESt6vectorSaEERS9_INS0_7polygon12segment_dataIlEESaISF_EE
FNDA:78,_ZN7Voronoi13build_voronoiERKN5boost8geometry5model13multi_polygonINS2_7polygonINS2_2d28point_xyIdNS1_2cs9cartesianEEELb1ELb1ESt6vectorSA_SaSaEESA_SaEERKNS2_3boxIS9_EEd
FNF:10
FNH:7
DA:39,78
DA:43,156
DA:44,78
DA:45,234
DA:49,78
DA:50,234
DA:53,156
DA:54,78
DA:56,78
DA:58,156
DA:60,78
DA:61,78
DA:62,156
DA:63,78
DA:64,78
DA:67,82
DA:70,164
DA:75,80
DA:77,80
DA:80,240
DA:81,240
DA:82,240
DA:83,240
DA:84,240
DA:85,240
DA:87,80
DA:89,160
DA:90,930
DA:91,610
DA:92,2792
DA:93,352
DA:95,1830
DA:100,160
DA:101,80
DA:102,80
DA:104,160
DA:105,240
DA:106,160
DA:107,80
DA:112,160
DA:114,160
DA:118,80
DA:119,419758
DA:120,695504
DA:121,510600
DA:123,455810
DA:124,332781
DA:127,419758
DA:128,838876
DA:129,418769
DA:132,669
DA:133,669
DA:134,669
DA:136,173314
DA:138,493147
DA:140,213222
DA:143,259971
DA:144,86657
DA:149,446947
DA:150,466882
DA:152,112038
DA:153,182868
DA:155,86657
DA:157,669
DA:159,669
DA:160,2676
DA:161,669
DA:163,1220
DA:166,177
DA:171,80
DA:174,388104
DA:175,1164312
DA:176,1552416
DA:179,86657
DA:180,86657
DA:181,86657
DA:182,173314
DA:183,181424
DA:184,45356
DA:185,181424
DA:186,90712
DA:189,82602
DA:190,41301
DA:191,267760
DA:192,307668
DA:197,0
DA:198,0
DA:199,0
DA:200,0
DA:201,0
DA:203,0
DA:204,0
DA:206,0
DA:207,0
DA:211,86657
DA:215,1042
DA:217,148590
DA:218,179225
DA:219,143380
DA:221,1042
DA:223,0
DA:224,41301
DA:225,63210
DA:227,41301
DA:228,60141
DA:230,63762
DA:233,0
DA:234,41301
DA:235,82602
DA:238,41301
DA:241,82602
DA:242,19392
DA:243,63210
DA:245,123903
DA:246,19392
DA:247,63210
DA:249,123903
DA:250,206505
DA:252,41301
DA:253,41301
DA:255,0
DA:257,0
DA:258,0
DA:259,0
DA:261,0
DA:262,0
DA:263,0
DA:264,0
DA:265,0
DA:266,0
DA:267,0
DA:269,0
DA:272,0
DA:274,0
DA:275,0
DA:276,0
DA:277,0
DA:278,0
DA:279,0
DA:281,0
DA:285,0
DA:287,0
DA:288,0
DA:289,0
DA:290,0
DA:291,0
DA:293,0
DA:294,0
DA:296,0
DA:297,0
DA:298,0
DA:299,0
DA:301,0
DA:302,0
DA:304,128
LF:155
LH:110
end_of_record
TN:
SF:/home/runner/work/pcb2gcode/pcb2gcode/voronoi_visual_utils.hpp
FNDA:41301,_ZN5boost7polygon20voronoi_visual_utilsIdE10discretizeIllNS0_10point_dataENS0_12segment_dataEEENS_9enable_ifINS0_7gtl_andINS0_6gtl_ifINS0_16is_point_conceptINS0_16geometry_conceptIT1_IT_EE4typeEE4typeEE4typeENS8_INS0_18is_segment_conceptINSA_IT2_IT0_EE4typeEE4typeEE4typeEE4typeEvE4typeERKSD_RKSN_dPSt6vectorIT1_IdESaIS14_EE
FNF:1
FNH:1
DA:63,41301
DA:71,247806
DA:72,247806
DA:73,41301
DA:77,41301
DA:78,82602
DA:79,41301
DA:80,82602
DA:85,206505
DA:86,206505
DA:87,41301
DA:88,41301
DA:91,82602
DA:92,82602
DA:95,82602
DA:96,41301
DA:97,41301
DA:98,41301
DA:101,41301
DA:102,203719
DA:103,81209
DA:104,81209
DA:108,81209
DA:109,162418
DA:113,162418
DA:114,81209
DA:115,162418
DA:116,81209
DA:117,81209
DA:119,61255
DA:120,122510
DA:121,122510
DA:122,122510
DA:123,183765
DA:124,122510
DA:125,61255
DA:126,61255
DA:133,82602
DA:134,41301
DA:139,203719
DA:169,330408
DA:170,330408
DA:171,330408
DA:172,330408
DA:173,82602
DA:175,82602
DA:176,82602
DA:181,370316
LF:48
LH:48
end_of_record
