TN:
SF:/home/eyalsoha/private/pcb2gcode/units.hpp
end_of_record
SF:/home/eyalsoha/private/pcb2gcode/bg_helpers.hpp
FN:7,_ZmiIN5boost8geometry5model7polygonINS2_2d28point_xyIdNS1_2cs9cartesianEEELb1ELb1ESt6vectorS9_SaSaEENS2_13multi_polygonISA_S9_SaEEENSB_IT_S9_SaEERKSE_RKT0_
FNDA:16,_ZmiIN5boost8geometry5model7polygonINS2_2d28point_xyIdNS1_2cs9cartesianEEELb1ELb1ESt6vectorS9_SaSaEENS2_13multi_polygonISA_S9_SaEEENSB_IT_S9_SaEERKSE_RKT0_
FN:30,_ZmiIN5boost8geometry5model13multi_polygonINS2_7polygonINS2_2d28point_xyIdNS1_2cs9cartesianEEELb1ELb1ESt6vectorSA_SaSaEESA_SaEEESC_RKNS2_3boxIS9_EERKT_
FNDA:16,_ZmiIN5boost8geometry5model13multi_polygonINS2_7polygonINS2_2d28point_xyIdNS1_2cs9cartesianEEELb1ELb1ESt6vectorSA_SaSaEESA_SaEEESC_RKNS2_3boxIS9_EERKT_
FN:37,_ZmiIN5boost8geometry5model10linestringINS2_2d28point_xyIdNS1_2cs9cartesianEEESt6vectorSaEENS2_13multi_polygonINS2_7polygonIS8_Lb1ELb1ES9_S9_SaSaEES9_SaEEENS2_16multi_linestringIT_S9_SaEERKSH_RKT0_
FNDA:6795,_ZmiIN5boost8geometry5model10linestringINS2_2d28point_xyIdNS1_2cs9cartesianEEESt6vectorSaEENS2_13multi_polygonINS2_7polygonIS8_Lb1ELb1ES9_S9_SaSaEES9_SaEEENS2_16multi_linestringIT_S9_SaEERKSH_RKT0_
FN:48,_ZanIN5boost8geometry5model10linestringINS2_2d28point_xyIdNS1_2cs9cartesianEEESt6vectorSaEENS2_13multi_polygonINS2_7polygonIS8_Lb1ELb1ES9_S9_SaSaEES9_SaEEENS2_16multi_linestringIT_S9_SaEERKSH_RKT0_
FNDA:2294,_ZanIN5boost8geometry5model10linestringINS2_2d28point_xyIdNS1_2cs9cartesianEEESt6vectorSaEENS2_13multi_polygonINS2_7polygonIS8_Lb1ELb1ES9_S9_SaSaEES9_SaEEENS2_16multi_linestringIT_S9_SaEERKSH_RKT0_
FN:62,_ZanIN5boost8geometry5model3boxINS2_2d28point_xyIdNS1_2cs9cartesianEEEEEENS2_16multi_linestringINS2_10linestringIS8_St6vectorSaEESC_SaEERKSD_RKT_
FNDA:544,_ZanIN5boost8geometry5model3boxINS2_2d28point_xyIdNS1_2cs9cartesianEEEEEENS2_16multi_linestringINS2_10linestringIS8_St6vectorSaEESC_SaEERKSD_RKT_
FN:90,_ZanIN5boost8geometry5model7polygonINS2_2d28point_xyIdNS1_2cs9cartesianEEELb1ELb1ESt6vectorS9_SaSaEESA_ENS2_13multi_polygonIT_S9_SaEERKSD_RKT0_
FNDA:6050,_ZanIN5boost8geometry5model7polygonINS2_2d28point_xyIdNS1_2cs9cartesianEEELb1ELb1ESt6vectorS9_SaSaEESA_ENS2_13multi_polygonIT_S9_SaEERKSD_RKT0_
FN:90,_ZanIN5boost8geometry5model7polygonINS2_2d28point_xyIdNS1_2cs9cartesianEEELb1ELb1ESt6vectorS9_SaSaEENS2_3boxIS8_EEENS2_13multi_polygonIT_S9_SaEERKSF_RKT0_
FNDA:2898,_ZanIN5boost8geometry5model7polygonINS2_2d28point_xyIdNS1_2cs9cartesianEEELb1ELb1ESt6vectorS9_SaSaEENS2_3boxIS8_EEENS2_13multi_polygonIT_S9_SaEERKSF_RKT0_
FN:90,_ZanIN5boost8geometry5model7polygonINS2_2d28point_xyIdNS1_2cs9cartesianEEELb1ELb1ESt6vectorS9_SaSaEENS2_13multi_polygonISA_S9_SaEEENSB_IT_S9_SaEERKSE_RKT0_
FNDA:3952,_ZanIN5boost8geometry5model7polygonINS2_2d28point_xyIdNS1_2cs9cartesianEEELb1ELb1ESt6vectorS9_SaSaEENS2_13multi_polygonISA_S9_SaEEENSB_IT_S9_SaEERKSE_RKT0_
FN:104,_ZanIN5boost8geometry5model2d28point_xyIdNS1_2cs9cartesianEEENS2_13multi_polygonINS2_7polygonIS7_Lb1ELb1ESt6vectorSA_SaSaEESA_SaEEESC_RKNS9_IT_Lb1ELb1ESA_SA_SaSaEERKT0_
FNDA:8890,_ZanIN5boost8geometry5model2d28point_xyIdNS1_2cs9cartesianEEENS2_13multi_polygonINS2_7polygonIS7_Lb1ELb1ESt6vectorSA_SaSaEESA_SaEEESC_RKNS9_IT_Lb1ELb1ESA_SA_SaSaEERKT0_
FN:128,_ZN10bg_helpersL6bufferIdEEvRKN5boost8geometry5model13multi_polygonINS3_7polygonINS3_2d28point_xyIdNS2_2cs9cartesianEEELb1ELb1ESt6vectorSB_SaSaEESB_SaEERSD_T_
FNDA:7468,_ZN10bg_helpersL6bufferIdEEvRKN5boost8geometry5model13multi_polygonINS3_7polygonINS3_2d28point_xyIdNS2_2cs9cartesianEEELb1ELb1ESt6vectorSB_SaSaEESB_SaEERSD_T_
FN:141,_ZN10bg_helpersL6bufferERKN5boost8geometry5model13multi_polygonINS2_7polygonINS2_2d28point_xyIdNS1_2cs9cartesianEEELb1ELb1ESt6vectorSA_SaSaEESA_SaEEd
FNDA:0,_ZN10bg_helpersL6bufferERKN5boost8geometry5model13multi_polygonINS2_7polygonINS2_2d28point_xyIdNS1_2cs9cartesianEEELb1ELb1ESt6vectorSA_SaSaEESA_SaEEd
FN:157,_ZN10bg_helpersL6bufferIdEEvRKN5boost8geometry5model7polygonINS3_2d28point_xyIdNS2_2cs9cartesianEEELb1ELb1ESt6vectorSA_SaSaEERNS3_13multi_polygonISB_SA_SaEET_
FNDA:7678,_ZN10bg_helpersL6bufferIdEEvRKN5boost8geometry5model7polygonINS3_2d28point_xyIdNS2_2cs9cartesianEEELb1ELb1ESt6vectorSA_SaSaEERNS3_13multi_polygonISB_SA_SaEET_
FN:171,_ZN10bg_helpersL6bufferIdEEvRKN5boost8geometry5model10linestringINS3_2d28point_xyIdNS2_2cs9cartesianEEESt6vectorSaEERNS3_13multi_polygonINS3_7polygonIS9_Lb1ELb1ESA_SA_SaSaEESA_SaEET_
FNDA:292,_ZN10bg_helpersL6bufferIdEEvRKN5boost8geometry5model10linestringINS3_2d28point_xyIdNS2_2cs9cartesianEEESt6vectorSaEERNS3_13multi_polygonINS3_7polygonIS9_Lb1ELb1ESA_SA_SaSaEESA_SaEET_
FN:185,_ZN10bg_helpersL6bufferIdEEN5boost8geometry5model13multi_polygonINS3_7polygonINS3_2d28point_xyIdNS2_2cs9cartesianEEELb1ELb1ESt6vectorSB_SaSaEESB_SaEERKSC_T_
FNDA:2606,_ZN10bg_helpersL6bufferIdEEN5boost8geometry5model13multi_polygonINS3_7polygonINS3_2d28point_xyIdNS2_2cs9cartesianEEELb1ELb1ESt6vectorSB_SaSaEESB_SaEERKSC_T_
FN:192,_ZN10bg_helpersL6bufferIdEEvRKN5boost8geometry5model16multi_linestringINS3_10linestringINS3_2d28point_xyIdNS2_2cs9cartesianEEESt6vectorSaEESB_SaEERNS3_13multi_polygonINS3_7polygonISA_Lb1ELb1ESB_SB_SaSaEESB_SaEET_
FNDA:172,_ZN10bg_helpersL6bufferIdEEvRKN5boost8geometry5model16multi_linestringINS3_10linestringINS3_2d28point_xyIdNS2_2cs9cartesianEEESt6vectorSaEESB_SaEERNS3_13multi_polygonINS3_7polygonISA_Lb1ELb1ESB_SB_SaSaEESB_SaEET_
FN:219,_ZN10bg_helpersL6bufferIdEEvRKN5boost8geometry5model4ringINS3_2d28point_xyIdNS2_2cs9cartesianEEELb1ELb1ESt6vectorSaEERNS3_13multi_polygonINS3_7polygonIS9_Lb1ELb1ESA_SA_SaSaEESA_SaEET_
FNDA:912,_ZN10bg_helpersL6bufferIdEEvRKN5boost8geometry5model4ringINS3_2d28point_xyIdNS2_2cs9cartesianEEELb1ELb1ESt6vectorSaEERNS3_13multi_polygonINS3_7polygonIS9_Lb1ELb1ESA_SA_SaSaEESA_SaEET_
FN:237,_ZplIN5boost8geometry5model7polygonINS2_2d28point_xyIdNS1_2cs9cartesianEEELb1ELb1ESt6vectorS9_SaSaEENS2_13multi_polygonISA_S9_SaEEENSB_IT_S9_SaEERKSE_RKT0_
FNDA:3620,_ZplIN5boost8geometry5model7polygonINS2_2d28point_xyIdNS1_2cs9cartesianEEELb1ELb1ESt6vectorS9_SaSaEENS2_13multi_polygonISA_S9_SaEEENSB_IT_S9_SaEERKSE_RKT0_
DA:7,16
DA:9,32
DA:10,0
DA:12,16
DA:13,16
DA:14,32
DA:30,16
DA:31,32
DA:32,16
DA:33,32
DA:37,6795
DA:39,13590
DA:40,5083
DA:42,1712
DA:43,1712
DA:44,3424
DA:48,2294
DA:50,2294
DA:51,4588
DA:54,4496
DA:57,2192
DA:62,544
DA:64,544
DA:65,1088
DA:68,544
DA:71,544
DA:90,6050
DA:92,6050
DA:93,6050
DA:96,12100
DA:99,6050
DA:90,2898
DA:92,2898
DA:93,5796
DA:96,5796
DA:99,2774
DA:90,3952
DA:92,3952
DA:93,7904
DA:96,7904
DA:99,3952
DA:104,8890
DA:106,8890
DA:107,17780
DA:110,8890
DA:113,8890
DA:128,7468
DA:129,7468
DA:130,604
DA:132,34320
DA:139,7468
DA:141,0
DA:142,0
DA:143,0
DA:145,0
DA:146,0
DA:147,0
DA:148,0
DA:149,0
DA:150,0
DA:151,0
DA:152,0
DA:157,7678
DA:158,7678
DA:159,2648
DA:161,25150
DA:168,7678
DA:171,292
DA:172,292
DA:173,0
DA:175,1460
DA:182,292
DA:185,2606
DA:186,2606
DA:187,2606
DA:188,2606
DA:192,172
DA:193,172
DA:194,0
DA:195,0
DA:199,344
DA:200,172
DA:204,1100
DA:205,584
DA:206,292
DA:207,292
DA:219,912
DA:220,912
DA:221,0
DA:223,912
DA:224,912
DA:225,1824
DA:226,4560
DA:233,912
DA:237,3620
DA:239,7240
DA:240,48
DA:242,7144
DA:243,1032
DA:244,516
DA:245,1032
DA:250,3056
DA:251,3056
DA:252,6112
DA:253,9168
DA:254,12224
DA:255,9168
DA:256,0
DA:257,0
DA:258,0
DA:260,3056
DA:261,3056
DA:262,6112
end_of_record
SF:/home/eyalsoha/private/pcb2gcode/surface_vectorial.hpp
end_of_record
SF:/home/eyalsoha/private/pcb2gcode/tsp_solver.hpp
FN:112,_ZN10tsp_solver17nearest_neighbourIN5boost8geometry5model10linestringINS3_2d28point_xyIdNS2_2cs9cartesianEEESt6vectorSaEES9_EEvRSA_IT_SaISC_EERKT0_
FNDA:353,_ZN10tsp_solver17nearest_neighbourIN5boost8geometry5model10linestringINS3_2d28point_xyIdNS2_2cs9cartesianEEESt6vectorSaEES9_EEvRSA_IT_SaISC_EERKT0_
FN:157,_ZN10tsp_solver8tsp_2optIN5boost8geometry5model2d28point_xyIdNS2_2cs9cartesianEEENS3_10linestringIS8_St6vectorSaEEEEvRSA_IT0_SaISC_EERKNS1_8optionalIT_EE
FNDA:321,_ZN10tsp_solver8tsp_2optIN5boost8geometry5model2d28point_xyIdNS2_2cs9cartesianEEENS3_10linestringIS8_St6vectorSaEEEEvRSA_IT0_SaISC_EERKNS1_8optionalIT_EE
DA:75,9905358
DA:77,8880790
DA:83,180780
DA:100,28136985
DA:101,28136985
DA:112,353
DA:113,353
DA:114,1725
DA:115,690
DA:118,345
DA:121,345
DA:123,345
DA:126,1035
DA:127,21636
DA:128,39719
DA:130,345
DA:131,7902
DA:132,21636
DA:133,7212
DA:136,387522
DA:137,1119294
DA:138,373098
DA:139,416523
DA:140,138841
DA:144,7212
DA:145,14424
DA:146,14424
DA:147,14424
DA:150,345
DA:151,192
DA:153,353
DA:157,321
DA:159,642
DA:160,321
DA:161,1090
DA:163,35558
DA:164,4528376
DA:166,4460336
DA:167,4460336
DA:168,6588444
DA:169,4460336
DA:170,6690504
DA:171,5582826
DA:172,5507777
DA:173,5228704
DA:174,5219369
DA:176,2230168
DA:178,12454
DA:179,18681
DA:180,187007
DA:181,180780
DA:183,6227
DA:189,321
DA:193,642
end_of_record
SF:/home/eyalsoha/private/pcb2gcode/surface_vectorial.cpp
FN:68,_ZN17Surface_vectorialC2EjddddNSt7__cxx1112basic_stringIcSt11char_traitsIcESaIcEEES5_bN17MillFeedDirection17MillFeedDirectionEbb
FNDA:329,_ZN17Surface_vectorialC2EjddddNSt7__cxx1112basic_stringIcSt11char_traitsIcESaIcEEES5_bN17MillFeedDirection17MillFeedDirectionEbb
FN:85,_ZN17Surface_vectorial6renderESt10shared_ptrI14GerberImporterE
FNDA:329,_ZN17Surface_vectorial6renderESt10shared_ptrI14GerberImporterE
FN:108,_Z6invertRKN17MillFeedDirection17MillFeedDirectionE
FNDA:0,_Z6invertRKN17MillFeedDirection17MillFeedDirectionE
FN:118,_Z15mirror_toolpathRKN5boost8geometry5model16multi_linestringINS1_10linestringINS1_2d28point_xyIdNS0_2cs9cartesianEEESt6vectorSaEES9_SaEEb
FNDA:353,_Z15mirror_toolpathRKN5boost8geometry5model16multi_linestringINS1_10linestringINS1_2d28point_xyIdNS0_2cs9cartesianEEESt6vectorSaEES9_SaEEb
FN:134,_Z14mls_to_icoordsRKN5boost8geometry5model16multi_linestringINS1_10linestringINS1_2d28point_xyIdNS0_2cs9cartesianEEESt6vectorSaEES9_SaEE
FNDA:353,_Z14mls_to_icoordsRKN5boost8geometry5model16multi_linestringINS1_10linestringINS1_2d28point_xyIdNS0_2cs9cartesianEEESt6vectorSaEES9_SaEE
FN:147,_Z20find_thermal_reliefsRKN5boost8geometry5model13multi_polygonINS1_7polygonINS1_2d28point_xyIdNS0_2cs9cartesianEEELb1ELb1ESt6vectorS9_SaSaEES9_SaEEd
FNDA:56,_Z20find_thermal_reliefsRKN5boost8geometry5model13multi_polygonINS1_7polygonINS1_2d28point_xyIdNS0_2cs9cartesianEEELb1ELb1ESt6vectorS9_SaSaEES9_SaEEd
FN:170,_Z11flatten_mlsRKSt6vectorIS_ISt4pairIN5boost8geometry5model10linestringINS3_2d28point_xyIdNS2_2cs9cartesianEEES_SaEEbESaISB_EESaISD_EE
FNDA:345,_Z11flatten_mlsRKSt6vectorIS_ISt4pairIN5boost8geometry5model10linestringINS3_2d28point_xyIdNS2_2cs9cartesianEEES_SaEEbESaISB_EESaISD_EE
FN:178,_ZNK17Surface_vectorial10write_svgsERKNSt7__cxx1112basic_stringIcSt11char_traitsIcESaIcEEEdRKSt6vectorIS8_ISt4pairIN5boost8geometry5model10linestringINSC_2d28point_xyIdNSB_2cs9cartesianEEES8_SaEEbESaISK_EESaISM_EEdb
FNDA:353,_ZNK17Surface_vectorial10write_svgsERKNSt7__cxx1112basic_stringIcSt11char_traitsIcESaIcEEEdRKSt6vectorIS8_ISt4pairIN5boost8geometry5model10linestringINSC_2d28point_xyIdNSB_2cs9cartesianEEES8_SaEEbESaISK_EESaISM_EEdb
FN:232,_ZNK17Surface_vectorial21post_process_toolpathERKSt10shared_ptrI11RoutingMillERKSt6vectorISt4pairIN5boost8geometry5model10linestringINS9_2d28point_xyIdNS8_2cs9cartesianEEES5_SaEEbESaISH_EE
FNDA:353,_ZNK17Surface_vectorial21post_process_toolpathERKSt10shared_ptrI11RoutingMillERKSt6vectorISt4pairIN5boost8geometry5model10linestringINS9_2d28point_xyIdNS8_2cs9cartesianEEES5_SaEEbESaISH_EE
FN:264,_Z11attach_ringRKN5boost8geometry5model10linestringINS1_2d28point_xyIdNS0_2cs9cartesianEEESt6vectorSaEERSt4pairIS9_bERKN17MillFeedDirection17MillFeedDirectionERKSt8functionIFNS_8optionalIS9_EERKS7_SN_EE
FNDA:22489,_Z11attach_ringRKN5boost8geometry5model10linestringINS1_2d28point_xyIdNS0_2cs9cartesianEEESt6vectorSaEERSt4pairIS9_bERKN17MillFeedDirection17MillFeedDirectionERKSt8functionIFNS_8optionalIS9_EERKS7_SN_EE
FN:321,_Z9attach_lsRKN5boost8geometry5model10linestringINS1_2d28point_xyIdNS0_2cs9cartesianEEESt6vectorSaEERSt4pairIS9_bERKN17MillFeedDirection17MillFeedDirectionERKSt8functionIFNS_8optionalIS9_EERKS7_SN_EE
FNDA:24964,_Z9attach_lsRKN5boost8geometry5model10linestringINS1_2d28point_xyIdNS0_2cs9cartesianEEESt6vectorSaEERSt4pairIS9_bERKN17MillFeedDirection17MillFeedDirectionERKSt8functionIFNS_8optionalIS9_EERKS7_SN_EE
FN:429,_Z9attach_lsRKN5boost8geometry5model10linestringINS1_2d28point_xyIdNS0_2cs9cartesianEEESt6vectorSaEERS8_ISt4pairIS9_bESaISD_EERKN17MillFeedDirection17MillFeedDirectionERKSt8functionIFNS_8optionalIS9_EERKS7_SP_EE
FNDA:6711,_Z9attach_lsRKN5boost8geometry5model10linestringINS1_2d28point_xyIdNS0_2cs9cartesianEEESt6vectorSaEERS8_ISt4pairIS9_bESaISD_EERKN17MillFeedDirection17MillFeedDirectionERKSt8functionIFNS_8optionalIS9_EERKS7_SP_EE
FN:463,_Z11attach_ringRKN5boost8geometry5model4ringINS1_2d28point_xyIdNS0_2cs9cartesianEEELb1ELb1ESt6vectorSaEERS8_ISt4pairINS1_10linestringIS7_S8_SaEEbESaISF_EERKN17MillFeedDirection17MillFeedDirectionERKNS1_13multi_polygonINS1_7polygonIS7_Lb1ELb1ES8_S8_SaSaEES8_SaEERKSt8functionIFNS_8optionalISE_EERKS7_SX_EE
FNDA:6795,_Z11attach_ringRKN5boost8geometry5model4ringINS1_2d28point_xyIdNS0_2cs9cartesianEEELb1ELb1ESt6vectorSaEERS8_ISt4pairINS1_10linestringIS7_S8_SaEEbESaISF_EERKN17MillFeedDirection17MillFeedDirectionERKNS1_13multi_polygonINS1_7polygonIS7_Lb1ELb1ES8_S8_SaSaEES8_SaEERKSt8functionIFNS_8optionalISE_EERKS7_SX_EE
FN:484,_Z15attach_polygonsRKN5boost8geometry5model13multi_polygonINS1_7polygonINS1_2d28point_xyIdNS0_2cs9cartesianEEELb1ELb1ESt6vectorS9_SaSaEES9_SaEERS9_ISt4pairINS1_10linestringIS8_S9_SaEEbESaISH_EERKN17MillFeedDirection17MillFeedDirectionESD_RKSt8functionIFNS_8optionalISG_EERKS8_ST_EE
FNDA:5790,_Z15attach_polygonsRKN5boost8geometry5model13multi_polygonINS1_7polygonINS1_2d28point_xyIdNS0_2cs9cartesianEEELb1ELb1ESt6vectorS9_SaSaEES9_SaEERS9_ISt4pairINS1_10linestringIS8_S9_SaEEbESaISH_EERKN17MillFeedDirection17MillFeedDirectionESD_RKSt8functionIFNS_8optionalISG_EERKS8_ST_EE
FN:516,_ZNK17Surface_vectorial19get_single_toolpathESt10shared_ptrI11RoutingMillEmbddRKN5boost8geometry5model13multi_polygonINS5_7polygonINS5_2d28point_xyIdNS4_2cs9cartesianEEELb1ELb1ESt6vectorSD_SaSaEESD_SaEE
FNDA:3382,_ZNK17Surface_vectorial19get_single_toolpathESt10shared_ptrI11RoutingMillEmbddRKN5boost8geometry5model13multi_polygonINS5_7polygonINS5_2d28point_xyIdNS4_2cs9cartesianEEELb1ELb1ESt6vectorSD_SaSaEESD_SaEE
FN:558,_ZZNK17Surface_vectorial19get_single_toolpathESt10shared_ptrI11RoutingMillEmbddRKN5boost8geometry5model13multi_polygonINS5_7polygonINS5_2d28point_xyIdNS4_2cs9cartesianEEELb1ELb1ESt6vectorSD_SaSaEESD_SaEEENKUlRKSC_SJ_E_clESJ_SJ_
FNDA:0,_ZZNK17Surface_vectorial19get_single_toolpathESt10shared_ptrI11RoutingMillEmbddRKN5boost8geometry5model13multi_polygonINS5_7polygonINS5_2d28point_xyIdNS4_2cs9cartesianEEELb1ELb1ESt6vectorSD_SaSaEESD_SaEEENKUlRKSC_SJ_E_clESJ_SJ_
FN:558,_ZZNK17Surface_vectorial19get_single_toolpathESt10shared_ptrI11RoutingMillEmbddRKN5boost8geometry5model13multi_polygonINS5_7polygonINS5_2d28point_xyIdNS4_2cs9cartesianEEELb1ELb1ESt6vectorSD_SaSaEESD_SaEEENKUlRKSC_SJ_E_clESJ_SJ_.isra.158
FNDA:21173,_ZZNK17Surface_vectorial19get_single_toolpathESt10shared_ptrI11RoutingMillEmbddRKN5boost8geometry5model13multi_polygonINS5_7polygonINS5_2d28point_xyIdNS4_2cs9cartesianEEELb1ELb1ESt6vectorSD_SaSaEESD_SaEEENKUlRKSC_SJ_E_clESJ_SJ_.isra.158
FN:572,_ZZZNK17Surface_vectorial19get_single_toolpathESt10shared_ptrI11RoutingMillEmbddRKN5boost8geometry5model13multi_polygonINS5_7polygonINS5_2d28point_xyIdNS4_2cs9cartesianEEELb1ELb1ESt6vectorSD_SaSaEESD_SaEEENKUlRKSC_SJ_E_clESJ_SJ_ENKUlSJ_RKdE_clESJ_SM_
FNDA:1460,_ZZZNK17Surface_vectorial19get_single_toolpathESt10shared_ptrI11RoutingMillEmbddRKN5boost8geometry5model13multi_polygonINS5_7polygonINS5_2d28point_xyIdNS4_2cs9cartesianEEELb1ELb1ESt6vectorSD_SaSaEESD_SaEEENKUlRKSC_SJ_E_clESJ_SJ_ENKUlSJ_RKdE_clESJ_SM_
FN:619,_ZN17Surface_vectorial12get_toolpathESt10shared_ptrI11RoutingMillEb
FNDA:313,_ZN17Surface_vectorial12get_toolpathESt10shared_ptrI11RoutingMillEb
FN:707,_ZZN17Surface_vectorial12get_toolpathESt10shared_ptrI11RoutingMillEbENKUlRKN5boost8geometry5model2d28point_xyIdNS4_2cs9cartesianEEESC_E_clESC_SC_
FNDA:0,_ZZN17Surface_vectorial12get_toolpathESt10shared_ptrI11RoutingMillEbENKUlRKN5boost8geometry5model2d28point_xyIdNS4_2cs9cartesianEEESC_E_clESC_SC_
FN:746,_ZN17Surface_vectorial16save_debug_imageENSt7__cxx1112basic_stringIcSt11char_traitsIcESaIcEEE
FNDA:461,_ZN17Surface_vectorial16save_debug_imageENSt7__cxx1112basic_stringIcSt11char_traitsIcESaIcEEE
FN:760,_ZN17Surface_vectorial14enable_fillingEv
FNDA:140,_ZN17Surface_vectorial14enable_fillingEv
FN:764,_ZN17Surface_vectorial8add_maskESt10shared_ptrIS_E
FNDA:132,_ZN17Surface_vectorial8add_maskESt10shared_ptrIS_E
FN:773,_ZNK17Surface_vectorial14offset_polygonERKN5boost8optionalINS0_8geometry5model7polygonINS3_2d28point_xyIdNS2_2cs9cartesianEEELb1ELb1ESt6vectorSA_SaSaEEEERKSB_ddjb
FNDA:3382,_ZNK17Surface_vectorial14offset_polygonERKN5boost8optionalINS0_8geometry5model7polygonINS3_2d28point_xyIdNS2_2cs9cartesianEEELb1ELb1ESt6vectorSA_SaSaEEEERKSB_ddjb
FN:881,_ZN10svg_writerC2ENSt7__cxx1112basic_stringIcSt11char_traitsIcESaIcEEEN5boost8geometry5model3boxINS8_2d28point_xyIdNS7_2cs9cartesianEEEEE
FNDA:1199,_ZN10svg_writerC2ENSt7__cxx1112basic_stringIcSt11char_traitsIcESaIcEEEN5boost8geometry5model3boxINS8_2d28point_xyIdNS7_2cs9cartesianEEEEE
FN:904,_ZN10svg_writer3addIN5boost8geometry5model13multi_polygonINS3_7polygonINS3_2d28point_xyIdNS2_2cs9cartesianEEELb1ELb1ESt6vectorSB_SaSaEESB_SaEEEEvRKT_db
FNDA:1167,_ZN10svg_writer3addIN5boost8geometry5model13multi_polygonINS3_7polygonINS3_2d28point_xyIdNS2_2cs9cartesianEEELb1ELb1ESt6vectorSB_SaSaEESB_SaEEEEvRKT_db
FN:923,_ZN10svg_writer3addERKN5boost8geometry5model16multi_linestringINS2_10linestringINS2_2d28point_xyIdNS1_2cs9cartesianEEESt6vectorSaEESA_SaEEdb
FNDA:32,_ZN10svg_writer3addERKN5boost8geometry5model16multi_linestringINS2_10linestringINS2_2d28point_xyIdNS1_2cs9cartesianEEESt6vectorSaEESA_SaEEdb
FN:935,_ZN10svg_writer3addERKN5boost8geometry5model10linestringINS2_2d28point_xyIdNS1_2cs9cartesianEEESt6vectorSaEEdjjj
FNDA:13627,_ZN10svg_writer3addERKN5boost8geometry5model10linestringINS2_2d28point_xyIdNS1_2cs9cartesianEEESt6vectorSaEEdjjj
FN:946,_ZN10svg_writer3addERKN5boost8geometry5model16multi_linestringINS2_10linestringINS2_2d28point_xyIdNS1_2cs9cartesianEEESt6vectorSaEESA_SaEEdjjj
FNDA:0,_ZN10svg_writer3addERKN5boost8geometry5model16multi_linestringINS2_10linestringINS2_2d28point_xyIdNS1_2cs9cartesianEEESt6vectorSaEESA_SaEEdjjj
DA:68,329
DA:73,329
DA:75,658
DA:76,329
DA:83,987
DA:85,329
DA:86,987
DA:88,329
DA:89,8
DA:92,4
DA:96,329
DA:97,329
DA:98,658
DA:99,995
DA:100,24
DA:101,8
DA:102,8
DA:103,16
DA:105,329
DA:108,0
DA:109,0
DA:111,4786
DA:114,4634
DA:118,353
DA:120,353
DA:121,15483
DA:122,21636
DA:123,406626
DA:124,577485
DA:125,384990
DA:126,192495
DA:129,7212
DA:131,353
DA:134,353
DA:135,353
DA:136,8271
DA:137,7212
DA:138,406626
DA:139,1154970
DA:142,353
DA:147,56
DA:150,56
DA:151,56
DA:152,1512
DA:153,6288
DA:154,1688
DA:155,912
DA:156,1688
DA:157,912
DA:158,912
DA:159,912
DA:160,136
DA:162,1552
DA:163,776
DA:164,776
DA:167,56
DA:170,345
DA:171,345
DA:172,7799
DA:173,16910
DA:175,345
DA:178,353
DA:182,1412
DA:183,966
DA:184,738
DA:185,353
DA:186,353
DA:187,353
DA:188,353
DA:189,3743
DA:190,3390
DA:191,3390
DA:192,3390
DA:193,3390
DA:194,14988
DA:195,4818
DA:196,4818
DA:199,3390
DA:200,9210
DA:201,4588
DA:202,4588
DA:203,4588
DA:204,10124
DA:205,3242
DA:207,2294
DA:208,4588
DA:209,908
DA:210,64
DA:212,454
DA:217,706
DA:218,32
DA:220,32
DA:222,353
DA:223,706
DA:224,1436
DA:225,24
DA:227,353
DA:232,353
DA:234,353
DA:235,706
DA:236,349
DA:238,8
DA:239,88
DA:240,76
DA:243,353
DA:244,642
DA:246,64
DA:249,706
DA:250,706
DA:251,706
DA:252,353
DA:254,353
DA:264,22489
DA:268,22489
DA:269,22489
DA:270,22489
DA:271,44978
DA:272,1094855
DA:273,3149631
DA:274,210080
DA:275,105040
DA:276,105040
DA:278,3149631
DA:279,50426
DA:280,25213
DA:281,25213
DA:284,22489
DA:285,20089
DA:286,46543
DA:287,44978
DA:290,7825
DA:291,7825
DA:292,1565
DA:293,4695
DA:294,6260
DA:298,10955
DA:299,1565
DA:300,3130
DA:304,1565
DA:308,432
DA:309,324
DA:310,108
DA:313,5828
DA:314,1457
DA:317,1565
DA:318,1565
DA:321,24964
DA:325,24964
DA:326,24964
DA:327,24964
DA:328,24964
DA:329,24964
DA:330,24964
DA:333,99856
DA:334,24964
DA:335,24964
DA:336,24964
DA:337,99856
DA:340,99856
DA:341,13552
DA:342,13552
DA:343,13552
DA:344,54208
DA:347,24964
DA:350,99840
DA:351,10408
DA:352,10408
DA:353,10408
DA:354,41632
DA:357,99840
DA:358,4816
DA:359,4816
DA:360,4816
DA:361,19264
DA:364,24964
DA:366,24920
DA:369,99680
DA:370,0
DA:371,0
DA:372,0
DA:373,0
DA:376,99680
DA:377,0
DA:378,0
DA:379,0
DA:380,0
DA:383,24920
DA:386,99680
DA:387,0
DA:388,0
DA:389,0
DA:390,0
DA:393,99680
DA:394,0
DA:395,0
DA:396,0
DA:397,0
DA:402,24964
DA:405,24964
DA:406,24964
DA:407,24964
DA:409,49928
DA:410,49928
DA:413,300
DA:414,0
DA:416,300
DA:417,2400
DA:418,300
DA:419,300
DA:420,432
DA:422,768
DA:425,300
DA:426,300
DA:429,6711
DA:433,26844
DA:436,37181
DA:437,22489
DA:442,28540
DA:443,24964
DA:448,4846
DA:449,120
DA:450,4806
DA:451,336
DA:453,14082
DA:463,6795
DA:468,6795
DA:469,20385
DA:470,6795
DA:471,13590
DA:472,33191
DA:473,6403
DA:475,6795
DA:476,26612
DA:477,6227
DA:479,6795
DA:484,5790
DA:491,23036
DA:492,11332
DA:495,12709
DA:496,6919
DA:497,27552
DA:498,20385
DA:499,1129
DA:500,3387
DA:504,5790
DA:516,3382
DA:521,3382
DA:522,3382
DA:524,3382
DA:527,3382
DA:529,6624
DA:530,6484
DA:531,6624
DA:532,3242
DA:533,3242
DA:534,9754
DA:535,3382
DA:536,3382
DA:538,6764
DA:539,10146
DA:540,7818
DA:542,6764
DA:543,3382
DA:545,6764
DA:546,6764
DA:547,3382
DA:548,6764
DA:549,6764
DA:550,5212
DA:552,10146
DA:557,3382
DA:558,0
DA:564,0
DA:565,0
DA:566,0
DA:567,0
DA:568,0
DA:569,0
DA:570,0
DA:571,0
DA:585,0
DA:586,0
DA:558,21173
DA:564,42346
DA:565,148211
DA:566,21173
DA:567,21173
DA:568,42346
DA:569,21173
DA:570,21173
DA:571,21173
DA:585,21173
DA:586,84692
DA:572,1460
DA:573,2920
DA:574,1460
DA:576,0
DA:580,0
DA:581,0
DA:582,0
DA:587,6764
DA:594,3382
DA:595,9172
DA:596,5790
DA:597,5790
DA:598,5790
DA:599,2408
DA:602,1392
DA:605,1676
DA:608,5790
DA:610,8348
DA:612,5790
DA:615,6764
DA:619,313
DA:621,626
DA:622,1260
DA:623,16
DA:625,313
DA:626,32
DA:628,313
DA:630,626
DA:632,807
DA:633,313
DA:634,362
DA:635,112
DA:637,362
DA:638,543
DA:639,543
DA:641,362
DA:642,394
DA:643,426
DA:644,213
DA:645,426
DA:647,3455
DA:648,3414
DA:649,6484
DA:650,3242
DA:652,516
DA:653,344
DA:654,516
DA:655,172
DA:658,3242
DA:659,3414
DA:660,3242
DA:661,272
DA:662,136
DA:663,1496
DA:664,1088
DA:665,544
DA:666,2664
DA:667,516
DA:670,272
DA:672,6484
DA:673,18018
DA:674,8292
DA:675,8292
DA:676,4146
DA:679,6484
DA:680,3242
DA:682,3070
DA:684,344
DA:685,344
DA:686,768
DA:687,252
DA:689,344
DA:690,172
DA:691,344
DA:693,426
DA:694,426
DA:695,426
DA:696,426
DA:697,213
DA:700,732
DA:701,8
DA:702,8
DA:705,8
DA:706,8
DA:707,0
DA:708,26280
DA:709,26280
DA:710,52560
DA:711,16
DA:712,992
DA:713,484
DA:715,16
DA:716,992
DA:717,968
DA:718,968
DA:719,484
DA:722,16
DA:723,24
DA:724,16
DA:725,8
DA:727,362
DA:729,264
DA:730,132
DA:731,264
DA:732,396
DA:734,272
DA:735,700
DA:736,280
DA:738,528
DA:739,132
DA:740,264
DA:741,264
DA:743,0
DA:746,461
DA:748,461
DA:749,922
DA:751,461
DA:752,922
DA:753,1852
DA:754,8
DA:757,461
DA:758,461
DA:760,140
DA:761,140
DA:762,140
DA:764,132
DA:765,132
DA:766,528
DA:767,528
DA:768,0
DA:770,132
DA:773,3382
DA:780,3382
DA:783,3382
DA:784,3382
DA:785,6764
DA:788,1552
DA:789,776
DA:790,776
DA:795,6764
DA:796,6764
DA:797,5212
DA:800,6764
DA:803,3382
DA:804,3084
DA:807,2354
DA:808,2354
DA:810,1880
DA:811,1880
DA:812,3760
DA:814,948
DA:816,2354
DA:820,9316
DA:821,6106
DA:822,6106
DA:824,3690
DA:828,2416
DA:829,4832
DA:833,824
DA:835,1592
DA:837,2416
DA:838,144
DA:840,2272
DA:843,11752
DA:844,5962
DA:846,2512
DA:848,6900
DA:850,3450
DA:852,3450
DA:853,3258
DA:855,192
DA:858,11752
DA:859,5962
DA:863,8376
DA:865,3170
DA:867,5962
DA:868,544
DA:870,5962
DA:875,5790
DA:878,6764
DA:881,1199
DA:883,1199
DA:885,1199
DA:886,2398
DA:887,1199
DA:888,2398
DA:889,1199
DA:890,2398
DA:891,1199
DA:892,2398
DA:895,1199
DA:896,1199
DA:898,1199
DA:899,1199
DA:900,2398
DA:901,1199
DA:904,1167
DA:906,3854
DA:908,21281
DA:910,8890
DA:911,8890
DA:912,8890
DA:914,17780
DA:915,8890
DA:917,17780
DA:918,26670
DA:919,8890
DA:921,1167
DA:923,32
DA:924,96
DA:926,2032
DA:927,1936
DA:928,1936
DA:929,1936
DA:931,1936
DA:933,32
DA:935,13627
DA:937,13627
DA:938,40881
DA:939,13627
DA:941,68135
DA:944,13627
DA:946,0
DA:947,3417
DA:948,2055
DA:950,0
end_of_record
TN:
SF:/home/eyalsoha/private/pcb2gcode/bg_helpers.hpp
FN:7,_ZmiIN5boost8geometry5model7polygonINS2_2d28point_xyIdNS1_2cs9cartesianEEELb1ELb1ESt6vectorS9_SaSaEENS2_13multi_polygonISA_S9_SaEEENSB_IT_S9_SaEERKSE_RKT0_
FNDA:2609,_ZmiIN5boost8geometry5model7polygonINS2_2d28point_xyIdNS1_2cs9cartesianEEELb1ELb1ESt6vectorS9_SaSaEENS2_13multi_polygonISA_S9_SaEEENSB_IT_S9_SaEERKSE_RKT0_
FN:141,_ZN10bg_helpersL6bufferERKN5boost8geometry5model13multi_polygonINS2_7polygonINS2_2d28point_xyIdNS1_2cs9cartesianEEELb1ELb1ESt6vectorSA_SaSaEESA_SaEEd
FNDA:3387,_ZN10bg_helpersL6bufferERKN5boost8geometry5model13multi_polygonINS2_7polygonINS2_2d28point_xyIdNS1_2cs9cartesianEEELb1ELb1ESt6vectorSA_SaSaEESA_SaEEd
DA:7,2609
DA:9,5218
DA:10,0
DA:12,2609
DA:13,2609
DA:14,5218
DA:141,3387
DA:142,3387
DA:143,0
DA:145,6774
DA:146,6774
DA:147,3387
DA:148,3387
DA:149,3387
DA:150,3387
DA:151,6774
DA:152,6774
end_of_record
SF:/home/eyalsoha/private/pcb2gcode/path_finding.cpp
FN:27,_ZN12path_finding18PathFindingSurfaceC2ERKN5boost8geometry5model13multi_polygonINS3_7polygonINS3_2d28point_xyIdNS2_2cs9cartesianEEELb1ELb1ESt6vectorSB_SaSaEESB_SaEERKNS1_8optionalISD_EEd
FNDA:3387,_ZN12path_finding18PathFindingSurfaceC2ERKN5boost8geometry5model13multi_polygonINS3_7polygonINS3_2d28point_xyIdNS2_2cs9cartesianEEELb1ELb1ESt6vectorSB_SaSaEESB_SaEERKNS1_8optionalISD_EEd
FN:68,_ZN12path_finding15is_intersectingERKN5boost8geometry5model2d28point_xyIdNS1_2cs9cartesianEEES9_S9_S9_
FNDA:2870,_ZN12path_finding15is_intersectingERKN5boost8geometry5model2d28point_xyIdNS1_2cs9cartesianEEES9_S9_S9_
FN:101,_ZN12path_finding11PathSurfaceC2ERKSt10shared_ptrIKNS_18PathFindingSurfaceEEN5boost8geometry5model2d28point_xyIdNS8_2cs9cartesianEEESE_St8functionIFbRKSE_RKdEE
FNDA:19313,_ZN12path_finding11PathSurfaceC2ERKSt10shared_ptrIKNS_18PathFindingSurfaceEEN5boost8geometry5model2d28point_xyIdNS8_2cs9cartesianEEESE_St8functionIFbRKSE_RKdEE
FN:134,_ZNK12path_finding11PathSurface10in_surfaceERKmS2_
FNDA:135,_ZNK12path_finding11PathSurface10in_surfaceERKmS2_
FN:238,_ZN12path_finding19OutEdgeIteratorImpl20move_to_valid_targetEv
FNDA:3004,_ZN12path_finding19OutEdgeIteratorImpl20move_to_valid_targetEv
FN:273,_ZNK12path_finding18VertexIteratorImpldeEv
FNDA:0,_ZNK12path_finding18VertexIteratorImpldeEv
FN:276,_ZN12path_finding18VertexIteratorImplppEv
FNDA:0,_ZN12path_finding18VertexIteratorImplppEv
FN:279,_ZNK12path_finding18VertexIteratorImpleqERKS0_
FNDA:0,_ZNK12path_finding18VertexIteratorImpleqERKS0_
FN:287,_ZN12path_finding8verticesERKNS_11PathSurfaceE
FNDA:0,_ZN12path_finding8verticesERKNS_11PathSurfaceE
FN:291,_ZN12path_finding9out_edgesERKmRKNS_11PathSurfaceE
FNDA:1471,_ZN12path_finding9out_edgesERKmRKNS_11PathSurfaceE
FN:295,_ZN12path_finding10out_degreeEmRKNS_11PathSurfaceE
FNDA:0,_ZN12path_finding10out_degreeEmRKNS_11PathSurfaceE
FN:306,_ZN12path_finding6sourceESt4pairImmERKNS_11PathSurfaceE
FNDA:0,_ZN12path_finding6sourceESt4pairImmERKNS_11PathSurfaceE
FN:310,_ZN12path_finding6targetESt4pairImmERKNS_11PathSurfaceE
FNDA:0,_ZN12path_finding6targetESt4pairImmERKNS_11PathSurfaceE
FN:314,_ZN12path_finding12num_verticesERKNS_11PathSurfaceE
FNDA:0,_ZN12path_finding12num_verticesERKNS_11PathSurfaceE
FN:336,_ZN12path_finding20PathSurfaceHeuristicclEm
FNDA:1490,_ZN12path_finding20PathSurfaceHeuristicclEm
FN:352,_ZN12path_finding16AstarGoalVisitor14examine_vertexEmRKNS_11PathSurfaceE
FNDA:0,_ZN12path_finding16AstarGoalVisitor14examine_vertexEmRKNS_11PathSurfaceE
FN:362,_ZN12path_finding27create_path_finding_surfaceERKN5boost8geometry5model13multi_polygonINS2_7polygonINS2_2d28point_xyIdNS1_2cs9cartesianEEELb1ELb1ESt6vectorSA_SaSaEESA_SaEERKNS0_8optionalISC_EEd
FNDA:3387,_ZN12path_finding27create_path_finding_surfaceERKN5boost8geometry5model13multi_polygonINS2_7polygonINS2_2d28point_xyIdNS1_2cs9cartesianEEELb1ELb1ESt6vectorSA_SaSaEESA_SaEERKNS0_8optionalISC_EEd
FN:371,_ZN12path_finding9find_pathESt10shared_ptrIKNS_18PathFindingSurfaceEERKN5boost8geometry5model2d28point_xyIdNS5_2cs9cartesianEEESD_St8functionIFbSD_RKdEE
FNDA:21179,_ZN12path_finding9find_pathESt10shared_ptrIKNS_18PathFindingSurfaceEERKN5boost8geometry5model2d28point_xyIdNS5_2cs9cartesianEEESD_St8functionIFbSD_RKdEE
FN:392,_ZZN12path_finding9find_pathESt10shared_ptrIKNS_18PathFindingSurfaceEERKN5boost8geometry5model2d28point_xyIdNS5_2cs9cartesianEEESD_St8functionIFbSD_RKdEEENKUlRKSt4pairImmEE_clESM_.isra.1534
FNDA:124,_ZZN12path_finding9find_pathESt10shared_ptrIKNS_18PathFindingSurfaceEERKN5boost8geometry5model2d28point_xyIdNS5_2cs9cartesianEEESD_St8functionIFbSD_RKdEEENKUlRKSt4pairImmEE_clESM_.isra.1534
FN:392,_ZZN12path_finding9find_pathESt10shared_ptrIKNS_18PathFindingSurfaceEERKN5boost8geometry5model2d28point_xyIdNS5_2cs9cartesianEEESD_St8functionIFbSD_RKdEEENKUlRKSt4pairImmEE_clESM_
FNDA:0,_ZZN12path_finding9find_pathESt10shared_ptrIKNS_18PathFindingSurfaceEERKN5boost8geometry5model2d28point_xyIdNS5_2cs9cartesianEEESD_St8functionIFbSD_RKdEEENKUlRKSt4pairImmEE_clESM_
DA:27,3387
DA:29,6774
DA:30,3387
DA:31,3387
DA:33,6774
DA:34,5218
DA:37,3387
DA:38,15108
DA:39,488870
DA:40,469082
DA:42,22139
DA:43,213321
DA:44,206268
DA:49,10161
DA:52,33782315
DA:54,3387
DA:58,4704084
DA:59,6774
DA:60,10161
DA:62,3387
DA:63,3387
DA:68,2870
DA:70,5740
DA:71,5740
DA:72,5740
DA:73,5740
DA:75,2870
DA:76,2870
DA:79,2833
DA:81,5666
DA:82,5666
DA:83,2833
DA:84,2833
DA:88,1482
DA:89,1482
DA:93,790
DA:94,756
DA:101,19313
DA:103,38626
DA:104,19313
DA:105,735845
DA:106,658593
DA:107,1463
DA:110,19313
DA:111,19313
DA:112,19313
DA:113,35940048
DA:114,71725592
DA:115,35860808
DA:118,19313
DA:119,19313
DA:122,15565
DA:126,19313
DA:131,19313
DA:134,135
DA:135,135
DA:136,36
DA:138,99
DA:139,99
DA:140,198
DA:141,32
DA:143,83
DA:144,83
DA:145,298
DA:146,83
DA:147,10934
DA:148,5420
DA:149,18
DA:150,18
DA:153,292
DA:154,672
DA:155,320
DA:156,16
DA:157,16
DA:162,49
DA:163,49
DA:215,2926
DA:216,2926
DA:218,2942
DA:219,2942
DA:220,5884
DA:221,2942
DA:224,186
DA:227,62
DA:228,62
DA:231,73
DA:232,73
DA:233,146
DA:238,3004
DA:239,4512
DA:240,9024
DA:243,3030
DA:244,1471
DA:245,1471
DA:247,3118
DA:248,1460
DA:249,1460
DA:250,2920
DA:251,3118
DA:252,0
DA:253,0
DA:255,99
DA:256,37
DA:257,37
DA:261,1544
DA:270,0
DA:273,0
DA:274,0
DA:276,0
DA:277,0
DA:278,0
DA:279,0
DA:280,0
DA:287,0
DA:288,0
DA:291,1471
DA:292,2942
DA:295,0
DA:296,0
DA:298,0
DA:299,0
DA:300,0
DA:303,0
DA:306,0
DA:307,0
DA:310,0
DA:311,62
DA:314,0
DA:315,2926
DA:330,2926
DA:333,1463
DA:334,2926
DA:336,1490
DA:337,7450
DA:338,5960
DA:350,2926
DA:352,0
DA:353,0
DA:354,0
DA:356,0
DA:362,3387
DA:366,3387
DA:367,3387
DA:368,3387
DA:371,21179
DA:375,61671
DA:376,21179
DA:377,21179
DA:378,42358
DA:379,1866
DA:381,19313
DA:383,38626
DA:384,38626
DA:385,35700
DA:388,7315
DA:391,1463
DA:392,124
DA:393,620
DA:394,496
DA:392,0
DA:393,0
DA:394,0
DA:395,1463
DA:398,1463
DA:399,1463
DA:400,4389
DA:401,1463
DA:402,1463
DA:403,2926
DA:404,1463
DA:405,5852
DA:406,3
DA:407,6
DA:408,10
DA:409,21
DA:411,6
DA:412,3
DA:413,3
DA:414,1460
DA:415,2920
DA:417,0
end_of_record
TN:
SF:/home/eyalsoha/private/pcb2gcode/unique_codes.hpp
FN:32,_ZN11uniqueCodes13getUniqueCodeEv
FNDA:0,_ZN11uniqueCodes13getUniqueCodeEv
DA:32,0
DA:34,104
end_of_record
SF:/home/eyalsoha/private/pcb2gcode/autoleveller.hpp
FN:79,_ZN12autoleveller14maxProbePointsEv
FNDA:0,_ZN12autoleveller14maxProbePointsEv
FN:85,_ZN12autoleveller19requiredProbePointsEv
FNDA:0,_ZN12autoleveller19requiredProbePointsEv
DA:79,0
DA:81,20
DA:85,0
DA:87,20
end_of_record
SF:/home/eyalsoha/private/pcb2gcode/autoleveller.cpp
FN:52,_Z13silent_formatRKNSt7__cxx1112basic_stringIcSt11char_traitsIcESaIcEEE
FNDA:0,_Z13silent_formatRKNSt7__cxx1112basic_stringIcSt11char_traitsIcESaIcEEE
FN:59,_ZN12autolevellerC2ERKN5boost15program_options13variables_mapEP11uniqueCodesS6_ddN6Tiling8TileInfoE
FNDA:20,_ZN12autolevellerC2ERKN5boost15program_options13variables_mapEP11uniqueCodesS6_ddN6Tiling8TileInfoE
FN:100,_ZN12autoleveller10getVarNameB5cxx11Eii
FNDA:72236,_ZN12autoleveller10getVarNameB5cxx11Eii
FN:105,_Z15computeWorkareaRKSt6vectorISt4pairIdS_ISt10shared_ptrIS_IS0_IddESaIS2_EEESaIS5_EEESaIS8_EE
FNDA:20,_Z15computeWorkareaRKSt6vectorISt4pairIdS_ISt10shared_ptrIS_IS0_IddESaIS2_EEESaIS5_EEESaIS8_EE
FN:118,_ZN12autoleveller15prepareWorkareaERKSt6vectorISt4pairIdS0_ISt10shared_ptrIS0_IS1_IddESaIS3_EEESaIS6_EEESaIS9_EE
FNDA:20,_ZN12autoleveller15prepareWorkareaERKSt6vectorISt4pairIdS0_ISt10shared_ptrIS0_IS1_IddESaIS3_EEESaIS6_EEESaIS9_EE
FN:154,_ZN12autoleveller6headerERSt14basic_ofstreamIcSt11char_traitsIcEE
FNDA:20,_ZN12autoleveller6headerERSt14basic_ofstreamIcSt11char_traitsIcEE
FN:243,_ZN12autoleveller10footerNoIfERSt14basic_ofstreamIcSt11char_traitsIcEE
FNDA:20,_ZN12autoleveller10footerNoIfERSt14basic_ofstreamIcSt11char_traitsIcEE
FN:306,_ZN12autoleveller16interpolatePointB5cxx11ESt4pairIddE
FNDA:17840,_ZN12autoleveller16interpolatePointB5cxx11ESt4pairIddE
FN:330,_ZplRKSt4pairIddES2_
FNDA:0,_ZplRKSt4pairIddES2_
FN:334,_ZmiRKSt4pairIddES2_
FNDA:0,_ZmiRKSt4pairIddES2_
FN:338,_ZmlRKSt4pairIddES2_
FNDA:0,_ZmlRKSt4pairIddES2_
FN:342,_ZdvRKSt4pairIddES2_
FNDA:0,_ZdvRKSt4pairIddES2_
FN:346,_ZmlRKSt4pairIddERKd
FNDA:0,_ZmlRKSt4pairIddERKd
FN:350,_ZL5floorRKSt4pairIddE
FNDA:0,_ZL5floorRKSt4pairIddE
FN:354,_Z17partition_segmentRKSt4pairIddES2_S2_S2_
FNDA:25282,_Z17partition_segmentRKSt4pairIddES2_S2_S2_
FN:385,_ZN12autoleveller13addChainPointB5cxx11ESt4pairIddE
FNDA:25276,_ZN12autoleveller13addChainPointB5cxx11ESt4pairIddE
FN:407,_ZN12autoleveller12g01CorrectedB5cxx11ESt4pairIddE
FNDA:540,_ZN12autoleveller12g01CorrectedB5cxx11ESt4pairIddE
DA:52,0
DA:54,0
DA:55,9392
DA:56,9392
DA:59,20
DA:61,20
DA:62,60
DA:63,60
DA:64,60
DA:65,40
DA:66,60
DA:67,40
DA:68,60
DA:69,60
DA:70,80
DA:71,80
DA:72,80
DA:73,80
DA:74,60
DA:75,60
DA:76,60
DA:77,60
DA:80,20
DA:81,20
DA:82,20
DA:91,20
DA:92,20
DA:93,400
DA:95,20
DA:96,20
DA:97,20
DA:98,20
DA:100,72236
DA:102,72236
DA:105,20
DA:106,20
DA:108,84
DA:109,552
DA:110,720
DA:111,480
DA:115,20
DA:118,20
DA:119,20
DA:120,20
DA:121,20
DA:123,20
DA:124,40
DA:125,40
DA:126,40
DA:127,40
DA:129,40
DA:130,20
DA:131,40
DA:132,20
DA:134,20
DA:135,20
DA:137,20
DA:138,20
DA:140,20
DA:141,20
DA:143,20
DA:144,20
DA:145,20
DA:147,48
DA:148,0
DA:149,0
DA:152,20
DA:154,20
DA:156,20
DA:161,20
DA:163,20
DA:164,12
DA:166,20
DA:168,20
DA:169,20
DA:173,0
DA:174,0
DA:176,20
DA:177,20
DA:178,20
DA:179,20
DA:180,20
DA:181,12
DA:182,40
DA:183,20
DA:184,20
DA:185,20
DA:186,20
DA:187,20
DA:188,20
DA:189,20
DA:190,20
DA:191,20
DA:192,20
DA:193,20
DA:195,20
DA:197,12
DA:198,12
DA:199,12
DA:200,12
DA:201,24
DA:205,144
DA:206,136
DA:207,136
DA:208,136
DA:209,136
DA:211,72
DA:212,72
DA:213,72
DA:216,64
DA:217,64
DA:218,64
DA:220,136
DA:221,8
DA:223,1012
DA:224,876
DA:225,876
DA:226,876
DA:227,876
DA:232,20
DA:233,20
DA:234,20
DA:235,12
DA:236,20
DA:237,20
DA:238,20
DA:239,8
DA:240,20
DA:241,20
DA:243,20
DA:245,20
DA:246,20
DA:247,20
DA:248,20
DA:250,20
DA:252,12
DA:253,12
DA:255,12
DA:256,12
DA:260,0
DA:261,0
DA:263,12
DA:264,12
DA:265,12
DA:266,12
DA:267,12
DA:268,12
DA:269,12
DA:270,12
DA:271,12
DA:272,12
DA:273,12
DA:274,12
DA:275,12
DA:276,24
DA:277,24
DA:278,12
DA:279,12
DA:280,12
DA:281,12
DA:282,12
DA:283,12
DA:284,12
DA:285,12
DA:286,12
DA:287,12
DA:288,24
DA:289,12
DA:290,12
DA:291,12
DA:292,12
DA:293,12
DA:294,12
DA:295,12
DA:296,24
DA:297,12
DA:299,20
DA:303,35680
DA:306,17840
DA:308,17840
DA:309,17840
DA:310,17840
DA:311,17840
DA:313,17840
DA:314,17840
DA:316,17840
DA:317,17840
DA:319,17840
DA:320,17840
DA:322,17840
DA:323,53520
DA:324,53520
DA:325,53520
DA:326,53520
DA:327,35680
DA:330,0
DA:331,480258
DA:334,0
DA:335,533620
DA:338,0
DA:339,213448
DA:342,0
DA:343,266810
DA:346,0
DA:347,53362
DA:350,0
DA:351,53362
DA:354,25282
DA:356,25282
DA:357,1082
DA:359,24741
DA:360,24741
DA:361,51422
DA:362,80043
DA:363,26681
DA:365,80043
DA:366,26681
DA:367,160086
DA:368,426896
DA:369,320172
DA:370,106724
DA:372,962
DA:374,106724
DA:376,1016
DA:379,26681
DA:381,24741
DA:382,49482
DA:385,25276
DA:387,25276
DA:388,25276
DA:389,25276
DA:391,75828
DA:393,25276
DA:394,61936
DA:395,18304
DA:397,119064
DA:398,17480
DA:399,34960
DA:403,25276
DA:404,50552
DA:407,540
DA:409,540
DA:410,180
DA:412,360
end_of_record
SF:/home/eyalsoha/private/pcb2gcode/units.hpp
DA:164,120
DA:166,40
DA:168,320
DA:235,300
DA:328,60
end_of_record
TN:
SF:/home/eyalsoha/private/pcb2gcode/common_tests.cpp
FN:20,_ZN12common_tests20build_filename_tests11test_methodEv
FNDA:1,_ZN12common_tests20build_filename_tests11test_methodEv
FN:20,_ZN12common_testsL28build_filename_tests_invokerEv
FNDA:1,_ZN12common_testsL28build_filename_tests_invokerEv
DA:20,1
DA:21,3
DA:22,3
DA:23,3
DA:24,3
DA:25,3
DA:26,3
DA:27,3
DA:28,3
DA:29,3
DA:30,3
DA:31,3
DA:32,3
DA:33,3
DA:34,3
DA:35,1
DA:20,1
end_of_record
TN:
SF:/home/eyalsoha/private/pcb2gcode/voronoi_tests.cpp
FN:15,_ZN13voronoi_tests9print_svgIN5boost8geometry5model13multi_polygonINS3_7polygonINS3_2d28point_xyIdNS2_2cs9cartesianEEELb1ELb1ESt6vectorSB_SaSaEESB_SaEEEEvRKT_RKNSt7__cxx1112basic_stringIcSt11char_traitsIcESaIcEEE
FNDA:3,_ZN13voronoi_tests9print_svgIN5boost8geometry5model13multi_polygonINS3_7polygonINS3_2d28point_xyIdNS2_2cs9cartesianEEELb1ELb1ESt6vectorSB_SaSaEESB_SaEEEEvRKT_RKNSt7__cxx1112basic_stringIcSt11char_traitsIcESaIcEEE
FN:15,_ZN13voronoi_tests9print_svgIN5boost8geometry5model13multi_polygonINS3_7polygonINS3_2d28point_xyIlNS2_2cs9cartesianEEELb1ELb1ESt6vectorSB_SaSaEESB_SaEEEEvRKT_RKNSt7__cxx1112basic_stringIcSt11char_traitsIcESaIcEEE
FNDA:3,_ZN13voronoi_tests9print_svgIN5boost8geometry5model13multi_polygonINS3_7polygonINS3_2d28point_xyIlNS2_2cs9cartesianEEELb1ELb1ESt6vectorSB_SaSaEESB_SaEEEEvRKT_RKNSt7__cxx1112basic_stringIcSt11char_traitsIcESaIcEEE
FN:33,_ZN13voronoi_tests5empty11test_methodEv
FNDA:1,_ZN13voronoi_tests5empty11test_methodEv
FN:33,_ZN13voronoi_testsL13empty_invokerEv
FNDA:1,_ZN13voronoi_testsL13empty_invokerEv
FN:41,_ZN13voronoi_tests13just_a_square11test_methodEv
FNDA:1,_ZN13voronoi_tests13just_a_square11test_methodEv
FN:41,_ZN13voronoi_testsL21just_a_square_invokerEv
FNDA:1,_ZN13voronoi_testsL21just_a_square_invokerEv
FN:54,_ZN13voronoi_tests16square_with_hole11test_methodEv
FNDA:1,_ZN13voronoi_tests16square_with_hole11test_methodEv
FN:54,_ZN13voronoi_testsL24square_with_hole_invokerEv
FNDA:1,_ZN13voronoi_testsL24square_with_hole_invokerEv
FN:72,_ZN13voronoi_tests23almost_square_with_hole11test_methodEv
FNDA:1,_ZN13voronoi_tests23almost_square_with_hole11test_methodEv
FN:72,_ZN13voronoi_testsL31almost_square_with_hole_invokerEv
FNDA:1,_ZN13voronoi_testsL31almost_square_with_hole_invokerEv
DA:15,3
DA:16,6
DA:19,3
DA:20,12
DA:21,6
DA:22,9
DA:23,3
DA:24,19
DA:25,5
DA:26,10
DA:27,10
DA:28,10
DA:29,15
DA:31,3
DA:15,3
DA:16,6
DA:19,3
DA:20,12
DA:21,6
DA:22,9
DA:23,3
DA:24,19
DA:25,5
DA:26,10
DA:27,10
DA:28,10
DA:29,15
DA:31,3
DA:33,1
DA:34,1
DA:35,1
DA:36,1
DA:37,2
DA:38,3
DA:39,1
DA:33,1
DA:41,1
DA:42,1
DA:43,2
DA:44,3
DA:45,1
DA:46,3
DA:47,1
DA:48,1
DA:49,2
DA:50,3
DA:51,3
DA:52,1
DA:41,1
DA:54,1
DA:55,1
DA:56,3
DA:57,3
DA:58,1
DA:59,1
DA:60,3
DA:61,1
DA:62,3
DA:63,1
DA:64,1
DA:65,2
DA:66,3
DA:67,3
DA:68,3
DA:69,3
DA:70,1
DA:54,1
DA:72,1
DA:73,1
DA:74,2
DA:75,3
DA:76,1
DA:77,1
DA:78,3
DA:79,1
DA:80,3
DA:81,1
DA:82,1
DA:83,2
DA:84,3
DA:85,3
DA:86,3
DA:87,3
DA:88,1
DA:72,1
end_of_record
TN:
SF:/home/eyalsoha/private/pcb2gcode/units.hpp
FN:21,_ZN21units_parse_exceptionC2ERKNSt7__cxx1112basic_stringIcSt11char_traitsIcESaIcEEES7_
FNDA:2,_ZN21units_parse_exceptionC2ERKNSt7__cxx1112basic_stringIcSt11char_traitsIcESaIcEEES7_
FN:24,_ZN21units_parse_exceptionC2ERKNSt7__cxx1112basic_stringIcSt11char_traitsIcESaIcEEE
FNDA:2,_ZN21units_parse_exceptionC2ERKNSt7__cxx1112basic_stringIcSt11char_traitsIcESaIcEEE
FN:28,_ZNK21units_parse_exception4whatEv
FNDA:4,_ZNK21units_parse_exception4whatEv
FN:37,_ZN20comparison_exceptionC2ERKNSt7__cxx1112basic_stringIcSt11char_traitsIcESaIcEEE
FNDA:0,_ZN20comparison_exceptionC2ERKNSt7__cxx1112basic_stringIcSt11char_traitsIcESaIcEEE
FN:41,_ZNK20comparison_exception4whatEv
FNDA:0,_ZNK20comparison_exception4whatEv
FN:57,_ZN5Lexer8get_wordB5cxx11Ev
FNDA:23,_ZN5Lexer8get_wordB5cxx11Ev
FN:61,_ZN5Lexer10get_doubleEv
FNDA:28,_ZN5Lexer10get_doubleEv
FN:63,_ZZN5Lexer10get_doubleEvENKUliE_clEi
FNDA:0,_ZZN5Lexer10get_doubleEvENKUliE_clEi
FN:93,_ZN5Lexer10get_stringIbEENSt7__cxx1112basic_stringIcSt11char_traitsIcESaIcEEEPFT_iE
FNDA:28,_ZN5Lexer10get_stringIbEENSt7__cxx1112basic_stringIcSt11char_traitsIcESaIcEEEPFT_iE
FN:93,_ZN5Lexer10get_stringIiEENSt7__cxx1112basic_stringIcSt11char_traitsIcESaIcEEEPFT_iE
FNDA:127,_ZN5Lexer10get_stringIiEENSt7__cxx1112basic_stringIcSt11char_traitsIcESaIcEEEPFT_iE
FN:130,_ZlsRSoRK8UnitBaseIN5boost5units4unitINS2_4listINS2_3dimINS2_21length_base_dimensionENS2_15static_rationalILl1ELl1EEEEENS2_18dimensionless_typeEEENS2_18homogeneous_systemINS4_INS2_2si15meter_base_unitENS4_INS2_16scaled_base_unitINS2_3cgs14gram_base_unitENS2_5scaleILl10ENS7_ILl3ELl1EEEEEEENS4_INSD_16second_base_unitENS4_INSD_16ampere_base_unitENS4_INSD_16kelvin_base_unitENS4_INSD_14mole_base_unitENS4_INSD_17candela_base_unitENS4_INS2_5angle16radian_base_unitENS4_INSR_19steradian_base_unitESA_EEEEEEEEEEEEEEEEEEEEvEEE
FNDA:9,_ZlsRSoRK8UnitBaseIN5boost5units4unitINS2_4listINS2_3dimINS2_21length_base_dimensionENS2_15static_rationalILl1ELl1EEEEENS2_18dimensionless_typeEEENS2_18homogeneous_systemINS4_INS2_2si15meter_base_unitENS4_INS2_16scaled_base_unitINS2_3cgs14gram_base_unitENS2_5scaleILl10ENS7_ILl3ELl1EEEEEEENS4_INSD_16second_base_unitENS4_INSD_16ampere_base_unitENS4_INSD_16kelvin_base_unitENS4_INSD_14mole_base_unitENS4_INSD_17candela_base_unitENS4_INS2_5angle16radian_base_unitENS4_INSR_19steradian_base_unitESA_EEEEEEEEEEEEEEEEEEEEvEEE
FN:138,_ZNK8UnitBaseIN5boost5units4unitINS1_4listINS1_3dimINS1_21length_base_dimensionENS1_15static_rationalILl1ELl1EEEEENS1_18dimensionless_typeEEENS1_18homogeneous_systemINS3_INS1_2si15meter_base_unitENS3_INS1_16scaled_base_unitINS1_3cgs14gram_base_unitENS1_5scaleILl10ENS6_ILl3ELl1EEEEEEENS3_INSC_16second_base_unitENS3_INSC_16ampere_base_unitENS3_INSC_16kelvin_base_unitENS3_INSC_14mole_base_unitENS3_INSC_17candela_base_unitENS3_INS1_5angle16radian_base_unitENS3_INSQ_19steradian_base_unitES9_EEEEEEEEEEEEEEEEEEEEvEEEltERKS14_
FNDA:50,_ZNK8UnitBaseIN5boost5units4unitINS1_4listINS1_3dimINS1_21length_base_dimensionENS1_15static_rationalILl1ELl1EEEEENS1_18dimensionless_typeEEENS1_18homogeneous_systemINS3_INS1_2si15meter_base_unitENS3_INS1_16scaled_base_unitINS1_3cgs14gram_base_unitENS1_5scaleILl10ENS6_ILl3ELl1EEEEEEENS3_INSC_16second_base_unitENS3_INSC_16ampere_base_unitENS3_INSC_16kelvin_base_unitENS3_INSC_14mole_base_unitENS3_INSC_17candela_base_unitENS3_INS1_5angle16radian_base_unitENS3_INSQ_19steradian_base_unitES9_EEEEEEEEEEEEEEEEEEEEvEEEltERKS14_
FN:154,_ZNK8UnitBaseIN5boost5units4unitINS1_4listINS1_3dimINS1_21length_base_dimensionENS1_15static_rationalILl1ELl1EEEEENS1_18dimensionless_typeEEENS1_18homogeneous_systemINS3_INS1_2si15meter_base_unitENS3_INS1_16scaled_base_unitINS1_3cgs14gram_base_unitENS1_5scaleILl10ENS6_ILl3ELl1EEEEEEENS3_INSC_16second_base_unitENS3_INSC_16ampere_base_unitENS3_INSC_16kelvin_base_unitENS3_INSC_14mole_base_unitENS3_INSC_17candela_base_unitENS3_INS1_5angle16radian_base_unitENS3_INSQ_19steradian_base_unitES9_EEEEEEEEEEEEEEEEEEEEvEEEeqERKS14_
FNDA:25,_ZNK8UnitBaseIN5boost5units4unitINS1_4listINS1_3dimINS1_21length_base_dimensionENS1_15static_rationalILl1ELl1EEEEENS1_18dimensionless_typeEEENS1_18homogeneous_systemINS3_INS1_2si15meter_base_unitENS3_INS1_16scaled_base_unitINS1_3cgs14gram_base_unitENS1_5scaleILl10ENS6_ILl3ELl1EEEEEEENS3_INSC_16second_base_unitENS3_INSC_16ampere_base_unitENS3_INSC_16kelvin_base_unitENS3_INSC_14mole_base_unitENS3_INSC_17candela_base_unitENS3_INS1_5angle16radian_base_unitENS3_INSQ_19steradian_base_unitES9_EEEEEEEEEEEEEEEEEEEEvEEEeqERKS14_
FN:237,_ZN4UnitIN5boost5units4unitINS1_4listINS1_3dimINS1_21length_base_dimensionENS1_15static_rationalILl1ELl1EEEEENS1_18dimensionless_typeEEENS1_18homogeneous_systemINS3_INS1_2si15meter_base_unitENS3_INS1_16scaled_base_unitINS1_3cgs14gram_base_unitENS1_5scaleILl10ENS6_ILl3ELl1EEEEEEENS3_INSC_16second_base_unitENS3_INSC_16ampere_base_unitENS3_INSC_16kelvin_base_unitENS3_INSC_14mole_base_unitENS3_INSC_17candela_base_unitENS3_INS1_5angle16radian_base_unitENS3_INSQ_19steradian_base_unitES9_EEEEEEEEEEEEEEEEEEEEvEEE8get_unitER5Lexer
FNDA:23,_ZN4UnitIN5boost5units4unitINS1_4listINS1_3dimINS1_21length_base_dimensionENS1_15static_rationalILl1ELl1EEEEENS1_18dimensionless_typeEEENS1_18homogeneous_systemINS3_INS1_2si15meter_base_unitENS3_INS1_16scaled_base_unitINS1_3cgs14gram_base_unitENS1_5scaleILl10ENS6_ILl3ELl1EEEEEEENS3_INSC_16second_base_unitENS3_INSC_16ampere_base_unitENS3_INSC_16kelvin_base_unitENS3_INSC_14mole_base_unitENS3_INSC_17candela_base_unitENS3_INS1_5angle16radian_base_unitENS3_INSQ_19steradian_base_unitES9_EEEEEEEEEEEEEEEEEEEEvEEE8get_unitER5Lexer
FN:406,_Z10parse_unitI4UnitIN5boost5units4unitINS2_4listINS2_3dimINS2_21length_base_dimensionENS2_15static_rationalILl1ELl1EEEEENS2_18dimensionless_typeEEENS2_18homogeneous_systemINS4_INS2_2si15meter_base_unitENS4_INS2_16scaled_base_unitINS2_3cgs14gram_base_unitENS2_5scaleILl10ENS7_ILl3ELl1EEEEEEENS4_INSD_16second_base_unitENS4_INSD_16ampere_base_unitENS4_INSD_16kelvin_base_unitENS4_INSD_14mole_base_unitENS4_INSD_17candela_base_unitENS4_INS2_5angle16radian_base_unitENS4_INSR_19steradian_base_unitESA_EEEEEEEEEEEEEEEEEEEEvEEEET_RKNSt7__cxx1112basic_stringIcSt11char_traitsIcESaIcEEE
FNDA:28,_Z10parse_unitI4UnitIN5boost5units4unitINS2_4listINS2_3dimINS2_21length_base_dimensionENS2_15static_rationalILl1ELl1EEEEENS2_18dimensionless_typeEEENS2_18homogeneous_systemINS4_INS2_2si15meter_base_unitENS4_INS2_16scaled_base_unitINS2_3cgs14gram_base_unitENS2_5scaleILl10ENS7_ILl3ELl1EEEEEEENS4_INSD_16second_base_unitENS4_INSD_16ampere_base_unitENS4_INSD_16kelvin_base_unitENS4_INSD_14mole_base_unitENS4_INSD_17candela_base_unitENS4_INS2_5angle16radian_base_unitENS4_INSR_19steradian_base_unitESA_EEEEEEEEEEEEEEEEEEEEvEEEET_RKNSt7__cxx1112basic_stringIcSt11char_traitsIcESaIcEEE
FN:465,_ZNK14CommaSeparatedI14AvailableDrillE5writeERSo
FNDA:5,_ZNK14CommaSeparatedI14AvailableDrillE5writeERSo
FN:474,_ZN14CommaSeparatedI14AvailableDrillE4readERSi
FNDA:10,_ZN14CommaSeparatedI14AvailableDrillE4readERSi
DA:21,4
DA:22,2
DA:23,2
DA:24,4
DA:25,2
DA:26,2
DA:28,4
DA:30,8
DA:37,0
DA:38,0
DA:39,0
DA:41,0
DA:43,0
DA:51,56
DA:53,28
DA:55,104
DA:57,23
DA:58,23
DA:59,23
DA:61,28
DA:62,28
DA:63,28
DA:64,0
DA:65,29
DA:66,28
DA:67,28
DA:68,2
DA:69,1
DA:86,53
DA:93,28
DA:94,28
DA:95,88
DA:96,60
DA:98,28
DA:93,127
DA:94,127
DA:95,196
DA:96,69
DA:98,127
DA:121,500
DA:125,172
DA:130,9
DA:131,18
DA:132,21
DA:134,2
DA:136,9
DA:138,50
DA:139,50
DA:140,84
DA:142,34
DA:143,32
DA:144,2
DA:145,28
DA:146,84
DA:148,0
DA:152,50
DA:154,25
DA:155,25
DA:164,29
DA:166,16
DA:168,52
DA:231,332
DA:233,218
DA:235,53
DA:237,23
DA:238,46
DA:239,23
DA:240,23
DA:241,8
DA:242,15
DA:244,8
DA:245,8
DA:246,8
DA:247,0
DA:249,8
DA:250,8
DA:251,3
DA:252,7
DA:254,1
DA:255,1
DA:256,2
DA:257,1
DA:258,0
DA:260,1
DA:263,8
DA:406,28
DA:407,28
DA:409,86
DA:411,28
DA:412,27
DA:413,27
DA:414,23
DA:416,4
DA:417,4
DA:419,26
DA:420,26
DA:421,0
DA:423,100
DA:450,27
DA:454,7
DA:455,14
DA:456,20
DA:463,4
DA:465,5
DA:466,31
DA:467,21
DA:468,2
DA:470,7
DA:472,5
DA:474,10
DA:475,14
DA:476,40
DA:477,14
DA:478,44
DA:479,161
DA:480,15
DA:481,7
DA:483,12
DA:491,10
DA:496,5
end_of_record
SF:/home/eyalsoha/private/pcb2gcode/available_drills.hpp
FN:15,_ZNK14AvailableDrilleqERKS_
FNDA:4,_ZNK14AvailableDrilleqERKS_
FN:23,_ZNK14AvailableDrill5writeERSo
FNDA:7,_ZNK14AvailableDrill5writeERSo
FN:32,_ZN14AvailableDrill4readERKNSt7__cxx1112basic_stringIcSt11char_traitsIcESaIcEEE
FNDA:11,_ZN14AvailableDrill4readERKNSt7__cxx1112basic_stringIcSt11char_traitsIcESaIcEEE
FN:79,_ZrsRSiR14AvailableDrill
FNDA:11,_ZrsRSiR14AvailableDrill
DA:8,82
DA:12,8
DA:13,67
DA:15,4
DA:16,8
DA:17,8
DA:18,4
DA:23,7
DA:24,7
DA:25,27
DA:26,25
DA:29,1
DA:30,1
DA:32,11
DA:33,18
DA:34,15
DA:35,22
DA:36,2
DA:37,8
DA:39,4
DA:40,16
DA:42,10
DA:43,18
DA:44,8
DA:45,1
DA:46,2
DA:48,16
DA:49,8
DA:51,21
DA:52,4
DA:54,24
DA:55,1
DA:56,3
DA:58,7
DA:79,11
DA:80,37
DA:81,11
DA:82,11
DA:83,4
DA:84,2
DA:85,2
DA:87,8
DA:91,7
end_of_record
SF:/home/eyalsoha/private/pcb2gcode/available_drills_tests.cpp
FN:12,_ZN22available_drills_tests26string_to_available_drillsERKNSt7__cxx1112basic_stringIcSt11char_traitsIcESaIcEEE
FNDA:10,_ZN22available_drills_tests26string_to_available_drillsERKNSt7__cxx1112basic_stringIcSt11char_traitsIcESaIcEEE
FN:19,_ZN22available_drills_tests26available_drills_to_stringB5cxx11ERK14CommaSeparatedI14AvailableDrillE
FNDA:5,_ZN22available_drills_tests26available_drills_to_stringB5cxx11ERK14CommaSeparatedI14AvailableDrillE
FN:25,_ZN22available_drills_tests22parse_available_drills11test_methodEv
FNDA:1,_ZN22available_drills_tests22parse_available_drills11test_methodEv
FN:25,_ZN22available_drills_testsL30parse_available_drills_invokerEv
FNDA:1,_ZN22available_drills_testsL30parse_available_drills_invokerEv
DA:12,10
DA:13,14
DA:14,10
DA:15,10
DA:16,6
DA:19,5
DA:20,5
DA:21,5
DA:22,5
DA:25,1
DA:26,6
DA:27,7
DA:28,6
DA:29,5
DA:30,11
DA:33,7
DA:37,9
DA:41,5
DA:45,4
DA:50,3
DA:51,3
DA:52,3
DA:53,3
DA:54,1
DA:25,1
end_of_record
TN:
SF:/home/eyalsoha/private/pcb2gcode/options.hpp
FN:100,_ZNK25pcb2gcode_parse_exception4whatEv
FNDA:0,_ZNK25pcb2gcode_parse_exception4whatEv
DA:100,0
DA:101,0
end_of_record
SF:/home/eyalsoha/private/pcb2gcode/autoleveller_tests.cpp
FN:9,_ZStlsRSoRKSt4pairIddE
FNDA:0,_ZStlsRSoRKSt4pairIddE
FN:14,_ZStlsRSoRKSt6vectorISt4pairIddESaIS2_EE
FNDA:0,_ZStlsRSoRKSt6vectorISt4pairIddESaIS2_EE
FN:29,_ZN18autoleveller_tests10ten_by_ten11test_methodEv
FNDA:1,_ZN18autoleveller_tests10ten_by_ten11test_methodEv
FN:29,_ZN18autoleveller_testsL18ten_by_ten_invokerEv
FNDA:1,_ZN18autoleveller_testsL18ten_by_ten_invokerEv
FN:50,_ZN18autoleveller_tests18horizontal_aligned11test_methodEv
FNDA:1,_ZN18autoleveller_tests18horizontal_aligned11test_methodEv
FN:50,_ZN18autoleveller_testsL26horizontal_aligned_invokerEv
FNDA:1,_ZN18autoleveller_testsL26horizontal_aligned_invokerEv
FN:71,_ZN18autoleveller_tests20horizontal_unaligned11test_methodEv
FNDA:1,_ZN18autoleveller_tests20horizontal_unaligned11test_methodEv
FN:71,_ZN18autoleveller_testsL28horizontal_unaligned_invokerEv
FNDA:1,_ZN18autoleveller_testsL28horizontal_unaligned_invokerEv
FN:84,_ZN18autoleveller_tests17ten_by_ten_offset11test_methodEv
FNDA:1,_ZN18autoleveller_tests17ten_by_ten_offset11test_methodEv
FN:84,_ZN18autoleveller_testsL25ten_by_ten_offset_invokerEv
FNDA:1,_ZN18autoleveller_testsL25ten_by_ten_offset_invokerEv
FN:106,_ZN18autoleveller_tests18source_equals_dest11test_methodEv
FNDA:1,_ZN18autoleveller_tests18source_equals_dest11test_methodEv
FN:106,_ZN18autoleveller_testsL26source_equals_dest_invokerEv
FNDA:1,_ZN18autoleveller_testsL26source_equals_dest_invokerEv
FN:117,_ZN18autoleveller_tests6skewed11test_methodEv
FNDA:1,_ZN18autoleveller_tests6skewed11test_methodEv
FN:117,_ZN18autoleveller_testsL14skewed_invokerEv
FNDA:1,_ZN18autoleveller_testsL14skewed_invokerEv
DA:9,0
DA:10,0
DA:11,0
DA:14,0
DA:15,0
DA:16,0
DA:17,0
DA:18,0
DA:19,0
DA:22,0
DA:23,0
DA:29,1
DA:30,2
DA:31,1
DA:32,1
DA:33,5
DA:34,1
DA:46,4
DA:47,3
DA:48,1
DA:29,1
DA:50,1
DA:51,2
DA:52,1
DA:53,1
DA:54,5
DA:55,1
DA:67,4
DA:68,3
DA:69,1
DA:50,1
DA:71,1
DA:72,2
DA:73,1
DA:74,1
DA:75,5
DA:76,1
DA:80,4
DA:81,3
DA:82,1
DA:71,1
DA:84,1
DA:85,2
DA:86,1
DA:87,1
DA:88,5
DA:89,1
DA:102,4
DA:103,3
DA:104,1
DA:84,1
DA:106,1
DA:107,2
DA:108,1
DA:109,1
DA:110,5
DA:111,1
DA:113,4
DA:114,3
DA:115,1
DA:106,1
DA:117,1
DA:118,2
DA:119,1
DA:120,1
DA:121,5
DA:122,1
DA:140,4
DA:141,3
DA:142,35
DA:143,34
DA:144,51
DA:145,51
DA:148,1
DA:117,1
end_of_record
TN:
SF:/home/eyalsoha/private/pcb2gcode/gerberimporter.hpp
DA:41,0
end_of_record
SF:/home/eyalsoha/private/pcb2gcode/gerberimporter.cpp
FN:64,_ZN14GerberImporterC2Ev
FNDA:391,_ZN14GerberImporterC2Ev
FN:68,_ZN14GerberImporterD2Ev
FNDA:22,_ZN14GerberImporterD2Ev
FN:68,_ZN14GerberImporterD0Ev
FNDA:369,_ZN14GerberImporterD0Ev
FN:73,_ZN14GerberImporter9load_fileERKNSt7__cxx1112basic_stringIcSt11char_traitsIcESaIcEEE
FNDA:391,_ZN14GerberImporter9load_fileERKNSt7__cxx1112basic_stringIcSt11char_traitsIcESaIcEEE
FN:80,_ZNK14GerberImporter9get_min_xEv
FNDA:248,_ZNK14GerberImporter9get_min_xEv
FN:84,_ZNK14GerberImporter9get_max_xEv
FNDA:248,_ZNK14GerberImporter9get_max_xEv
FN:88,_ZNK14GerberImporter9get_min_yEv
FNDA:248,_ZNK14GerberImporter9get_min_yEv
FN:92,_ZNK14GerberImporter9get_max_yEv
FNDA:248,_ZNK14GerberImporter9get_max_yEv
FN:99,_Z20make_regular_polygonN5boost8geometry5model2d28point_xyIdNS0_2cs9cartesianEEEdjd
FNDA:1349,_Z20make_regular_polygonN5boost8geometry5model2d28point_xyIdNS0_2cs9cartesianEEEdjd
FN:118,_Z20make_regular_polygonN5boost8geometry5model2d28point_xyIdNS0_2cs9cartesianEEEdjddj
FNDA:1207,_Z20make_regular_polygonN5boost8geometry5model2d28point_xyIdNS0_2cs9cartesianEEEdjddj
FN:130,_Z14make_rectangleN5boost8geometry5model2d28point_xyIdNS0_2cs9cartesianEEEdddj
FNDA:559,_Z14make_rectangleN5boost8geometry5model2d28point_xyIdNS0_2cs9cartesianEEEdddj
FN:150,_Z14make_rectangleN5boost8geometry5model2d28point_xyIdNS0_2cs9cartesianEEES6_d
FNDA:32,_Z14make_rectangleN5boost8geometry5model2d28point_xyIdNS0_2cs9cartesianEEES6_d
FN:164,_Z9make_ovalN5boost8geometry5model2d28point_xyIdNS0_2cs9cartesianEEEdddj
FNDA:107,_Z9make_ovalN5boost8geometry5model2d28point_xyIdNS0_2cs9cartesianEEEdddj
FN:204,_Z32linear_draw_rectangular_apertureN5boost8geometry5model2d28point_xyIdNS0_2cs9cartesianEEES6_dd
FNDA:8,_Z32linear_draw_rectangular_apertureN5boost8geometry5model2d28point_xyIdNS0_2cs9cartesianEEES6_dd
FN:221,_Z9get_angleN5boost8geometry5model2d28point_xyIdNS0_2cs9cartesianEEES6_S6_b
FNDA:216,_Z9get_angleN5boost8geometry5model2d28point_xyIdNS0_2cs9cartesianEEES6_S6_b
FN:235,_Z12circular_arcRKN5boost8geometry5model2d28point_xyIdNS0_2cs9cartesianEEES8_S6_RKdSA_dRKbRKj
FNDA:191,_Z12circular_arcRKN5boost8geometry5model2d28point_xyIdNS0_2cs9cartesianEEES8_S6_RKdSA_dRKbRKj
FN:302,_ZL36unsupported_polarity_throw_exceptionv
FNDA:0,_ZL36unsupported_polarity_throw_exceptionv
FN:317,_ZN7mp_pairC2EN5boost8geometry5model13multi_polygonINS2_7polygonINS2_2d28point_xyIdNS1_2cs9cartesianEEELb1ELb1ESt6vectorSA_SaSaEESA_SaEE
FNDA:6752,_ZN7mp_pairC2EN5boost8geometry5model13multi_polygonINS2_7polygonINS2_2d28point_xyIdNS1_2cs9cartesianEEELb1ELb1ESt6vectorSA_SaSaEESA_SaEE
FN:320,_ZNK7mp_pairplERKS_
FNDA:13718,_ZNK7mp_pairplERKS_
FN:330,_Z17merge_multi_drawsRKSt6vectorI7mp_pairSaIS0_EE
FNDA:2648,_Z17merge_multi_drawsRKSt6vectorI7mp_pairSaIS0_EE
FN:349,_Z15generate_layersRSt6vectorISt4pairIPK13gerbv_layer_tS_I7mp_pairSaIS4_EEESaIS7_EEMS4_N5boost8geometry5model13multi_polygonINSD_7polygonINSD_2d28point_xyIdNSC_2cs9cartesianEEELb1ELb1ES_S_SaSaEES_SaEEb
FNDA:700,_Z15generate_layersRSt6vectorISt4pairIPK13gerbv_layer_tS_I7mp_pairSaIS4_EEESaIS7_EEMS4_N5boost8geometry5model13multi_polygonINSD_7polygonINSD_2d28point_xyIdNSC_2cs9cartesianEEELb1ELb1ES_S_SaSaEES_SaEEb
FN:391,_Z10make_moirePKdj
FNDA:27,_Z10make_moirePKdj
FN:416,_Z12make_thermalN5boost8geometry5model2d28point_xyIdNS0_2cs9cartesianEEEdddj
FNDA:27,_Z12make_thermalN5boost8geometry5model2d28point_xyIdNS0_2cs9cartesianEEEdddj
FN:430,_Z10get_all_lsRKN5boost8geometry5model10linestringINS1_2d28point_xyIdNS0_2cs9cartesianEEESt6vectorSaEE
FNDA:6210,_Z10get_all_lsRKN5boost8geometry5model10linestringINS1_2d28point_xyIdNS0_2cs9cartesianEEESt6vectorSaEE
FN:455,_Z13get_all_ringsRKN5boost8geometry5model4ringINS1_2d28point_xyIdNS0_2cs9cartesianEEELb1ELb1ESt6vectorSaEE
FNDA:2572,_Z13get_all_ringsRKN5boost8geometry5model4ringINS1_2d28point_xyIdNS0_2cs9cartesianEEELb1ELb1ESt6vectorSaEE
FN:464,_Z15simplify_cutinsRKN5boost8geometry5model4ringINS1_2d28point_xyIdNS0_2cs9cartesianEEELb1ELb1ESt6vectorSaEE
FNDA:2572,_Z15simplify_cutinsRKN5boost8geometry5model4ringINS1_2d28point_xyIdNS0_2cs9cartesianEEELb1ELb1ESt6vectorSaEE
FN:493,_Z22generate_apertures_mapPKPK14gerbv_aperturej
FNDA:350,_Z22generate_apertures_mapPKPK14gerbv_aperturej
FN:670,_Z17layers_equivalentPK13gerbv_layer_tS1_
FNDA:0,_Z17layers_equivalentPK13gerbv_layer_tS1_
FN:695,_Z15paths_to_shapesRKdRKN5boost8geometry5model16multi_linestringINS3_10linestringINS3_2d28point_xyIdNS2_2cs9cartesianEEESt6vectorSaEESB_SaEEb
FNDA:501,_Z15paths_to_shapesRKdRKN5boost8geometry5model16multi_linestringINS3_10linestringINS3_2d28point_xyIdNS2_2cs9cartesianEEESt6vectorSaEESB_SaEEb
FN:724,_ZZ15paths_to_shapesRKdRKN5boost8geometry5model16multi_linestringINS3_10linestringINS3_2d28point_xyIdNS2_2cs9cartesianEEESt6vectorSaEESB_SaEEbENKUlRKSC_E_clESH_
FNDA:0,_ZZ15paths_to_shapesRKdRKN5boost8geometry5model16multi_linestringINS3_10linestringINS3_2d28point_xyIdNS2_2cs9cartesianEEESt6vectorSaEESB_SaEEbENKUlRKSC_E_clESH_
FN:746,_ZNK14GerberImporter6renderEbbj
FNDA:350,_ZNK14GerberImporter6renderEbbj
DA:64,391
DA:65,391
DA:66,391
DA:68,44
DA:69,22
DA:70,22
DA:68,1107
DA:69,369
DA:70,369
DA:73,391
DA:74,782
DA:75,391
DA:76,391
DA:77,391
DA:80,248
DA:81,248
DA:84,248
DA:85,248
DA:88,248
DA:89,248
DA:92,248
DA:93,248
DA:99,1349
DA:101,1349
DA:103,1349
DA:104,1349
DA:106,1349
DA:107,53945
DA:108,105192
DA:109,105192
DA:111,2698
DA:112,1349
DA:113,1349
DA:114,2698
DA:118,1207
DA:121,1207
DA:122,1207
DA:124,1207
DA:125,62
DA:127,1207
DA:130,559
DA:132,559
DA:133,559
DA:135,559
DA:136,559
DA:137,559
DA:138,1118
DA:139,1118
DA:140,1118
DA:141,1118
DA:142,1118
DA:144,559
DA:145,1
DA:147,559
DA:150,32
DA:151,32
DA:152,32
DA:153,32
DA:154,32
DA:155,64
DA:156,32
DA:157,32
DA:158,32
DA:159,32
DA:160,64
DA:161,64
DA:164,107
DA:166,321
DA:167,321
DA:168,107
DA:170,210
DA:171,315
DA:172,2
DA:174,2
DA:175,3
DA:179,1
DA:182,106
DA:183,212
DA:184,106
DA:185,106
DA:186,212
DA:187,212
DA:188,106
DA:189,106
DA:190,106
DA:191,212
DA:193,106
DA:194,4
DA:195,4
DA:196,2
DA:197,2
DA:199,212
DA:200,106
DA:201,212
DA:204,8
DA:207,8
DA:208,32
DA:209,48
DA:210,128
DA:211,256
DA:215,8
DA:216,8
DA:217,8
DA:218,16
DA:221,216
DA:222,864
DA:223,864
DA:224,216
DA:225,267
DA:226,102
DA:228,250
DA:229,68
DA:231,216
DA:235,191
DA:240,191
DA:241,191
DA:242,6
DA:244,573
DA:246,89
DA:249,261
DA:252,87
DA:253,87
DA:254,2
DA:259,306
DA:260,306
DA:261,306
DA:262,102
DA:263,412
DA:264,432
DA:265,342
DA:266,114
DA:267,342
DA:270,192
DA:271,256
DA:273,1
DA:274,1
DA:281,764
DA:282,191
DA:283,191
DA:284,191
DA:285,382
DA:286,191
DA:287,191
DA:289,191
DA:290,4781
DA:291,4590
DA:292,4590
DA:293,4590
DA:294,4590
DA:295,9180
DA:296,9180
DA:298,191
DA:299,191
DA:302,0
DA:303,0
DA:305,0
DA:306,0
DA:315,181639
DA:316,14219
DA:317,13504
DA:320,13718
DA:321,13718
DA:322,13718
DA:323,13718
DA:324,13718
DA:330,2648
DA:331,5296
DA:332,20
DA:333,2638
DA:334,1536
DA:336,1870
DA:337,3740
DA:338,1870
DA:339,730
DA:340,730
DA:343,46764
DA:344,41154
DA:346,1870
DA:349,700
DA:351,700
DA:352,700
DA:354,3734
DA:355,778
DA:356,778
DA:357,778
DA:358,1556
DA:359,1556
DA:362,1556
DA:363,786
DA:364,16
DA:365,24
DA:366,16
DA:367,8
DA:371,778
DA:372,794
DA:373,32
DA:374,48
DA:375,32
DA:376,16
DA:378,778
DA:379,149
DA:380,629
DA:381,593
DA:382,36
DA:383,36
DA:385,0
DA:388,700
DA:391,27
DA:392,27
DA:393,27
DA:395,27
DA:396,27
DA:397,27
DA:398,27
DA:399,27
DA:400,27
DA:401,27
DA:402,27
DA:403,60
DA:404,58
DA:405,58
DA:406,58
DA:408,33
DA:409,0
DA:410,66
DA:411,33
DA:413,27
DA:416,27
DA:418,27
DA:419,27
DA:421,54
DA:422,54
DA:423,54
DA:430,6210
DA:431,112200
DA:432,997177
DA:433,1860806
DA:434,4965
DA:435,1401
DA:437,508
DA:438,508
DA:441,762
DA:442,762
DA:444,508
DA:445,508
DA:446,1016
DA:447,508
DA:452,11912
DA:455,2572
DA:456,7716
DA:457,2572
DA:458,12924
DA:459,7812
DA:461,2572
DA:464,2572
DA:465,2572
DA:466,2572
DA:467,2572
DA:468,10989
DA:469,2604
DA:470,5208
DA:471,1935
DA:473,669
DA:474,1334
DA:475,667
DA:476,667
DA:479,10989
DA:480,2604
DA:481,5208
DA:482,1935
DA:484,669
DA:485,4
DA:486,2
DA:487,2
DA:490,2572
DA:493,350
DA:494,350
DA:495,350
DA:496,3500000
DA:497,3499650
DA:499,3499650
DA:500,1893
DA:501,3786
DA:503,1893
DA:505,0
DA:507,1141
DA:508,1141
DA:513,1141
DA:514,1141
DA:515,395
DA:516,395
DA:520,395
DA:521,395
DA:522,107
DA:523,107
DA:527,107
DA:528,107
DA:529,5
DA:530,20
DA:532,5
DA:535,5
DA:536,5
DA:537,245
DA:538,245
DA:542,490
DA:543,245
DA:544,245
DA:545,245
DA:546,490
DA:547,490
DA:549,245
DA:550,0
DA:551,0
DA:552,0
DA:553,0
DA:554,0
DA:555,0
DA:556,0
DA:557,0
DA:558,0
DA:559,0
DA:560,0
DA:561,0
DA:562,26
DA:563,52
DA:566,26
DA:567,26
DA:568,26
DA:569,26
DA:570,26
DA:571,26
DA:572,26
DA:573,131
DA:574,105
DA:575,105
DA:577,26
DA:578,26
DA:580,26
DA:581,26
DA:582,26
DA:583,51
DA:584,51
DA:586,51
DA:587,51
DA:588,51
DA:589,51
DA:590,51
DA:591,27
DA:592,27
DA:593,27
DA:594,27
DA:595,27
DA:596,27
DA:597,54
DA:601,27
DA:602,27
DA:603,27
DA:604,27
DA:605,32
DA:606,96
DA:608,32
DA:609,32
DA:610,32
DA:611,32
DA:612,28
DA:613,56
DA:616,28
DA:617,28
DA:618,28
DA:619,28
DA:620,28
DA:621,28
DA:622,28
DA:625,28
DA:626,28
DA:627,28
DA:628,28
DA:629,0
DA:630,0
DA:631,0
DA:632,0
DA:636,245
DA:638,245
DA:639,0
DA:641,245
DA:643,245
DA:646,0
DA:650,0
DA:651,0
DA:652,0
DA:653,0
DA:654,0
DA:655,0
DA:656,0
DA:657,0
DA:658,0
DA:660,0
DA:661,0
DA:664,1893
DA:667,350
DA:670,0
DA:671,33118
DA:672,33118
DA:674,33118
DA:675,33080
DA:676,33079
DA:677,33079
DA:678,33079
DA:695,501
DA:696,501
DA:697,501
DA:698,157
DA:699,1
DA:703,501
DA:704,1002
DA:705,1002
DA:706,7763
DA:707,6260
DA:708,12520
DA:710,501
DA:711,501
DA:712,676
DA:713,820
DA:715,193
DA:716,193
DA:717,193
DA:718,386
DA:719,193
DA:720,193
DA:724,2505
DA:725,501
DA:727,712
DA:728,356
DA:730,12
DA:731,12
DA:732,12
DA:734,344
DA:737,1002
DA:746,350
DA:750,350
DA:751,700
DA:752,350
DA:754,1050
DA:756,350
DA:758,350
DA:759,0
DA:762,700
DA:763,350
DA:766,700
DA:767,33468
DA:768,33118
DA:769,33118
DA:770,33118
DA:771,66236
DA:773,66236
DA:774,39
DA:776,125
DA:777,24
DA:779,39
DA:781,78
DA:782,78
DA:785,33118
DA:787,33118
DA:788,30381
DA:789,24570
DA:790,20130
DA:791,637
DA:793,10065
DA:795,14505
DA:798,14497
DA:799,43491
DA:800,14497
DA:801,14497
DA:802,14497
DA:803,8
DA:804,8
DA:805,8
DA:806,16
DA:808,0
DA:809,0
DA:810,0
DA:813,5811
DA:814,4188
DA:815,0
DA:816,0
DA:818,4188
DA:820,8376
DA:821,20940
DA:823,0
DA:824,0
DA:826,8376
DA:828,1623
DA:829,1623
DA:830,1273
DA:831,2546
DA:832,1273
DA:835,0
DA:837,2737
DA:839,1464
DA:840,1273
DA:841,2546
DA:842,1273
DA:843,191
DA:845,191
DA:846,191
DA:847,191
DA:848,191
DA:849,191
DA:850,43
DA:852,191
DA:853,191
DA:854,382
DA:855,382
DA:857,0
DA:858,573
DA:859,191
DA:860,8
DA:861,20
DA:863,0
DA:866,187
DA:867,187
DA:868,6869
DA:869,10023
DA:870,6682
DA:871,6682
DA:872,3341
DA:875,0
DA:876,0
DA:877,0
DA:881,0
DA:883,0
DA:884,0
DA:885,0
DA:887,0
DA:888,0
DA:890,0
DA:891,0
DA:893,0
DA:896,350
DA:898,1531
DA:899,1479
DA:901,346
DA:903,700
DA:904,350
DA:905,141
DA:907,209
DA:910,350
DA:913,0
DA:914,0
DA:915,0
DA:916,0
DA:917,0
DA:919,1058
DA:920,8
DA:922,700
end_of_record
SF:/home/eyalsoha/private/pcb2gcode/bg_helpers.hpp
FN:7,_ZmiIN5boost8geometry5model7polygonINS2_2d28point_xyIdNS1_2cs9cartesianEEELb1ELb1ESt6vectorS9_SaSaEENS2_4ringIS8_Lb1ELb1ES9_SaEEENS2_13multi_polygonIT_S9_SaEERKSF_RKT0_
FNDA:2,_ZmiIN5boost8geometry5model7polygonINS2_2d28point_xyIdNS1_2cs9cartesianEEELb1ELb1ESt6vectorS9_SaSaEENS2_4ringIS8_Lb1ELb1ES9_SaEEENS2_13multi_polygonIT_S9_SaEERKSF_RKT0_
FN:7,_ZmiIN5boost8geometry5model7polygonINS2_2d28point_xyIdNS1_2cs9cartesianEEELb1ELb1ESt6vectorS9_SaSaEENS2_13multi_polygonISA_S9_SaEEENSB_IT_S9_SaEERKSE_RKT0_
FNDA:296,_ZmiIN5boost8geometry5model7polygonINS2_2d28point_xyIdNS1_2cs9cartesianEEELb1ELb1ESt6vectorS9_SaSaEENS2_13multi_polygonISA_S9_SaEEENSB_IT_S9_SaEERKSE_RKT0_
FN:76,_ZeoIN5boost8geometry5model7polygonINS2_2d28point_xyIdNS1_2cs9cartesianEEELb1ELb1ESt6vectorS9_SaSaEENS2_13multi_polygonISA_S9_SaEEENSB_IT_S9_SaEERKSE_RKT0_
FNDA:14060,_ZeoIN5boost8geometry5model7polygonINS2_2d28point_xyIdNS1_2cs9cartesianEEELb1ELb1ESt6vectorS9_SaSaEENS2_13multi_polygonISA_S9_SaEEENSB_IT_S9_SaEERKSE_RKT0_
FN:141,_ZN10bg_helpersL6bufferERKN5boost8geometry5model13multi_polygonINS2_7polygonINS2_2d28point_xyIdNS1_2cs9cartesianEEELb1ELb1ESt6vectorSA_SaSaEESA_SaEEd
FNDA:0,_ZN10bg_helpersL6bufferERKN5boost8geometry5model13multi_polygonINS2_7polygonINS2_2d28point_xyIdNS1_2cs9cartesianEEELb1ELb1ESt6vectorSA_SaSaEESA_SaEEd
FN:171,_ZN10bg_helpersL6bufferIdEEvRKN5boost8geometry5model10linestringINS3_2d28point_xyIdNS2_2cs9cartesianEEESt6vectorSaEERNS3_13multi_polygonINS3_7polygonIS9_Lb1ELb1ESA_SA_SaSaEESA_SaEET_
FNDA:2945,_ZN10bg_helpersL6bufferIdEEvRKN5boost8geometry5model10linestringINS3_2d28point_xyIdNS2_2cs9cartesianEEESt6vectorSaEERNS3_13multi_polygonINS3_7polygonIS9_Lb1ELb1ESA_SA_SaSaEESA_SaEET_
FN:192,_ZN10bg_helpersL6bufferIdEEvRKN5boost8geometry5model16multi_linestringINS3_10linestringINS3_2d28point_xyIdNS2_2cs9cartesianEEESt6vectorSaEESB_SaEERNS3_13multi_polygonINS3_7polygonISA_Lb1ELb1ESB_SB_SaSaEESB_SaEET_
FNDA:356,_ZN10bg_helpersL6bufferIdEEvRKN5boost8geometry5model16multi_linestringINS3_10linestringINS3_2d28point_xyIdNS2_2cs9cartesianEEESt6vectorSaEESB_SaEERNS3_13multi_polygonINS3_7polygonISA_Lb1ELb1ESB_SB_SaSaEESB_SaEET_
FN:212,_ZN10bg_helpersL6bufferIdEEN5boost8geometry5model13multi_polygonINS3_7polygonINS3_2d28point_xyIdNS2_2cs9cartesianEEELb1ELb1ESt6vectorSB_SaSaEESB_SaEERKNS3_16multi_linestringINS3_10linestringISA_SB_SaEESB_SaEET_
FNDA:356,_ZN10bg_helpersL6bufferIdEEN5boost8geometry5model13multi_polygonINS3_7polygonINS3_2d28point_xyIdNS2_2cs9cartesianEEELb1ELb1ESt6vectorSB_SaSaEESB_SaEERKNS3_16multi_linestringINS3_10linestringISA_SB_SaEESB_SaEET_
FN:237,_ZplIN5boost8geometry5model7polygonINS2_2d28point_xyIdNS1_2cs9cartesianEEELb1ELb1ESt6vectorS9_SaSaEENS2_4ringIS8_Lb1ELb1ES9_SaEEENS2_13multi_polygonIT_S9_SaEERKSF_RKT0_
FNDA:667,_ZplIN5boost8geometry5model7polygonINS2_2d28point_xyIdNS1_2cs9cartesianEEELb1ELb1ESt6vectorS9_SaSaEENS2_4ringIS8_Lb1ELb1ES9_SaEEENS2_13multi_polygonIT_S9_SaEERKSF_RKT0_
FN:237,_ZplIN5boost8geometry5model7polygonINS2_2d28point_xyIdNS1_2cs9cartesianEEELb1ELb1ESt6vectorS9_SaSaEENS2_13multi_polygonISA_S9_SaEEENSB_IT_S9_SaEERKSE_RKT0_
FNDA:18177,_ZplIN5boost8geometry5model7polygonINS2_2d28point_xyIdNS1_2cs9cartesianEEELb1ELb1ESt6vectorS9_SaSaEENS2_13multi_polygonISA_S9_SaEEENSB_IT_S9_SaEERKSE_RKT0_
DA:7,2
DA:9,2
DA:10,0
DA:12,2
DA:13,2
DA:14,4
DA:7,296
DA:9,592
DA:10,153
DA:12,143
DA:13,143
DA:14,286
DA:76,14060
DA:78,28120
DA:79,13702
DA:81,716
DA:82,302
DA:84,56
DA:85,56
DA:86,112
DA:141,0
DA:142,0
DA:143,0
DA:145,0
DA:146,0
DA:147,0
DA:148,0
DA:149,0
DA:150,0
DA:151,0
DA:152,0
DA:171,2945
DA:172,2945
DA:173,0
DA:175,14725
DA:182,2945
DA:192,356
DA:193,356
DA:194,0
DA:195,0
DA:199,712
DA:200,356
DA:204,6958
DA:205,5890
DA:206,2945
DA:207,2945
DA:212,356
DA:213,356
DA:214,356
DA:215,356
DA:237,667
DA:239,667
DA:240,0
DA:242,1334
DA:243,1334
DA:244,667
DA:245,1334
DA:250,0
DA:251,0
DA:252,0
DA:253,0
DA:254,0
DA:255,0
DA:256,0
DA:257,0
DA:258,0
DA:260,0
DA:261,0
DA:262,0
DA:237,18177
DA:239,36354
DA:240,2913
DA:242,30528
DA:243,5394
DA:244,2697
DA:245,5394
DA:250,12567
DA:251,12567
DA:252,25134
DA:253,37701
DA:254,50268
DA:255,37701
DA:256,0
DA:257,0
DA:258,0
DA:260,12567
DA:261,12567
DA:262,25134
end_of_record
TN:
SF:/home/eyalsoha/private/pcb2gcode/tsp_solver_tests.cpp
FN:10,_ZN16tsp_solver_tests12get_distanceERKSt4pairIddES3_
FNDA:0,_ZN16tsp_solver_tests12get_distanceERKSt4pairIddES3_
FN:15,_ZN16tsp_solver_tests12get_distanceERKSt4pairIS0_IddES1_ES4_
FNDA:0,_ZN16tsp_solver_tests12get_distanceERKSt4pairIS0_IddES1_ES4_
FN:19,_ZN16tsp_solver_tests12get_distanceERKSt4pairIddERKS0_IS1_S1_E
FNDA:0,_ZN16tsp_solver_tests12get_distanceERKSt4pairIddERKS0_IS1_S1_E
FN:24,_ZN16tsp_solver_tests15get_path_lengthISt4pairIddES1_IS2_S2_EEEdRKSt6vectorIT0_SaIS5_EERKT_
FNDA:1,_ZN16tsp_solver_tests15get_path_lengthISt4pairIddES1_IS2_S2_EEEdRKSt6vectorIT0_SaIS5_EERKT_
FN:24,_ZN16tsp_solver_tests15get_path_lengthISt4pairIddES2_EEdRKSt6vectorIT0_SaIS4_EERKT_
FNDA:6,_ZN16tsp_solver_tests15get_path_lengthISt4pairIddES2_EEdRKSt6vectorIT0_SaIS4_EERKT_
FN:52,_ZN16tsp_solver_tests10print_pathISt4pairIS1_IddES2_EEEvRKSt6vectorIT_SaIS5_EE
FNDA:0,_ZN16tsp_solver_tests10print_pathISt4pairIS1_IddES2_EEEvRKSt6vectorIT_SaIS5_EE
FN:60,_ZN16tsp_solver_tests10print_pathISt4pairIddEEEvRKSt6vectorIT_SaIS4_EE
FNDA:0,_ZN16tsp_solver_tests10print_pathISt4pairIddEEEvRKSt6vectorIT_SaIS4_EE
FN:67,_ZN16tsp_solver_tests5empty11test_methodEv
FNDA:1,_ZN16tsp_solver_tests5empty11test_methodEv
FN:67,_ZN16tsp_solver_testsL13empty_invokerEv
FNDA:1,_ZN16tsp_solver_testsL13empty_invokerEv
FN:78,_ZN16tsp_solver_tests13grid_10_by_1011test_methodEv
FNDA:1,_ZN16tsp_solver_tests13grid_10_by_1011test_methodEv
FN:78,_ZN16tsp_solver_testsL21grid_10_by_10_invokerEv
FNDA:1,_ZN16tsp_solver_testsL21grid_10_by_10_invokerEv
FN:93,_ZN16tsp_solver_tests22grid_10_by_10_no_start11test_methodEv
FNDA:1,_ZN16tsp_solver_tests22grid_10_by_10_no_start11test_methodEv
FN:93,_ZN16tsp_solver_testsL30grid_10_by_10_no_start_invokerEv
FNDA:1,_ZN16tsp_solver_testsL30grid_10_by_10_no_start_invokerEv
FN:108,_ZN16tsp_solver_tests16reversable_paths11test_methodEv
FNDA:1,_ZN16tsp_solver_tests16reversable_paths11test_methodEv
FN:108,_ZN16tsp_solver_testsL24reversable_paths_invokerEv
FNDA:1,_ZN16tsp_solver_testsL24reversable_paths_invokerEv
DA:10,0
DA:11,820
DA:12,410
DA:15,0
DA:16,18
DA:19,0
DA:20,2
DA:24,1
DA:25,1
DA:28,1
DA:29,2
DA:30,19
DA:31,27
DA:24,6
DA:25,6
DA:28,4
DA:29,8
DA:30,796
DA:31,1188
DA:38,1
DA:41,1
DA:52,0
DA:53,0
DA:54,0
DA:55,0
DA:57,0
DA:60,0
DA:61,0
DA:62,0
DA:64,0
DA:65,0
DA:67,1
DA:68,2
DA:69,1
DA:70,1
DA:71,1
DA:72,3
DA:73,1
DA:74,1
DA:75,3
DA:76,1
DA:67,1
DA:78,1
DA:79,2
DA:80,11
DA:81,110
DA:82,200
DA:85,1
DA:86,1
DA:87,1
DA:88,1
DA:89,1
DA:90,3
DA:91,1
DA:78,1
DA:93,1
DA:94,2
DA:95,11
DA:96,110
DA:97,200
DA:100,1
DA:101,1
DA:102,1
DA:103,1
DA:104,1
DA:105,3
DA:106,1
DA:93,1
DA:108,1
DA:109,2
DA:110,11
DA:111,10
DA:112,30
DA:114,1
DA:115,1
DA:116,1
DA:117,3
DA:118,1
DA:108,1
end_of_record
SF:/home/eyalsoha/private/pcb2gcode/tsp_solver.hpp
FN:38,_ZN10tsp_solver3getERKSt4pairIddENS_4SideE
FNDA:0,_ZN10tsp_solver3getERKSt4pairIddENS_4SideE
FN:43,_ZN10tsp_solver7reverseERSt4pairIddE
FNDA:0,_ZN10tsp_solver7reverseERSt4pairIddE
FN:89,_ZN10tsp_solver8distanceIdEEdRKSt4pairIT_S2_ES5_
FNDA:0,_ZN10tsp_solver8distanceIdEEdRKSt4pairIT_S2_ES5_
FN:112,_ZN10tsp_solver17nearest_neighbourISt4pairIS1_IddES2_ES2_EEvRSt6vectorIT_SaIS5_EERKT0_
FNDA:1,_ZN10tsp_solver17nearest_neighbourISt4pairIS1_IddES2_ES2_EEvRSt6vectorIT_SaIS5_EERKT0_
FN:112,_ZN10tsp_solver17nearest_neighbourISt4pairIddES2_EEvRSt6vectorIT_SaIS4_EERKT0_
FNDA:6,_ZN10tsp_solver17nearest_neighbourISt4pairIddES2_EEvRSt6vectorIT_SaIS4_EERKT0_
FN:157,_ZN10tsp_solver8tsp_2optISt4pairIddES1_IS2_S2_EEEvRSt6vectorIT0_SaIS5_EERKN5boost8optionalIT_EE
FNDA:1,_ZN10tsp_solver8tsp_2optISt4pairIddES1_IS2_S2_EEEvRSt6vectorIT0_SaIS5_EERKN5boost8optionalIT_EE
FN:157,_ZN10tsp_solver8tsp_2optISt4pairIddES2_EEvRSt6vectorIT0_SaIS4_EERKN5boost8optionalIT_EE
FNDA:4,_ZN10tsp_solver8tsp_2optISt4pairIddES2_EEvRSt6vectorIT0_SaIS4_EERKN5boost8optionalIT_EE
DA:38,0
DA:39,162229
DA:40,162229
DA:43,0
DA:44,0
DA:45,0
DA:61,494
DA:62,275
DA:64,219
DA:69,10
DA:89,0
DA:91,161707
DA:92,246744
DA:112,1
DA:113,1
DA:114,5
DA:115,3
DA:118,1
DA:121,1
DA:123,1
DA:126,2
DA:127,30
DA:128,36
DA:130,1
DA:131,12
DA:132,20
DA:133,10
DA:136,75
DA:137,110
DA:138,55
DA:139,0
DA:140,0
DA:144,10
DA:145,20
DA:146,20
DA:147,10
DA:150,1
DA:151,0
DA:153,1
DA:112,6
DA:113,6
DA:114,20
DA:115,12
DA:118,4
DA:121,4
DA:123,4
DA:126,8
DA:127,1200
DA:128,1542
DA:130,4
DA:131,408
DA:132,800
DA:133,400
DA:136,21000
DA:137,40400
DA:138,20200
DA:139,864
DA:140,432
DA:144,400
DA:145,800
DA:146,800
DA:147,400
DA:150,4
DA:151,2
DA:153,6
DA:157,1
DA:159,2
DA:160,1
DA:161,3
DA:163,24
DA:164,260
DA:166,110
DA:167,220
DA:168,180
DA:169,110
DA:170,330
DA:171,220
DA:172,220
DA:173,220
DA:174,220
DA:176,110
DA:178,10
DA:179,15
DA:180,15
DA:181,10
DA:183,5
DA:184,5
DA:189,1
DA:157,4
DA:159,8
DA:160,4
DA:161,12
DA:163,716
DA:164,36050
DA:166,35350
DA:167,70700
DA:168,69300
DA:169,35350
DA:170,106050
DA:171,70700
DA:172,70700
DA:173,70700
DA:174,70700
DA:176,35350
DA:178,32
DA:179,48
DA:180,16
DA:183,16
DA:189,4
DA:193,8
DA:198,2
end_of_record
TN:
SF:/home/eyalsoha/private/pcb2gcode/layer.hpp
DA:42,313
end_of_record
SF:/home/eyalsoha/private/pcb2gcode/autoleveller.hpp
DA:75,1080
DA:94,20
DA:95,8
end_of_record
SF:/home/eyalsoha/private/pcb2gcode/ngc_exporter.cpp
FN:57,_ZN12NGC_ExporterC2ESt10shared_ptrI5BoardE
FNDA:213,_ZN12NGC_ExporterC2ESt10shared_ptrI5BoardE
FN:64,_ZN12NGC_Exporter10add_headerENSt7__cxx1112basic_stringIcSt11char_traitsIcESaIcEEE
FNDA:213,_ZN12NGC_Exporter10add_headerENSt7__cxx1112basic_stringIcSt11char_traitsIcESaIcEEE
FN:73,_ZN12NGC_Exporter10export_allERN5boost15program_options13variables_mapE
FNDA:213,_ZN12NGC_Exporter10export_allERN5boost15program_options13variables_mapE
FN:143,_ZN12NGC_Exporter14cutter_millingERSt14basic_ofstreamIcSt11char_traitsIcEESt10shared_ptrI6CutterES5_ISt6vectorISt4pairIddESaISA_EEERKS8_ImSaImEEdd
FNDA:388,_ZN12NGC_Exporter14cutter_millingERSt14basic_ofstreamIcSt11char_traitsIcEESt10shared_ptrI6CutterES5_ISt6vectorISt4pairIddESaISA_EEERKS8_ImSaImEEdd
FN:186,_ZN12NGC_Exporter17isolation_millingERSt14basic_ofstreamIcSt11char_traitsIcEESt10shared_ptrI11RoutingMillES5_ISt6vectorISt4pairIddESaISA_EEERN5boost8optionalI12autolevellerEEdd
FNDA:9764,_ZN12NGC_Exporter17isolation_millingERSt14basic_ofstreamIcSt11char_traitsIcEESt10shared_ptrI11RoutingMillES5_ISt6vectorISt4pairIddESaISA_EEERN5boost8optionalI12autolevellerEEdd
FN:227,_ZN12NGC_Exporter12export_layerESt10shared_ptrI5LayerENSt7__cxx1112basic_stringIcSt11char_traitsIcESaIcEEEN5boost8optionalI12autolevellerEE
FNDA:313,_ZN12NGC_Exporter12export_layerESt10shared_ptrI5LayerENSt7__cxx1112basic_stringIcSt11char_traitsIcESaIcEEEN5boost8optionalI12autolevellerEE
FN:380,_ZN12NGC_Exporter12set_preambleENSt7__cxx1112basic_stringIcSt11char_traitsIcESaIcEEE
FNDA:4,_ZN12NGC_Exporter12set_preambleENSt7__cxx1112basic_stringIcSt11char_traitsIcESaIcEEE
FN:389,_ZN12NGC_Exporter13set_postambleENSt7__cxx1112basic_stringIcSt11char_traitsIcESaIcEEE
FNDA:4,_ZN12NGC_Exporter13set_postambleENSt7__cxx1112basic_stringIcSt11char_traitsIcESaIcEEE
DA:57,213
DA:58,213
DA:64,213
DA:66,213
DA:67,213
DA:73,213
DA:76,426
DA:77,426
DA:78,639
DA:79,639
DA:82,213
DA:84,426
DA:86,24
DA:87,36
DA:91,201
DA:92,201
DA:94,840
DA:95,840
DA:97,426
DA:99,739
DA:101,626
DA:102,48
DA:103,72
DA:105,289
DA:106,289
DA:108,1240
DA:109,1240
DA:110,313
DA:111,513
DA:112,193
DA:113,764
DA:116,626
DA:117,939
DA:118,935
DA:119,20
DA:120,20
DA:123,626
DA:124,313
DA:125,626
DA:126,313
DA:127,959
DA:128,313
DA:129,614
DA:130,626
DA:131,614
DA:132,313
DA:133,200
DA:134,313
DA:136,213
DA:143,388
DA:145,776
DA:147,2004
DA:148,1616
DA:150,1616
DA:151,1616
DA:152,1616
DA:154,1616
DA:156,57676
DA:157,168180
DA:160,528
DA:161,528
DA:165,168180
DA:166,4856
DA:169,4856
DA:173,56060
DA:174,56060
DA:177,56060
DA:178,4856
DA:179,4856
DA:180,4856
DA:184,388
DA:186,9764
DA:188,9764
DA:190,19528
DA:191,2160
DA:192,1620
DA:193,2160
DA:194,2160
DA:196,27672
DA:197,108
DA:198,216
DA:199,108
DA:201,9224
DA:204,9764
DA:205,9764
DA:207,29292
DA:209,1286876
DA:210,623910
DA:211,50552
DA:212,50552
DA:214,286679
DA:215,286679
DA:217,311955
DA:219,29292
DA:220,108
DA:221,216
DA:222,108
DA:224,9764
DA:227,313
DA:228,939
DA:229,939
DA:230,939
DA:232,313
DA:233,0
DA:236,313
DA:237,313
DA:240,313
DA:241,626
DA:244,1252
DA:246,313
DA:249,626
DA:250,28
DA:252,285
DA:254,313
DA:255,313
DA:257,313
DA:259,313
DA:260,12
DA:261,12
DA:263,301
DA:264,301
DA:267,313
DA:268,313
DA:270,626
DA:271,301
DA:274,313
DA:276,626
DA:277,40
DA:278,40
DA:281,626
DA:282,626
DA:285,626
DA:286,313
DA:287,772
DA:288,624
DA:289,188
DA:294,979
DA:295,353
DA:296,353
DA:297,8
DA:299,1380
DA:300,1380
DA:301,1035
DA:302,690
DA:303,2070
DA:306,345
DA:307,678
DA:308,345
DA:309,345
DA:310,345
DA:311,345
DA:312,132
DA:313,213
DA:314,213
DA:316,0
DA:318,345
DA:319,345
DA:320,12
DA:322,333
DA:324,345
DA:325,345
DA:326,345
DA:327,345
DA:329,345
DA:331,802
DA:332,457
DA:333,1142
DA:334,685
DA:336,685
DA:337,408
DA:340,11522
DA:341,40608
DA:342,20304
DA:343,0
DA:347,10152
DA:348,10152
DA:349,10152
DA:350,30456
DA:355,10152
DA:356,1552
DA:358,29292
DA:364,345
DA:366,626
DA:367,40
DA:369,313
DA:370,313
DA:373,313
DA:380,4
DA:382,4
DA:383,4
DA:389,4
DA:391,4
DA:392,4
end_of_record
SF:/home/eyalsoha/private/pcb2gcode/unique_codes.hpp
FN:32,_ZN11uniqueCodes13getUniqueCodeEv
FNDA:0,_ZN11uniqueCodes13getUniqueCodeEv
DA:26,426
DA:27,426
DA:32,0
DA:34,971
end_of_record
SF:/home/eyalsoha/private/pcb2gcode/units.hpp
FN:578,_ZN8SoftwarelsERSoRKNS_8SoftwareE
FNDA:0,_ZN8SoftwarelsERSoRKNS_8SoftwareE
DA:164,1245
DA:166,1085
DA:168,640
DA:235,3735
DA:578,0
DA:580,0
DA:581,0
DA:582,0
DA:583,0
DA:584,0
DA:585,0
DA:586,0
DA:587,0
DA:588,0
DA:589,0
DA:590,0
DA:591,0
DA:592,0
DA:594,0
end_of_record
SF:/home/eyalsoha/private/pcb2gcode/tile.hpp
DA:30,690
DA:53,345
end_of_record
SF:/home/eyalsoha/private/pcb2gcode/board.hpp
FN:62,_ZN5Board9get_min_xEv
FNDA:0,_ZN5Board9get_min_xEv
FN:64,_ZN5Board9get_min_yEv
FNDA:0,_ZN5Board9get_min_yEv
DA:62,36
DA:64,36
end_of_record
TN:
SF:/home/eyalsoha/private/pcb2gcode/merge_near_points.cpp
FN:10,_ZNK13PointLessThanclERKN5boost8geometry5model2d28point_xyIdNS1_2cs9cartesianEEES9_
FNDA:0,_ZNK13PointLessThanclERKN5boost8geometry5model2d28point_xyIdNS1_2cs9cartesianEEES9_
FN:17,_Z17merge_near_pointsRSt3mapIN5boost8geometry5model2d28point_xyIdNS1_2cs9cartesianEEES7_13PointLessThanSaISt4pairIKS7_S7_EEEd
FNDA:8338,_Z17merge_near_pointsRSt3mapIN5boost8geometry5model2d28point_xyIdNS1_2cs9cartesianEEES7_13PointLessThanSaISt4pairIKS7_S7_EEEd
FN:37,_Z17merge_near_pointsRSt6vectorISt4pairIN5boost8geometry5model10linestringINS3_2d28point_xyIdNS2_2cs9cartesianEEES_SaEEbESaISB_EEd
FNDA:8181,_Z17merge_near_pointsRSt6vectorISt4pairIN5boost8geometry5model10linestringINS3_2d28point_xyIdNS2_2cs9cartesianEEES_SaEEbESaISB_EEd
FN:55,_Z17merge_near_pointsRN5boost8geometry5model16multi_linestringINS1_10linestringINS1_2d28point_xyIdNS0_2cs9cartesianEEESt6vectorSaEES9_SaEEd
FNDA:157,_Z17merge_near_pointsRN5boost8geometry5model16multi_linestringINS1_10linestringINS1_2d28point_xyIdNS0_2cs9cartesianEEESt6vectorSaEES9_SaEEd
DA:10,0
DA:11,195366059
DA:17,8338
DA:20,8338
DA:21,8338
DA:22,785257
DA:24,3713198
DA:25,9282995
DA:26,1088018
DA:27,4352072
DA:28,1277664
DA:29,7528
DA:30,22584
DA:34,8338
DA:37,8181
DA:38,8181
DA:39,56937
DA:40,1809024
DA:41,855921
DA:44,8181
DA:45,8181
DA:46,7320
DA:47,666800
DA:48,329359
DA:52,8181
DA:55,157
DA:56,157
DA:57,2288
DA:58,12719
DA:59,3634
DA:62,157
DA:63,157
DA:64,8
DA:65,35
DA:66,10
DA:70,157
end_of_record
TN:
SF:/home/eyalsoha/private/pcb2gcode/tile.cpp
FN:29,_ZN6TilingC2ENS_8TileInfoEdi
FNDA:449,_ZN6TilingC2ENS_8TileInfoEdi
FN:32,_ZN6Tiling6headerERSt14basic_ofstreamIcSt11char_traitsIcEE
FNDA:449,_ZN6Tiling6headerERSt14basic_ofstreamIcSt11char_traitsIcEE
FN:55,_ZN6Tiling6footerERSt14basic_ofstreamIcSt11char_traitsIcEE
FNDA:449,_ZN6Tiling6footerERSt14basic_ofstreamIcSt11char_traitsIcEE
FN:81,_ZN6Tiling12tileSequenceERSt14basic_ofstreamIcSt11char_traitsIcEE
FNDA:28,_ZN6Tiling12tileSequenceERSt14basic_ofstreamIcSt11char_traitsIcEE
FN:105,_ZN6Tiling16generateTileInfoERKN5boost15program_options13variables_mapEdd
FNDA:317,_ZN6Tiling16generateTileInfoERKN5boost15program_options13variables_mapEdd
DA:29,449
DA:30,898
DA:32,449
DA:34,449
DA:36,108
DA:38,28
DA:39,28
DA:40,28
DA:42,0
DA:43,0
DA:44,0
DA:45,0
DA:46,0
DA:53,449
DA:55,449
DA:57,449
DA:59,108
DA:61,28
DA:62,28
DA:63,28
DA:64,28
DA:67,0
DA:68,0
DA:69,0
DA:70,0
DA:77,449
DA:78,421
DA:79,449
DA:81,28
DA:83,28
DA:84,28
DA:85,28
DA:87,84
[...]
FNDA:7,_ZN4UnitIN5boost5units4unitINS1_4listINS1_3dimI18rpm_base_dimensionNS1_15static_rationalILl1ELl1EEEEENS1_18dimensionless_typeEEENS1_20heterogeneous_systemINS1_25heterogeneous_system_implINS3_INS1_24heterogeneous_system_dimI13rpm_base_unitS7_EES9_EESA_S9_EEEEvEEE8get_unitER5Lexer
FN:406,_Z10parse_unitI4UnitIN5boost5units4unitINS2_4listINS2_3dimINS2_19time_base_dimensionENS2_15static_rationalILl1ELl1EEEEENS2_18dimensionless_typeEEENS2_18homogeneous_systemINS4_INS2_2si15meter_base_unitENS4_INS2_16scaled_base_unitINS2_3cgs14gram_base_unitENS2_5scaleILl10ENS7_ILl3ELl1EEEEEEENS4_INSD_16second_base_unitENS4_INSD_16ampere_base_unitENS4_INSD_16kelvin_base_unitENS4_INSD_14mole_base_unitENS4_INSD_17candela_base_unitENS4_INS2_5angle16radian_base_unitENS4_INSR_19steradian_base_unitESA_EEEEEEEEEEEEEEEEEEEEvEEEET_RKNSt7__cxx1112basic_stringIcSt11char_traitsIcESaIcEEE
FNDA:11,_Z10parse_unitI4UnitIN5boost5units4unitINS2_4listINS2_3dimINS2_19time_base_dimensionENS2_15static_rationalILl1ELl1EEEEENS2_18dimensionless_typeEEENS2_18homogeneous_systemINS4_INS2_2si15meter_base_unitENS4_INS2_16scaled_base_unitINS2_3cgs14gram_base_unitENS2_5scaleILl10ENS7_ILl3ELl1EEEEEEENS4_INSD_16second_base_unitENS4_INSD_16ampere_base_unitENS4_INSD_16kelvin_base_unitENS4_INSD_14mole_base_unitENS4_INSD_17candela_base_unitENS4_INS2_5angle16radian_base_unitENS4_INSR_19steradian_base_unitESA_EEEEEEEEEEEEEEEEEEEEvEEEET_RKNSt7__cxx1112basic_stringIcSt11char_traitsIcESaIcEEE
FN:406,_Z10parse_unitI4UnitIN5boost5units4unitINS2_4listINS2_3dimINS2_21length_base_dimensionENS2_15static_rationalILl1ELl1EEEEENS4_INS5_INS2_19time_base_dimensionENS7_ILln1ELl1EEEEENS2_18dimensionless_typeEEEEENS2_18homogeneous_systemINS4_INS2_2si15meter_base_unitENS4_INS2_16scaled_base_unitINS2_3cgs14gram_base_unitENS2_5scaleILl10ENS7_ILl3ELl1EEEEEEENS4_INSH_16second_base_unitENS4_INSH_16ampere_base_unitENS4_INSH_16kelvin_base_unitENS4_INSH_14mole_base_unitENS4_INSH_17candela_base_unitENS4_INS2_5angle16radian_base_unitENS4_INSV_19steradian_base_unitESD_EEEEEEEEEEEEEEEEEEEEvEEEET_RKNSt7__cxx1112basic_stringIcSt11char_traitsIcESaIcEEE
FNDA:10,_Z10parse_unitI4UnitIN5boost5units4unitINS2_4listINS2_3dimINS2_21length_base_dimensionENS2_15static_rationalILl1ELl1EEEEENS4_INS5_INS2_19time_base_dimensionENS7_ILln1ELl1EEEEENS2_18dimensionless_typeEEEEENS2_18homogeneous_systemINS4_INS2_2si15meter_base_unitENS4_INS2_16scaled_base_unitINS2_3cgs14gram_base_unitENS2_5scaleILl10ENS7_ILl3ELl1EEEEEEENS4_INSH_16second_base_unitENS4_INSH_16ampere_base_unitENS4_INSH_16kelvin_base_unitENS4_INSH_14mole_base_unitENS4_INSH_17candela_base_unitENS4_INS2_5angle16radian_base_unitENS4_INSV_19steradian_base_unitESD_EEEEEEEEEEEEEEEEEEEEvEEEET_RKNSt7__cxx1112basic_stringIcSt11char_traitsIcESaIcEEE
FN:406,_Z10parse_unitI4UnitIN5boost5units4unitINS2_4listINS2_3dimI18rpm_base_dimensionNS2_15static_rationalILl1ELl1EEEEENS2_18dimensionless_typeEEENS2_20heterogeneous_systemINS2_25heterogeneous_system_implINS4_INS2_24heterogeneous_system_dimI13rpm_base_unitS8_EESA_EESB_SA_EEEEvEEEET_RKNSt7__cxx1112basic_stringIcSt11char_traitsIcESaIcEEE
FNDA:11,_Z10parse_unitI4UnitIN5boost5units4unitINS2_4listINS2_3dimI18rpm_base_dimensionNS2_15static_rationalILl1ELl1EEEEENS2_18dimensionless_typeEEENS2_20heterogeneous_systemINS2_25heterogeneous_system_implINS4_INS2_24heterogeneous_system_dimI13rpm_base_unitS8_EESA_EESB_SA_EEEEvEEEET_RKNSt7__cxx1112basic_stringIcSt11char_traitsIcESaIcEEE
FN:406,_Z10parse_unitI4UnitIN5boost5units4unitINS2_4listINS2_3dimI25revolution_base_dimensionNS2_15static_rationalILl1ELl1EEEEENS2_18dimensionless_typeEEENS2_20heterogeneous_systemINS2_25heterogeneous_system_implINS4_INS2_24heterogeneous_system_dimI20revolution_base_unitS8_EESA_EESB_SA_EEEEvEEEET_RKNSt7__cxx1112basic_stringIcSt11char_traitsIcESaIcEEE
FNDA:10,_Z10parse_unitI4UnitIN5boost5units4unitINS2_4listINS2_3dimI25revolution_base_dimensionNS2_15static_rationalILl1ELl1EEEEENS2_18dimensionless_typeEEENS2_20heterogeneous_systemINS2_25heterogeneous_system_implINS4_INS2_24heterogeneous_system_dimI20revolution_base_unitS8_EESA_EESB_SA_EEEEvEEEET_RKNSt7__cxx1112basic_stringIcSt11char_traitsIcESaIcEEE
FN:406,_Z10parse_unitI4UnitIN5boost5units4unitINS2_4listINS2_3dimINS2_21length_base_dimensionENS2_15static_rationalILl1ELl1EEEEENS2_18dimensionless_typeEEENS2_18homogeneous_systemINS4_INS2_2si15meter_base_unitENS4_INS2_16scaled_base_unitINS2_3cgs14gram_base_unitENS2_5scaleILl10ENS7_ILl3ELl1EEEEEEENS4_INSD_16second_base_unitENS4_INSD_16ampere_base_unitENS4_INSD_16kelvin_base_unitENS4_INSD_14mole_base_unitENS4_INSD_17candela_base_unitENS4_INS2_5angle16radian_base_unitENS4_INSR_19steradian_base_unitESA_EEEEEEEEEEEEEEEEEEEEvEEEET_RKNSt7__cxx1112basic_stringIcSt11char_traitsIcESaIcEEE
FNDA:17,_Z10parse_unitI4UnitIN5boost5units4unitINS2_4listINS2_3dimINS2_21length_base_dimensionENS2_15static_rationalILl1ELl1EEEEENS2_18dimensionless_typeEEENS2_18homogeneous_systemINS4_INS2_2si15meter_base_unitENS4_INS2_16scaled_base_unitINS2_3cgs14gram_base_unitENS2_5scaleILl10ENS7_ILl3ELl1EEEEEEENS4_INSD_16second_base_unitENS4_INSD_16ampere_base_unitENS4_INSD_16kelvin_base_unitENS4_INSD_14mole_base_unitENS4_INSD_17candela_base_unitENS4_INS2_5angle16radian_base_unitENS4_INSR_19steradian_base_unitESA_EEEEEEEEEEEEEEEEEEEEvEEEET_RKNSt7__cxx1112basic_stringIcSt11char_traitsIcESaIcEEE
FN:427,_ZrsIN5boost5units4unitINS1_4listINS1_3dimINS1_21length_base_dimensionENS1_15static_rationalILl1ELl1EEEEENS3_INS4_INS1_19time_base_dimensionENS6_ILln1ELl1EEEEENS1_18dimensionless_typeEEEEENS1_18homogeneous_systemINS3_INS1_2si15meter_base_unitENS3_INS1_16scaled_base_unitINS1_3cgs14gram_base_unitENS1_5scaleILl10ENS6_ILl3ELl1EEEEEEENS3_INSG_16second_base_unitENS3_INSG_16ampere_base_unitENS3_INSG_16kelvin_base_unitENS3_INSG_14mole_base_unitENS3_INSG_17candela_base_unitENS3_INS1_5angle16radian_base_unitENS3_INSU_19steradian_base_unitESC_EEEEEEEEEEEEEEEEEEEEvEEERSiS18_R4UnitIT_E
FNDA:10,_ZrsIN5boost5units4unitINS1_4listINS1_3dimINS1_21length_base_dimensionENS1_15static_rationalILl1ELl1EEEEENS3_INS4_INS1_19time_base_dimensionENS6_ILln1ELl1EEEEENS1_18dimensionless_typeEEEEENS1_18homogeneous_systemINS3_INS1_2si15meter_base_unitENS3_INS1_16scaled_base_unitINS1_3cgs14gram_base_unitENS1_5scaleILl10ENS6_ILl3ELl1EEEEEEENS3_INSG_16second_base_unitENS3_INSG_16ampere_base_unitENS3_INSG_16kelvin_base_unitENS3_INSG_14mole_base_unitENS3_INSG_17candela_base_unitENS3_INS1_5angle16radian_base_unitENS3_INSU_19steradian_base_unitESC_EEEEEEEEEEEEEEEEEEEEvEEERSiS18_R4UnitIT_E
FN:427,_ZrsIN5boost5units4unitINS1_4listINS1_3dimI18rpm_base_dimensionNS1_15static_rationalILl1ELl1EEEEENS1_18dimensionless_typeEEENS1_20heterogeneous_systemINS1_25heterogeneous_system_implINS3_INS1_24heterogeneous_system_dimI13rpm_base_unitS7_EES9_EESA_S9_EEEEvEEERSiSK_R4UnitIT_E
FNDA:11,_ZrsIN5boost5units4unitINS1_4listINS1_3dimI18rpm_base_dimensionNS1_15static_rationalILl1ELl1EEEEENS1_18dimensionless_typeEEENS1_20heterogeneous_systemINS1_25heterogeneous_system_implINS3_INS1_24heterogeneous_system_dimI13rpm_base_unitS7_EES9_EESA_S9_EEEEvEEERSiSK_R4UnitIT_E
FN:427,_ZrsIN5boost5units4unitINS1_4listINS1_3dimI25revolution_base_dimensionNS1_15static_rationalILl1ELl1EEEEENS1_18dimensionless_typeEEENS1_20heterogeneous_systemINS1_25heterogeneous_system_implINS3_INS1_24heterogeneous_system_dimI20revolution_base_unitS7_EES9_EESA_S9_EEEEvEEERSiSK_R4UnitIT_E
FNDA:10,_ZrsIN5boost5units4unitINS1_4listINS1_3dimI25revolution_base_dimensionNS1_15static_rationalILl1ELl1EEEEENS1_18dimensionless_typeEEENS1_20heterogeneous_systemINS1_25heterogeneous_system_implINS3_INS1_24heterogeneous_system_dimI20revolution_base_unitS7_EES9_EESA_S9_EEEEvEEERSiSK_R4UnitIT_E
FN:427,_ZrsIN5boost5units4unitINS1_4listINS1_3dimINS1_19time_base_dimensionENS1_15static_rationalILl1ELl1EEEEENS1_18dimensionless_typeEEENS1_18homogeneous_systemINS3_INS1_2si15meter_base_unitENS3_INS1_16scaled_base_unitINS1_3cgs14gram_base_unitENS1_5scaleILl10ENS6_ILl3ELl1EEEEEEENS3_INSC_16second_base_unitENS3_INSC_16ampere_base_unitENS3_INSC_16kelvin_base_unitENS3_INSC_14mole_base_unitENS3_INSC_17candela_base_unitENS3_INS1_5angle16radian_base_unitENS3_INSQ_19steradian_base_unitES9_EEEEEEEEEEEEEEEEEEEEvEEERSiS14_R4UnitIT_E
FNDA:11,_ZrsIN5boost5units4unitINS1_4listINS1_3dimINS1_19time_base_dimensionENS1_15static_rationalILl1ELl1EEEEENS1_18dimensionless_typeEEENS1_18homogeneous_systemINS3_INS1_2si15meter_base_unitENS3_INS1_16scaled_base_unitINS1_3cgs14gram_base_unitENS1_5scaleILl10ENS6_ILl3ELl1EEEEEEENS3_INSC_16second_base_unitENS3_INSC_16ampere_base_unitENS3_INSC_16kelvin_base_unitENS3_INSC_14mole_base_unitENS3_INSC_17candela_base_unitENS3_INS1_5angle16radian_base_unitENS3_INSQ_19steradian_base_unitES9_EEEEEEEEEEEEEEEEEEEEvEEERSiS14_R4UnitIT_E
FN:427,_ZrsIN5boost5units4unitINS1_4listINS1_3dimINS1_21length_base_dimensionENS1_15static_rationalILl1ELl1EEEEENS1_18dimensionless_typeEEENS1_18homogeneous_systemINS3_INS1_2si15meter_base_unitENS3_INS1_16scaled_base_unitINS1_3cgs14gram_base_unitENS1_5scaleILl10ENS6_ILl3ELl1EEEEEEENS3_INSC_16second_base_unitENS3_INSC_16ampere_base_unitENS3_INSC_16kelvin_base_unitENS3_INSC_14mole_base_unitENS3_INSC_17candela_base_unitENS3_INS1_5angle16radian_base_unitENS3_INSQ_19steradian_base_unitES9_EEEEEEEEEEEEEEEEEEEEvEEERSiS14_R4UnitIT_E
FNDA:17,_ZrsIN5boost5units4unitINS1_4listINS1_3dimINS1_21length_base_dimensionENS1_15static_rationalILl1ELl1EEEEENS1_18dimensionless_typeEEENS1_18homogeneous_systemINS3_INS1_2si15meter_base_unitENS3_INS1_16scaled_base_unitINS1_3cgs14gram_base_unitENS1_5scaleILl10ENS6_ILl3ELl1EEEEEEENS3_INSC_16second_base_unitENS3_INSC_16ampere_base_unitENS3_INSC_16kelvin_base_unitENS3_INSC_14mole_base_unitENS3_INSC_17candela_base_unitENS3_INS1_5angle16radian_base_unitENS3_INSQ_19steradian_base_unitES9_EEEEEEEEEEEEEEEEEEEEvEEERSiS14_R4UnitIT_E
FN:605,_ZN17MillFeedDirectionrsERSiRNS_17MillFeedDirectionE
FNDA:6,_ZN17MillFeedDirectionrsERSiRNS_17MillFeedDirectionE
DA:21,42
DA:22,21
DA:23,21
DA:28,21
DA:30,42
DA:37,4
DA:38,2
DA:39,2
DA:41,0
DA:43,2
DA:51,118
DA:53,59
DA:55,215
DA:57,56
DA:58,56
DA:59,56
DA:61,59
DA:62,59
DA:63,59
DA:64,0
DA:65,65
DA:66,59
DA:67,59
DA:68,12
DA:69,6
DA:72,9
DA:73,9
DA:74,22
DA:75,2
DA:77,7
DA:86,91
DA:93,271
DA:94,271
DA:95,550
DA:96,279
DA:98,271
DA:93,59
DA:94,59
DA:95,208
DA:96,149
DA:98,59
DA:102,12
DA:103,12
DA:104,7
DA:105,7
DA:121,442
DA:125,194
DA:130,1
DA:131,2
DA:132,0
DA:134,1
DA:136,1
DA:138,2
DA:139,2
DA:140,6
DA:142,0
DA:143,4
DA:144,0
DA:145,4
DA:146,6
DA:148,3
DA:164,32
DA:166,7
DA:168,100
DA:231,74
DA:233,97
DA:235,27
DA:237,23
DA:238,46
DA:239,23
DA:240,23
DA:241,9
DA:242,14
DA:244,9
DA:245,9
DA:246,8
DA:247,3
DA:249,8
DA:250,8
DA:251,5
DA:252,3
DA:254,5
DA:255,4
DA:256,9
DA:257,4
DA:258,1
DA:260,4
DA:268,34
DA:270,55
DA:272,18
DA:277,15
DA:278,30
DA:279,15
DA:280,15
DA:281,13
DA:282,2
DA:284,13
DA:285,11
DA:286,24
DA:287,11
DA:288,2
DA:290,11
DA:291,6
DA:292,17
DA:293,5
DA:294,8
DA:296,3
DA:301,26
DA:303,48
DA:305,15
DA:307,11
DA:308,17
DA:309,11
DA:310,11
DA:311,10
DA:312,9
DA:313,9
DA:314,9
DA:315,19
DA:316,8
DA:317,10
DA:319,18
DA:324,34
DA:326,51
DA:328,18
DA:330,9
DA:332,9
DA:333,9
DA:334,9
DA:335,7
DA:336,5
DA:337,10
DA:345,8
DA:349,32
DA:351,54
DA:353,18
DA:355,7
DA:357,7
DA:358,14
DA:359,7
DA:360,6
DA:361,4
DA:363,5
DA:365,5
DA:366,5
DA:367,5
DA:368,2
DA:369,2
DA:370,2
DA:406,11
DA:407,11
DA:409,38
DA:411,11
DA:412,9
DA:413,9
DA:414,8
DA:416,10
DA:417,10
DA:419,6
DA:420,6
DA:421,0
DA:423,23
DA:406,10
DA:407,10
DA:409,34
DA:411,10
DA:412,10
DA:413,10
DA:414,9
DA:416,8
DA:417,8
DA:419,6
DA:420,6
DA:421,0
DA:423,25
DA:406,11
DA:407,11
DA:409,38
DA:411,11
DA:412,9
DA:413,9
DA:414,7
DA:416,10
DA:417,10
DA:419,6
DA:420,6
DA:421,0
DA:423,23
DA:406,10
DA:407,10
DA:409,35
DA:411,10
DA:412,8
DA:413,8
DA:414,6
DA:416,10
DA:417,10
DA:419,5
DA:420,5
DA:421,0
DA:423,18
DA:406,17
DA:407,17
DA:409,54
DA:411,17
DA:412,17
DA:413,17
DA:414,14
DA:416,4
DA:417,4
DA:419,15
DA:420,15
DA:421,2
DA:423,53
DA:427,10
DA:428,30
DA:429,16
DA:430,8
DA:427,11
DA:428,33
DA:429,17
DA:430,7
DA:427,10
DA:428,30
DA:429,15
DA:430,5
DA:427,11
DA:428,33
DA:429,17
DA:430,6
DA:427,17
DA:428,51
DA:429,31
DA:430,14
DA:605,6
DA:606,18
DA:607,17
DA:608,11
DA:609,2
DA:610,11
DA:611,11
DA:612,7
DA:613,2
DA:614,3
DA:615,1
DA:617,1
DA:619,6
end_of_record
TN:
SF:/home/eyalsoha/private/pcb2gcode/outline_bridges.cpp
FN:38,_Z17intermediatePointSt4pairIddES0_d
FNDA:0,_Z17intermediatePointSt4pairIddES0_d
FN:47,_Z13insertBridgesSt10shared_ptrISt6vectorISt4pairIddESaIS2_EEERKSt3setImSt4lessImESaImEEd
FNDA:188,_Z13insertBridgesSt10shared_ptrISt6vectorISt4pairIddESaIS2_EEERKSt3setImSt4lessImESaImEEd
FN:76,_ZL19min_clique_distanceRKSt3setImSt4lessImESaImEERKSt3mapImSt4pairIddES1_SaIS7_IKmS8_EEERSt6vectorImS2_E
FNDA:332,_ZL19min_clique_distanceRKSt3setImSt4lessImESaImEERKSt3mapImSt4pairIddES1_SaIS7_IKmS8_EEERSt6vectorImS2_E
FN:95,_ZL22min_distance_to_cliqueSt4pairIddERKSt6vectorImSaImEERKSt3setImSt4lessImES2_ERKSt3mapImS0_S8_SaIS_IKmS0_EEE
FNDA:3844,_ZL22min_distance_to_cliqueSt4pairIddERKSt6vectorImSaImEERKSt3setImSt4lessImES2_ERKSt3mapImS0_S8_SaIS_IKmS0_EEE
FN:126,_Z18findBridgeSegmentsSt10shared_ptrISt6vectorISt4pairIddESaIS2_EEEmd
FNDA:188,_Z18findBridgeSegmentsSt10shared_ptrISt6vectorISt4pairIddESaIS2_EEEmd
FN:190,_ZN15outline_bridges11makeBridgesERSt10shared_ptrISt6vectorISt4pairIddESaIS3_EEEmd
FNDA:188,_ZN15outline_bridges11makeBridgesERSt10shared_ptrISt6vectorISt4pairIddESaIS3_EEEmd
DA:38,0
DA:39,4104
DA:40,1368
DA:47,188
DA:48,752
DA:49,940
DA:50,564
DA:52,188
DA:53,644
DA:55,228
DA:56,456
DA:57,456
DA:58,228
DA:60,684
DA:63,456
DA:66,1368
DA:67,228
DA:70,248
DA:76,332
DA:79,332
DA:80,1988
DA:81,3428
DA:82,4208
DA:83,2104
DA:84,576
DA:85,576
DA:86,1152
DA:90,332
DA:95,3844
DA:99,11532
DA:100,27080
DA:101,15548
DA:102,46644
DA:103,62192
DA:106,46816
DA:107,14728
DA:111,3844
DA:126,188
DA:127,188
DA:128,128
DA:132,60
DA:133,2052
DA:134,3984
DA:135,1992
DA:138,6384
DA:139,1824
DA:140,912
DA:145,120
DA:146,408
DA:147,528
DA:150,228
DA:153,180
DA:154,196
DA:158,196
DA:159,196
DA:160,196
DA:161,196
DA:162,196
DA:163,196
DA:164,5208
DA:165,4620
DA:167,776
DA:170,11532
DA:171,15376
DA:172,15376
DA:173,864
DA:174,864
DA:175,864
DA:176,864
DA:180,196
DA:183,136
DA:184,136
DA:185,136
DA:187,120
DA:190,188
DA:191,564
end_of_record
TN:
SF:/home/eyalsoha/private/pcb2gcode/gerberimporter_tests.cpp
FN:38,_ZN20gerberimporter_tests20create_cairo_surfaceEdd
FNDA:0,_ZN20gerberimporter_tests20create_cairo_surfaceEdd
FN:44,_ZN20gerberimporter_tests12cairo_renderERK14GerberImporterN5Cairo6RefPtrINS3_12ImageSurfaceEEEjddRK9_GdkColorRK20gerbv_render_types_t
FNDA:19,_ZN20gerberimporter_tests12cairo_renderERK14GerberImporterN5Cairo6RefPtrINS3_12ImageSurfaceEEEjddRK9_GdkColorRK20gerbv_render_types_t
FN:68,_ZN20gerberimporter_tests18bitmap_from_gerberERK14GerberImporterddN5Cairo6RefPtrINS3_12ImageSurfaceEEE
FNDA:19,_ZN20gerberimporter_tests18bitmap_from_gerberERK14GerberImporterddN5Cairo6RefPtrINS3_12ImageSurfaceEEE
FN:78,_ZN20gerberimporter_tests10render_svgB5cxx11ERKN5boost8geometry5model13multi_polygonINS2_7polygonINS2_2d28point_xyIdNS1_2cs9cartesianEEELb1ELb1ESt6vectorSA_SaSaEESA_SaEEddd
FNDA:21,_ZN20gerberimporter_tests10render_svgB5cxx11ERKN5boost8geometry5model13multi_polygonINS2_7polygonINS2_2d28point_xyIdNS1_2cs9cartesianEEELb1ELb1ESt6vectorSA_SaSaEESA_SaEEddd
FN:110,_ZN20gerberimporter_tests24boost_bitmap_from_gerberERKN5boost8geometry5model13multi_polygonINS2_7polygonINS2_2d28point_xyIdNS1_2cs9cartesianEEELb1ELb1ESt6vectorSA_SaSaEESA_SaEEdddN5Cairo6RefPtrINSF_12ImageSurfaceEEE
FNDA:21,_ZN20gerberimporter_tests24boost_bitmap_from_gerberERKN5boost8geometry5model13multi_polygonINS2_7polygonINS2_2d28point_xyIdNS1_2cs9cartesianEEELb1ELb1ESt6vectorSA_SaSaEESA_SaEEdddN5Cairo6RefPtrINSF_12ImageSurfaceEEE
FN:126,_ZN20gerberimporter_tests10get_countsERKN5Cairo6RefPtrINS0_12ImageSurfaceEEE
FNDA:21,_ZN20gerberimporter_tests10get_countsERKN5Cairo6RefPtrINS0_12ImageSurfaceEEE
FN:160,_ZN20gerberimporter_tests12write_to_pngEN5Cairo6RefPtrINS0_12ImageSurfaceEEERKNSt7__cxx1112basic_stringIcSt11char_traitsIcESaIcEEE
FNDA:21,_ZN20gerberimporter_tests12write_to_pngEN5Cairo6RefPtrINS0_12ImageSurfaceEEERKNSt7__cxx1112basic_stringIcSt11char_traitsIcESaIcEEE
FN:170,_ZN20gerberimporter_tests8test_oneERKNSt7__cxx1112basic_stringIcSt11char_traitsIcESaIcEEEd
FNDA:19,_ZN20gerberimporter_tests8test_oneERKNSt7__cxx1112basic_stringIcSt11char_traitsIcESaIcEEEd
FN:218,_ZN20gerberimporter_tests11test_visualERKNSt7__cxx1112basic_stringIcSt11char_traitsIcESaIcEEEbdd
FNDA:2,_ZN20gerberimporter_tests11test_visualERKNSt7__cxx1112basic_stringIcSt11char_traitsIcESaIcEEEbdd
FN:260,_ZN20gerberimporter_tests11all_gerbers11test_methodEv
FNDA:1,_ZN20gerberimporter_tests11all_gerbers11test_methodEv
FN:260,_ZN20gerberimporter_testsL19all_gerbers_invokerEv
FNDA:1,_ZN20gerberimporter_testsL19all_gerbers_invokerEv
FN:291,_ZN20gerberimporter_tests16gerbv_exceptions11test_methodEv
FNDA:1,_ZN20gerberimporter_tests16gerbv_exceptions11test_methodEv
FN:291,_ZN20gerberimporter_testsL24gerbv_exceptions_invokerEv
FNDA:1,_ZN20gerberimporter_testsL24gerbv_exceptions_invokerEv
DA:22,2
DA:23,2
DA:38,0
DA:39,21
DA:41,0
DA:44,19
DA:47,19
DA:49,19
DA:50,19
DA:51,19
DA:52,19
DA:53,19
DA:54,19
DA:55,19
DA:56,19
DA:58,19
DA:60,57
DA:61,57
DA:64,19
DA:68,19
DA:71,19
DA:75,38
DA:76,19
DA:78,21
DA:79,21
DA:80,21
DA:81,21
DA:82,21
DA:83,42
DA:84,42
DA:85,21
DA:86,21
DA:87,42
DA:88,21
DA:89,21
DA:90,42
DA:92,42
DA:93,21
DA:94,42
DA:95,21
DA:98,42
DA:99,21
DA:100,42
DA:101,21
DA:102,21
DA:103,21
DA:104,63
DA:106,21
DA:110,21
DA:112,21
DA:114,21
DA:115,42
DA:118,63
DA:120,63
DA:121,21
DA:122,21
DA:126,21
DA:127,21
DA:129,21
DA:130,21
DA:131,21
DA:132,21
DA:133,91591
DA:134,546662060
DA:135,546570490
DA:136,546570490
DA:137,376813337
DA:138,376813337
DA:139,169757153
DA:140,165381883
DA:141,165263578
DA:143,165263578
DA:144,4493575
DA:145,118305
DA:146,118305
DA:147,4375270
DA:148,4375270
DA:149,4375270
DA:153,21
DA:154,21
DA:155,21
DA:156,21
DA:157,21
DA:160,21
DA:161,21
DA:162,21
DA:163,0
DA:164,0
DA:166,72
DA:170,19
DA:171,19
DA:172,19
DA:173,19
DA:174,38
DA:175,57
DA:176,38
DA:177,19
DA:178,19
DA:179,38
DA:180,38
DA:181,38
DA:182,38
DA:183,38
DA:184,38
DA:185,38
DA:186,38
DA:187,19
DA:188,114
DA:189,57
DA:193,19
DA:194,19
DA:195,19
DA:196,19
DA:197,19
DA:198,19
DA:201,19
DA:202,19
DA:203,19
DA:204,19
DA:205,19
DA:206,19
DA:207,19
DA:208,19
DA:209,19
DA:210,19
DA:211,57
DA:212,38
DA:213,19
DA:218,2
DA:219,2
DA:220,2
DA:221,2
DA:222,4
DA:223,6
DA:224,4
DA:225,2
DA:226,2
DA:227,2
DA:228,2
DA:229,2
DA:230,2
DA:231,4
DA:232,4
DA:233,4
DA:234,2
DA:235,12
DA:236,6
DA:237,2
DA:238,2
DA:239,2
DA:240,4
DA:241,4
DA:242,4
DA:243,4
DA:246,2
DA:247,2
DA:248,2
DA:249,2
DA:250,2
DA:251,2
DA:252,2
DA:253,2
DA:254,2
DA:255,6
DA:256,6
DA:257,4
DA:258,2
DA:260,1
DA:261,1
DA:262,1
DA:263,0
DA:264,0
DA:267,3
DA:268,2
DA:269,3
DA:270,3
DA:271,3
DA:272,3
DA:273,3
DA:274,2
DA:275,2
DA:276,2
DA:277,2
DA:278,2
DA:279,2
DA:280,3
DA:281,3
DA:282,3
DA:283,2
DA:284,2
DA:285,2
DA:287,3
DA:288,2
DA:260,2
DA:291,1
DA:292,2
DA:293,3
DA:294,1
DA:291,2
end_of_record
SF:/home/eyalsoha/private/pcb2gcode/gerberimporter.hpp
FN:66,_ZNK14GerberImporter11get_projectEv
FNDA:0,_ZNK14GerberImporter11get_projectEv
DA:66,0
DA:67,38
end_of_record
TN:
SF:/home/eyalsoha/private/pcb2gcode/segmentize.cpp
FN:26,_ZN10segmentize10segmentizeERKSt6vectorIN5boost7polygon12segment_dataIlEESaIS4_EERKS0_IbSaIbEE
FNDA:8188,_ZN10segmentize10segmentizeERKSt6vectorIN5boost7polygon12segment_dataIlEESaIS4_EERKS0_IbSaIbEE
DA:13,199124
DA:26,8188
DA:28,8188
DA:29,24564
DA:30,8188
DA:31,909043
DA:32,884479
DA:33,884479
DA:34,1768958
DA:35,884479
DA:37,66167
DA:38,66167
DA:39,132334
DA:40,132334
DA:41,132334
DA:42,132334
DA:43,66167
DA:44,33395
DA:46,67064
DA:47,67064
DA:48,67064
DA:52,24564
DA:53,24564
DA:54,32752
DA:56,15216
end_of_record
